

================================================================
== Vitis HLS Report for 'matmul_Pipeline_readB'
================================================================
* Date:           Thu Jun 30 11:58:06 2022

* Version:        2021.2 (Build 3367213 on Tue Oct 19 02:47:39 MDT 2021)
* Project:        matmul
* Solution:       solution (Vitis Kernel Flow Target)
* Product family: zynq
* Target device:  xc7z045-ffg900-2


================================================================
== Performance Estimates
================================================================
+ Timing: 
    * Summary: 
    +--------+----------+----------+------------+
    |  Clock |  Target  | Estimated| Uncertainty|
    +--------+----------+----------+------------+
    |ap_clk  |  10.00 ns|  7.300 ns|     2.70 ns|
    +--------+----------+----------+------------+

+ Latency: 
    * Summary: 
    +---------+---------+----------+----------+-----+-----+---------+
    |  Latency (cycles) |  Latency (absolute) |  Interval | Pipeline|
    |   min   |   max   |    min   |    max   | min | max |   Type  |
    +---------+---------+----------+----------+-----+-----+---------+
    |      515|      515|  5.150 us|  5.150 us|  515|  515|       no|
    +---------+---------+----------+----------+-----+-----+---------+

    + Detail: 
        * Instance: 
        N/A

        * Loop: 
        +----------+---------+---------+----------+-----------+-----------+------+----------+
        |          |  Latency (cycles) | Iteration|  Initiation Interval  | Trip |          |
        | Loop Name|   min   |   max   |  Latency |  achieved |   target  | Count| Pipelined|
        +----------+---------+---------+----------+-----------+-----------+------+----------+
        |- readB   |      513|      513|         4|          2|          1|   256|       yes|
        +----------+---------+---------+----------+-----------+-----------+------+----------+

============================================================
+ Verbose Summary: Synthesis Manager
============================================================
InlineROM: 1
ExposeGlobal: 0
============================================================
+ Verbose Summary: CDFG Model
============================================================
IsTopModel: 0
ResetActiveHigh: 1
IsCombinational: 0
IsDatapathOnly: 0
HasWiredReturn: 1
HasMFsm: 2
HasVarLatency: 1
IsPipeline: 0
IsRtlPipelined: 0
IsInstanceOverlapped: 0
IsDontTouch: 0
HasImplIP: 0
IsGatedGlobalClock: 0

+ Individual pipeline summary: 
  * Pipeline-0: initiation interval (II) = 2, depth = 4


============================================================
+ Verbose Summary: Schedule
============================================================
* Number of FSM states : 4
* Pipeline : 1
  Pipeline-0 : II = 2, D = 4, States = { 1 2 3 4 }
* Dataflow Pipeline: 0

* FSM state transitions: 
1 --> 2 
2 --> 3 
3 --> 4 
4 --> 

* FSM state operations: 

State 1 <SV = 0> <Delay = 2.92>
ST_1 : Operation 7 [1/1] (0.00ns)   --->   "%shiftreg2 = alloca i32 1"   --->   Operation 7 'alloca' 'shiftreg2' <Predicate = true> <Delay = 0.00>
ST_1 : Operation 8 [1/1] (0.00ns)   --->   "%j = alloca i32 1"   --->   Operation 8 'alloca' 'j' <Predicate = true> <Delay = 0.00>
ST_1 : Operation 9 [1/1] (0.00ns)   --->   "%i = alloca i32 1"   --->   Operation 9 'alloca' 'i' <Predicate = true> <Delay = 0.00>
ST_1 : Operation 10 [1/1] (0.00ns)   --->   "%itr_1 = alloca i32 1"   --->   Operation 10 'alloca' 'itr_1' <Predicate = true> <Delay = 0.00>
ST_1 : Operation 11 [1/1] (0.00ns)   --->   "%sext_ln45_read = read i27 @_ssdm_op_Read.ap_auto.i27, i27 %sext_ln45"   --->   Operation 11 'read' 'sext_ln45_read' <Predicate = true> <Delay = 0.00>
ST_1 : Operation 12 [1/1] (0.00ns)   --->   "%sext_ln45_cast = sext i27 %sext_ln45_read"   --->   Operation 12 'sext' 'sext_ln45_cast' <Predicate = true> <Delay = 0.00>
ST_1 : Operation 13 [1/1] (0.00ns)   --->   "%specinterface_ln0 = specinterface void @_ssdm_op_SpecInterface, i256 %gmem1, void @empty_2, i32 0, i32 0, void @empty_3, i32 64, i32 0, void @empty_9, void @empty_5, void @empty_3, i32 16, i32 16, i32 16, i32 16, void @empty_3, void @empty_3"   --->   Operation 13 'specinterface' 'specinterface_ln0' <Predicate = true> <Delay = 0.00>
ST_1 : Operation 14 [1/1] (1.29ns)   --->   "%store_ln0 = store i9 0, i9 %itr_1"   --->   Operation 14 'store' 'store_ln0' <Predicate = true> <Delay = 1.29>
ST_1 : Operation 15 [1/1] (1.29ns)   --->   "%store_ln0 = store i32 0, i32 %i"   --->   Operation 15 'store' 'store_ln0' <Predicate = true> <Delay = 1.29>
ST_1 : Operation 16 [1/1] (1.29ns)   --->   "%store_ln0 = store i9 0, i9 %j"   --->   Operation 16 'store' 'store_ln0' <Predicate = true> <Delay = 1.29>
ST_1 : Operation 17 [1/1] (1.29ns)   --->   "%store_ln0 = store i496 0, i496 %shiftreg2"   --->   Operation 17 'store' 'store_ln0' <Predicate = true> <Delay = 1.29>
ST_1 : Operation 18 [1/1] (0.00ns)   --->   "%br_ln0 = br void"   --->   Operation 18 'br' 'br_ln0' <Predicate = true> <Delay = 0.00>
ST_1 : Operation 19 [1/1] (0.00ns)   --->   "%itr = load i9 %itr_1"   --->   Operation 19 'load' 'itr' <Predicate = true> <Delay = 0.00>
ST_1 : Operation 20 [1/1] (1.62ns)   --->   "%icmp_ln45 = icmp_eq  i9 %itr, i9 256" [/home/mdu/Desktop/work_repo/work_prj/matmul_kernels/src/krnl_matrixmul.cpp:45]   --->   Operation 20 'icmp' 'icmp_ln45' <Predicate = true> <Delay = 1.62> <CoreInst = "Cmp">   --->   Core 9 'Cmp' <Latency = 0> <II = 1> <Delay = 0.97> <FuncUnit> <Opcode : 'icmp'> <InPorts = 2> <OutPorts = 1>
ST_1 : Operation 21 [1/1] (1.36ns)   --->   "%add_ln45 = add i9 %itr, i9 1" [/home/mdu/Desktop/work_repo/work_prj/matmul_kernels/src/krnl_matrixmul.cpp:45]   --->   Operation 21 'add' 'add_ln45' <Predicate = true> <Delay = 1.36> <CoreInst = "Adder">   --->   Core 1 'Adder' <Latency = 0> <II = 1> <Delay = 1.36> <FuncUnit> <Opcode : 'add' 'sub'> <InPorts = 2> <OutPorts = 1>
ST_1 : Operation 22 [1/1] (0.00ns)   --->   "%br_ln45 = br i1 %icmp_ln45, void %.split14, void %.preheader.preheader.preheader.exitStub" [/home/mdu/Desktop/work_repo/work_prj/matmul_kernels/src/krnl_matrixmul.cpp:45]   --->   Operation 22 'br' 'br_ln45' <Predicate = true> <Delay = 0.00>
ST_1 : Operation 23 [1/1] (0.00ns)   --->   "%empty_28 = trunc i9 %itr"   --->   Operation 23 'trunc' 'empty_28' <Predicate = (!icmp_ln45)> <Delay = 0.00>
ST_1 : Operation 24 [1/1] (0.97ns)   --->   "%icmp_ln51 = icmp_eq  i5 %empty_28, i5 0" [/home/mdu/Desktop/work_repo/work_prj/matmul_kernels/src/krnl_matrixmul.cpp:51]   --->   Operation 24 'icmp' 'icmp_ln51' <Predicate = (!icmp_ln45)> <Delay = 0.97> <CoreInst = "Cmp">   --->   Core 9 'Cmp' <Latency = 0> <II = 1> <Delay = 0.97> <FuncUnit> <Opcode : 'icmp'> <InPorts = 2> <OutPorts = 1>
ST_1 : Operation 25 [1/1] (1.29ns)   --->   "%store_ln45 = store i9 %add_ln45, i9 %itr_1" [/home/mdu/Desktop/work_repo/work_prj/matmul_kernels/src/krnl_matrixmul.cpp:45]   --->   Operation 25 'store' 'store_ln45' <Predicate = (!icmp_ln45)> <Delay = 1.29>

State 2 <SV = 1> <Delay = 7.30>
ST_2 : Operation 26 [1/1] (0.00ns)   --->   "%specbitsmap_ln0 = specbitsmap void @_ssdm_op_SpecBitsMap, i256 %gmem1"   --->   Operation 26 'specbitsmap' 'specbitsmap_ln0' <Predicate = true> <Delay = 0.00>
ST_2 : Operation 27 [1/1] (0.00ns)   --->   "%gmem1_addr = getelementptr i256 %gmem1, i32 %sext_ln45_cast" [/home/mdu/Desktop/work_repo/work_prj/matmul_kernels/src/krnl_matrixmul.cpp:45]   --->   Operation 27 'getelementptr' 'gmem1_addr' <Predicate = true> <Delay = 0.00>
ST_2 : Operation 28 [1/1] (0.00ns)   --->   "%specpipeline_ln0 = specpipeline void @_ssdm_op_SpecPipeline, i32 4294967295, i32 0, i32 1, i32 0, void @p_str"   --->   Operation 28 'specpipeline' 'specpipeline_ln0' <Predicate = true> <Delay = 0.00>
ST_2 : Operation 29 [1/1] (0.00ns)   --->   "%empty = speclooptripcount i32 @_ssdm_op_SpecLoopTripCount, i64 256, i64 256, i64 256"   --->   Operation 29 'speclooptripcount' 'empty' <Predicate = true> <Delay = 0.00>
ST_2 : Operation 30 [1/1] (7.30ns)   --->   "%gmem1_addr_read = read i256 @_ssdm_op_Read.m_axi.p1i256, i256 %gmem1_addr" [/home/mdu/Desktop/work_repo/work_prj/matmul_kernels/src/krnl_matrixmul.cpp:51]   --->   Operation 30 'read' 'gmem1_addr_read' <Predicate = (!icmp_ln45 & icmp_ln51)> <Delay = 7.30> <CoreInst = "m_axi">   --->   Core 113 'm_axi' <Latency = 6> <II = 1> <Delay = 1.00> <Adapter> <Opcode : 'read' 'write' 'readreq' 'writereq' 'writeresp'>
ST_2 : Operation 59 [1/1] (0.00ns)   --->   "%ret_ln0 = ret"   --->   Operation 59 'ret' 'ret_ln0' <Predicate = (icmp_ln45)> <Delay = 0.00>

State 3 <SV = 2> <Delay = 7.30>
ST_3 : Operation 31 [1/1] (0.00ns)   --->   "%shiftreg2_load = load i496 %shiftreg2"   --->   Operation 31 'load' 'shiftreg2_load' <Predicate = (!icmp_ln45)> <Delay = 0.00>
ST_3 : Operation 32 [1/1] (0.00ns)   --->   "%shiftreg2_cast = zext i496 %shiftreg2_load"   --->   Operation 32 'zext' 'shiftreg2_cast' <Predicate = (!icmp_ln45)> <Delay = 0.00>
ST_3 : Operation 33 [1/1] (1.29ns)   --->   "%br_ln51 = br i1 %icmp_ln51, void %.split14._crit_edge, void" [/home/mdu/Desktop/work_repo/work_prj/matmul_kernels/src/krnl_matrixmul.cpp:51]   --->   Operation 33 'br' 'br_ln51' <Predicate = (!icmp_ln45)> <Delay = 1.29>
ST_3 : Operation 34 [1/1] (7.30ns)   --->   "%gmem1_addr_read_1 = read i256 @_ssdm_op_Read.m_axi.p1i256, i256 %gmem1_addr" [/home/mdu/Desktop/work_repo/work_prj/matmul_kernels/src/krnl_matrixmul.cpp:51]   --->   Operation 34 'read' 'gmem1_addr_read_1' <Predicate = (!icmp_ln45 & icmp_ln51)> <Delay = 7.30> <CoreInst = "m_axi">   --->   Core 113 'm_axi' <Latency = 6> <II = 1> <Delay = 1.00> <Adapter> <Opcode : 'read' 'write' 'readreq' 'writereq' 'writeresp'>

State 4 <SV = 3> <Delay = 6.67>
ST_4 : Operation 35 [1/1] (0.00ns)   --->   "%j_load = load i9 %j" [/home/mdu/Desktop/work_repo/work_prj/matmul_kernels/src/krnl_matrixmul.cpp:47]   --->   Operation 35 'load' 'j_load' <Predicate = (!icmp_ln45)> <Delay = 0.00>
ST_4 : Operation 36 [1/1] (0.00ns)   --->   "%i_load = load i32 %i" [/home/mdu/Desktop/work_repo/work_prj/matmul_kernels/src/krnl_matrixmul.cpp:49]   --->   Operation 36 'load' 'i_load' <Predicate = (!icmp_ln45)> <Delay = 0.00>
ST_4 : Operation 37 [1/1] (0.00ns)   --->   "%specloopname_ln45 = specloopname void @_ssdm_op_SpecLoopName, void @empty_11" [/home/mdu/Desktop/work_repo/work_prj/matmul_kernels/src/krnl_matrixmul.cpp:45]   --->   Operation 37 'specloopname' 'specloopname_ln45' <Predicate = (!icmp_ln45)> <Delay = 0.00>
ST_4 : Operation 38 [1/1] (1.62ns)   --->   "%icmp_ln47 = icmp_eq  i9 %j_load, i9 16" [/home/mdu/Desktop/work_repo/work_prj/matmul_kernels/src/krnl_matrixmul.cpp:47]   --->   Operation 38 'icmp' 'icmp_ln47' <Predicate = (!icmp_ln45)> <Delay = 1.62> <CoreInst = "Cmp">   --->   Core 9 'Cmp' <Latency = 0> <II = 1> <Delay = 0.97> <FuncUnit> <Opcode : 'icmp'> <InPorts = 2> <OutPorts = 1>
ST_4 : Operation 39 [1/1] (1.89ns)   --->   "%add_ln49 = add i32 %i_load, i32 1" [/home/mdu/Desktop/work_repo/work_prj/matmul_kernels/src/krnl_matrixmul.cpp:49]   --->   Operation 39 'add' 'add_ln49' <Predicate = (!icmp_ln45)> <Delay = 1.89> <CoreInst = "Adder">   --->   Core 1 'Adder' <Latency = 0> <II = 1> <Delay = 1.36> <FuncUnit> <Opcode : 'add' 'sub'> <InPorts = 2> <OutPorts = 1>
ST_4 : Operation 40 [1/1] (0.72ns)   --->   "%j_3 = select i1 %icmp_ln47, i9 0, i9 %j_load" [/home/mdu/Desktop/work_repo/work_prj/matmul_kernels/src/krnl_matrixmul.cpp:47]   --->   Operation 40 'select' 'j_3' <Predicate = (!icmp_ln45)> <Delay = 0.72> <CoreInst = "Sel">   --->   Core 73 'Sel' <Latency = 0> <II = 1> <Delay = 0.70> <FuncUnit> <Opcode : 'select'> <InPorts = 3> <OutPorts = 1>
ST_4 : Operation 41 [1/1] (0.00ns)   --->   "%trunc_ln47 = trunc i9 %j_3" [/home/mdu/Desktop/work_repo/work_prj/matmul_kernels/src/krnl_matrixmul.cpp:47]   --->   Operation 41 'trunc' 'trunc_ln47' <Predicate = (!icmp_ln45)> <Delay = 0.00>
ST_4 : Operation 42 [1/1] (0.70ns)   --->   "%i_2 = select i1 %icmp_ln47, i32 %add_ln49, i32 %i_load" [/home/mdu/Desktop/work_repo/work_prj/matmul_kernels/src/krnl_matrixmul.cpp:47]   --->   Operation 42 'select' 'i_2' <Predicate = (!icmp_ln45)> <Delay = 0.70> <CoreInst = "Sel">   --->   Core 73 'Sel' <Latency = 0> <II = 1> <Delay = 0.70> <FuncUnit> <Opcode : 'select'> <InPorts = 3> <OutPorts = 1>
ST_4 : Operation 43 [1/1] (0.00ns)   --->   "%trunc_ln51 = trunc i32 %i_2" [/home/mdu/Desktop/work_repo/work_prj/matmul_kernels/src/krnl_matrixmul.cpp:51]   --->   Operation 43 'trunc' 'trunc_ln51' <Predicate = (!icmp_ln45)> <Delay = 0.00>
ST_4 : Operation 44 [1/1] (0.00ns)   --->   "%tmp_5_cast = bitconcatenate i8 @_ssdm_op_BitConcatenate.i8.i4.i4, i4 %trunc_ln51, i4 0" [/home/mdu/Desktop/work_repo/work_prj/matmul_kernels/src/krnl_matrixmul.cpp:51]   --->   Operation 44 'bitconcatenate' 'tmp_5_cast' <Predicate = (!icmp_ln45)> <Delay = 0.00>
ST_4 : Operation 45 [1/1] (1.30ns)   --->   "%add_ln51 = add i8 %tmp_5_cast, i8 %trunc_ln47" [/home/mdu/Desktop/work_repo/work_prj/matmul_kernels/src/krnl_matrixmul.cpp:51]   --->   Operation 45 'add' 'add_ln51' <Predicate = (!icmp_ln45)> <Delay = 1.30> <CoreInst = "Adder">   --->   Core 1 'Adder' <Latency = 0> <II = 1> <Delay = 1.36> <FuncUnit> <Opcode : 'add' 'sub'> <InPorts = 2> <OutPorts = 1>
ST_4 : Operation 46 [1/1] (0.00ns)   --->   "%zext_ln51 = zext i8 %add_ln51" [/home/mdu/Desktop/work_repo/work_prj/matmul_kernels/src/krnl_matrixmul.cpp:51]   --->   Operation 46 'zext' 'zext_ln51' <Predicate = (!icmp_ln45)> <Delay = 0.00>
ST_4 : Operation 47 [1/1] (0.00ns)   --->   "%B_V_addr = getelementptr i16 %B_V, i32 0, i32 %zext_ln51" [/home/mdu/Desktop/work_repo/work_prj/matmul_kernels/src/krnl_matrixmul.cpp:51]   --->   Operation 47 'getelementptr' 'B_V_addr' <Predicate = (!icmp_ln45)> <Delay = 0.00>
ST_4 : Operation 48 [1/1] (0.00ns)   --->   "%tmp_1 = bitconcatenate i512 @_ssdm_op_BitConcatenate.i512.i256.i256, i256 %gmem1_addr_read_1, i256 %gmem1_addr_read" [/home/mdu/Desktop/work_repo/work_prj/matmul_kernels/src/krnl_matrixmul.cpp:51]   --->   Operation 48 'bitconcatenate' 'tmp_1' <Predicate = (!icmp_ln45 & icmp_ln51)> <Delay = 0.00>
ST_4 : Operation 49 [1/1] (1.29ns)   --->   "%br_ln51 = br void %.split14._crit_edge" [/home/mdu/Desktop/work_repo/work_prj/matmul_kernels/src/krnl_matrixmul.cpp:51]   --->   Operation 49 'br' 'br_ln51' <Predicate = (!icmp_ln45 & icmp_ln51)> <Delay = 1.29>
ST_4 : Operation 50 [1/1] (0.00ns)   --->   "%empty_27 = phi i512 %tmp_1, void, i512 %shiftreg2_cast, void %.split14" [/home/mdu/Desktop/work_repo/work_prj/matmul_kernels/src/krnl_matrixmul.cpp:51]   --->   Operation 50 'phi' 'empty_27' <Predicate = true> <Delay = 0.00>
ST_4 : Operation 51 [1/1] (0.00ns)   --->   "%trunc_ln51_2 = trunc i512 %empty_27" [/home/mdu/Desktop/work_repo/work_prj/matmul_kernels/src/krnl_matrixmul.cpp:51]   --->   Operation 51 'trunc' 'trunc_ln51_2' <Predicate = true> <Delay = 0.00>
ST_4 : Operation 52 [1/1] (0.00ns)   --->   "%trunc_ln51_1 = partselect i496 @_ssdm_op_PartSelect.i496.i512.i32.i32, i512 %empty_27, i32 16, i32 511" [/home/mdu/Desktop/work_repo/work_prj/matmul_kernels/src/krnl_matrixmul.cpp:51]   --->   Operation 52 'partselect' 'trunc_ln51_1' <Predicate = true> <Delay = 0.00>
ST_4 : Operation 53 [1/1] (2.77ns)   --->   "%store_ln51 = store i16 %trunc_ln51_2, i8 %B_V_addr" [/home/mdu/Desktop/work_repo/work_prj/matmul_kernels/src/krnl_matrixmul.cpp:51]   --->   Operation 53 'store' 'store_ln51' <Predicate = true> <Delay = 2.77> <CoreInst = "RAM_1WnR">   --->   Core 83 'RAM_1WnR' <Latency = 1> <II = 1> <Delay = 2.77> <Storage> <Opcode : 'load' 'store'> <Ports = 17> <Width = 16> <Depth = 256> <RAM>
ST_4 : Operation 54 [1/1] (1.36ns)   --->   "%j_4 = add i9 %j_3, i9 1" [/home/mdu/Desktop/work_repo/work_prj/matmul_kernels/src/krnl_matrixmul.cpp:45]   --->   Operation 54 'add' 'j_4' <Predicate = true> <Delay = 1.36> <CoreInst = "Adder">   --->   Core 1 'Adder' <Latency = 0> <II = 1> <Delay = 1.36> <FuncUnit> <Opcode : 'add' 'sub'> <InPorts = 2> <OutPorts = 1>
ST_4 : Operation 55 [1/1] (1.29ns)   --->   "%store_ln47 = store i32 %i_2, i32 %i" [/home/mdu/Desktop/work_repo/work_prj/matmul_kernels/src/krnl_matrixmul.cpp:47]   --->   Operation 55 'store' 'store_ln47' <Predicate = true> <Delay = 1.29>
ST_4 : Operation 56 [1/1] (1.29ns)   --->   "%store_ln45 = store i9 %j_4, i9 %j" [/home/mdu/Desktop/work_repo/work_prj/matmul_kernels/src/krnl_matrixmul.cpp:45]   --->   Operation 56 'store' 'store_ln45' <Predicate = true> <Delay = 1.29>
ST_4 : Operation 57 [1/1] (1.29ns)   --->   "%store_ln51 = store i496 %trunc_ln51_1, i496 %shiftreg2" [/home/mdu/Desktop/work_repo/work_prj/matmul_kernels/src/krnl_matrixmul.cpp:51]   --->   Operation 57 'store' 'store_ln51' <Predicate = true> <Delay = 1.29>
ST_4 : Operation 58 [1/1] (0.00ns)   --->   "%br_ln0 = br void"   --->   Operation 58 'br' 'br_ln0' <Predicate = true> <Delay = 0.00>


============================================================
+ Verbose Summary: Timing violations
============================================================
Target clock period: 10ns, clock uncertainty: 2.7ns.

 <State 1>: 2.93ns
The critical path consists of the following:
	'alloca' operation ('itr') [7]  (0 ns)
	'load' operation ('itr') on local variable 'itr' [17]  (0 ns)
	'add' operation ('add_ln45', /home/mdu/Desktop/work_repo/work_prj/matmul_kernels/src/krnl_matrixmul.cpp:45) [23]  (1.36 ns)
	'store' operation ('store_ln45', /home/mdu/Desktop/work_repo/work_prj/matmul_kernels/src/krnl_matrixmul.cpp:45) of variable 'add_ln45', /home/mdu/Desktop/work_repo/work_prj/matmul_kernels/src/krnl_matrixmul.cpp:45 on local variable 'itr' [55]  (1.3 ns)
	blocking operation 0.267 ns on control path)

 <State 2>: 7.3ns
The critical path consists of the following:
	'getelementptr' operation ('gmem1_addr', /home/mdu/Desktop/work_repo/work_prj/matmul_kernels/src/krnl_matrixmul.cpp:45) [19]  (0 ns)
	bus read operation ('gmem1_addr_read', /home/mdu/Desktop/work_repo/work_prj/matmul_kernels/src/krnl_matrixmul.cpp:51) on port 'gmem1' (/home/mdu/Desktop/work_repo/work_prj/matmul_kernels/src/krnl_matrixmul.cpp:51) [45]  (7.3 ns)

 <State 3>: 7.3ns
The critical path consists of the following:
	bus read operation ('gmem1_addr_read_1', /home/mdu/Desktop/work_repo/work_prj/matmul_kernels/src/krnl_matrixmul.cpp:51) on port 'gmem1' (/home/mdu/Desktop/work_repo/work_prj/matmul_kernels/src/krnl_matrixmul.cpp:51) [46]  (7.3 ns)

 <State 4>: 6.68ns
The critical path consists of the following:
	'load' operation ('i_load', /home/mdu/Desktop/work_repo/work_prj/matmul_kernels/src/krnl_matrixmul.cpp:49) on local variable 'i' [28]  (0 ns)
	'add' operation ('add_ln49', /home/mdu/Desktop/work_repo/work_prj/matmul_kernels/src/krnl_matrixmul.cpp:49) [33]  (1.9 ns)
	'select' operation ('i', /home/mdu/Desktop/work_repo/work_prj/matmul_kernels/src/krnl_matrixmul.cpp:47) [36]  (0.705 ns)
	'add' operation ('add_ln51', /home/mdu/Desktop/work_repo/work_prj/matmul_kernels/src/krnl_matrixmul.cpp:51) [39]  (1.31 ns)
	'getelementptr' operation ('B_V_addr', /home/mdu/Desktop/work_repo/work_prj/matmul_kernels/src/krnl_matrixmul.cpp:51) [41]  (0 ns)
	'store' operation ('store_ln51', /home/mdu/Desktop/work_repo/work_prj/matmul_kernels/src/krnl_matrixmul.cpp:51) of variable 'trunc_ln51_2', /home/mdu/Desktop/work_repo/work_prj/matmul_kernels/src/krnl_matrixmul.cpp:51 on array 'B_V' [53]  (2.77 ns)


============================================================
+ Verbose Summary: Binding
============================================================
N/A
* FSMD analyzer results:
  - Output states:
 - Input state : 
  - Chain level:
	State 1
	State 2
	State 3
	State 4


============================================================
+ Verbose Summary: Datapath Resource usage 
============================================================
N/A
