

================================================================
== Vitis HLS Report for 'matmul_Pipeline_readA'
================================================================
* Date:           Thu Jun 30 15:37:37 2022

* Version:        2021.2 (Build 3367213 on Tue Oct 19 02:47:39 MDT 2021)
* Project:        matmul
* Solution:       solution (Vitis Kernel Flow Target)
* Product family: zynq
* Target device:  xc7z045-ffg900-2


================================================================
== Performance Estimates
================================================================
+ Timing: 
    * Summary: 
    +--------+----------+----------+------------+
    |  Clock |  Target  | Estimated| Uncertainty|
    +--------+----------+----------+------------+
    |ap_clk  |  10.00 ns|  7.300 ns|     2.70 ns|
    +--------+----------+----------+------------+

+ Latency: 
    * Summary: 
    +---------+---------+-----------+-----------+------+------+---------+
    |  Latency (cycles) |   Latency (absolute)  |   Interval  | Pipeline|
    |   min   |   max   |    min    |    max    |  min |  max |   Type  |
    +---------+---------+-----------+-----------+------+------+---------+
    |     8195|     8195|  81.950 us|  81.950 us|  8195|  8195|       no|
    +---------+---------+-----------+-----------+------+------+---------+

    + Detail: 
        * Instance: 
        N/A

        * Loop: 
        +----------+---------+---------+----------+-----------+-----------+------+----------+
        |          |  Latency (cycles) | Iteration|  Initiation Interval  | Trip |          |
        | Loop Name|   min   |   max   |  Latency |  achieved |   target  | Count| Pipelined|
        +----------+---------+---------+----------+-----------+-----------+------+----------+
        |- readA   |     8193|     8193|        10|          8|          1|  1024|       yes|
        +----------+---------+---------+----------+-----------+-----------+------+----------+

============================================================
+ Verbose Summary: Synthesis Manager
============================================================
InlineROM: 1
ExposeGlobal: 0
============================================================
+ Verbose Summary: CDFG Model
============================================================
IsTopModel: 0
ResetActiveHigh: 1
IsCombinational: 0
IsDatapathOnly: 0
HasWiredReturn: 1
HasMFsm: 2
HasVarLatency: 1
IsPipeline: 0
IsRtlPipelined: 0
IsInstanceOverlapped: 0
IsDontTouch: 0
HasImplIP: 0
IsGatedGlobalClock: 0

+ Individual pipeline summary: 
  * Pipeline-0: initiation interval (II) = 8, depth = 10


============================================================
+ Verbose Summary: Schedule
============================================================
* Number of FSM states : 10
* Pipeline : 1
  Pipeline-0 : II = 8, D = 10, States = { 1 2 3 4 5 6 7 8 9 10 }
* Dataflow Pipeline: 0

* FSM state transitions: 
1 --> 2 
2 --> 3 
3 --> 4 
4 --> 5 
5 --> 6 
6 --> 7 
7 --> 8 
8 --> 9 
9 --> 10 
10 --> 

* FSM state operations: 

State 1 <SV = 0> <Delay = 3.18>
ST_1 : Operation 13 [1/1] (0.00ns)   --->   "%shiftreg4 = alloca i32 1"   --->   Operation 13 'alloca' 'shiftreg4' <Predicate = true> <Delay = 0.00>
ST_1 : Operation 14 [1/1] (0.00ns)   --->   "%j = alloca i32 1"   --->   Operation 14 'alloca' 'j' <Predicate = true> <Delay = 0.00>
ST_1 : Operation 15 [1/1] (0.00ns)   --->   "%i = alloca i32 1"   --->   Operation 15 'alloca' 'i' <Predicate = true> <Delay = 0.00>
ST_1 : Operation 16 [1/1] (0.00ns)   --->   "%itr = alloca i32 1"   --->   Operation 16 'alloca' 'itr' <Predicate = true> <Delay = 0.00>
ST_1 : Operation 17 [1/1] (0.00ns)   --->   "%sext_ln34_read = read i29 @_ssdm_op_Read.ap_auto.i29, i29 %sext_ln34"   --->   Operation 17 'read' 'sext_ln34_read' <Predicate = true> <Delay = 0.00>
ST_1 : Operation 18 [1/1] (0.00ns)   --->   "%sext_ln34_cast = sext i29 %sext_ln34_read"   --->   Operation 18 'sext' 'sext_ln34_cast' <Predicate = true> <Delay = 0.00>
ST_1 : Operation 19 [1/1] (0.00ns)   --->   "%specinterface_ln0 = specinterface void @_ssdm_op_SpecInterface, i64 %gmem0, void @empty_2, i32 0, i32 0, void @empty_3, i32 64, i32 0, void @empty_4, void @empty_5, void @empty_3, i32 16, i32 16, i32 16, i32 16, void @empty_3, void @empty_3"   --->   Operation 19 'specinterface' 'specinterface_ln0' <Predicate = true> <Delay = 0.00>
ST_1 : Operation 20 [1/1] (1.29ns)   --->   "%store_ln0 = store i11 0, i11 %itr"   --->   Operation 20 'store' 'store_ln0' <Predicate = true> <Delay = 1.29>
ST_1 : Operation 21 [1/1] (1.29ns)   --->   "%store_ln0 = store i32 0, i32 %i"   --->   Operation 21 'store' 'store_ln0' <Predicate = true> <Delay = 1.29>
ST_1 : Operation 22 [1/1] (1.29ns)   --->   "%store_ln0 = store i11 0, i11 %j"   --->   Operation 22 'store' 'store_ln0' <Predicate = true> <Delay = 1.29>
ST_1 : Operation 23 [1/1] (1.29ns)   --->   "%store_ln0 = store i496 0, i496 %shiftreg4"   --->   Operation 23 'store' 'store_ln0' <Predicate = true> <Delay = 1.29>
ST_1 : Operation 24 [1/1] (0.00ns)   --->   "%br_ln0 = br void"   --->   Operation 24 'br' 'br_ln0' <Predicate = true> <Delay = 0.00>
ST_1 : Operation 25 [1/1] (0.00ns)   --->   "%itr_2 = load i11 %itr"   --->   Operation 25 'load' 'itr_2' <Predicate = true> <Delay = 0.00>
ST_1 : Operation 26 [1/1] (1.88ns)   --->   "%icmp_ln34 = icmp_eq  i11 %itr_2, i11 1024" [/home/mdu/Desktop/work_repo/work_prj/matmul_kernels/src/krnl_matrixmul.cpp:34]   --->   Operation 26 'icmp' 'icmp_ln34' <Predicate = true> <Delay = 1.88> <CoreInst = "Cmp">   --->   Core 9 'Cmp' <Latency = 0> <II = 1> <Delay = 0.97> <FuncUnit> <Opcode : 'icmp'> <InPorts = 2> <OutPorts = 1>
ST_1 : Operation 27 [1/1] (1.48ns)   --->   "%add_ln34 = add i11 %itr_2, i11 1" [/home/mdu/Desktop/work_repo/work_prj/matmul_kernels/src/krnl_matrixmul.cpp:34]   --->   Operation 27 'add' 'add_ln34' <Predicate = true> <Delay = 1.48> <CoreInst = "Adder">   --->   Core 1 'Adder' <Latency = 0> <II = 1> <Delay = 1.48> <FuncUnit> <Opcode : 'add' 'sub'> <InPorts = 2> <OutPorts = 1>
ST_1 : Operation 28 [1/1] (0.00ns)   --->   "%br_ln34 = br i1 %icmp_ln34, void %.split28, void %.exitStub" [/home/mdu/Desktop/work_repo/work_prj/matmul_kernels/src/krnl_matrixmul.cpp:34]   --->   Operation 28 'br' 'br_ln34' <Predicate = true> <Delay = 0.00>
ST_1 : Operation 29 [1/1] (0.00ns)   --->   "%empty_30 = trunc i11 %itr_2"   --->   Operation 29 'trunc' 'empty_30' <Predicate = (!icmp_ln34)> <Delay = 0.00>
ST_1 : Operation 30 [1/1] (0.97ns)   --->   "%icmp_ln40 = icmp_eq  i5 %empty_30, i5 0" [/home/mdu/Desktop/work_repo/work_prj/matmul_kernels/src/krnl_matrixmul.cpp:40]   --->   Operation 30 'icmp' 'icmp_ln40' <Predicate = (!icmp_ln34)> <Delay = 0.97> <CoreInst = "Cmp">   --->   Core 9 'Cmp' <Latency = 0> <II = 1> <Delay = 0.97> <FuncUnit> <Opcode : 'icmp'> <InPorts = 2> <OutPorts = 1>
ST_1 : Operation 31 [1/1] (1.29ns)   --->   "%store_ln34 = store i11 %add_ln34, i11 %itr" [/home/mdu/Desktop/work_repo/work_prj/matmul_kernels/src/krnl_matrixmul.cpp:34]   --->   Operation 31 'store' 'store_ln34' <Predicate = (!icmp_ln34)> <Delay = 1.29>

State 2 <SV = 1> <Delay = 7.30>
ST_2 : Operation 32 [1/1] (0.00ns)   --->   "%specbitsmap_ln0 = specbitsmap void @_ssdm_op_SpecBitsMap, i64 %gmem0"   --->   Operation 32 'specbitsmap' 'specbitsmap_ln0' <Predicate = true> <Delay = 0.00>
ST_2 : Operation 33 [1/1] (0.00ns)   --->   "%gmem0_addr = getelementptr i64 %gmem0, i32 %sext_ln34_cast" [/home/mdu/Desktop/work_repo/work_prj/matmul_kernels/src/krnl_matrixmul.cpp:34]   --->   Operation 33 'getelementptr' 'gmem0_addr' <Predicate = true> <Delay = 0.00>
ST_2 : Operation 34 [1/1] (0.00ns)   --->   "%specpipeline_ln0 = specpipeline void @_ssdm_op_SpecPipeline, i32 4294967295, i32 0, i32 1, i32 0, void @p_str"   --->   Operation 34 'specpipeline' 'specpipeline_ln0' <Predicate = true> <Delay = 0.00>
ST_2 : Operation 35 [1/1] (0.00ns)   --->   "%empty = speclooptripcount i32 @_ssdm_op_SpecLoopTripCount, i64 1024, i64 1024, i64 1024"   --->   Operation 35 'speclooptripcount' 'empty' <Predicate = true> <Delay = 0.00>
ST_2 : Operation 36 [1/1] (7.30ns)   --->   "%gmem0_addr_read = read i64 @_ssdm_op_Read.m_axi.p1i64, i64 %gmem0_addr" [/home/mdu/Desktop/work_repo/work_prj/matmul_kernels/src/krnl_matrixmul.cpp:40]   --->   Operation 36 'read' 'gmem0_addr_read' <Predicate = (!icmp_ln34 & icmp_ln40)> <Delay = 7.30> <CoreInst = "m_axi">   --->   Core 113 'm_axi' <Latency = 6> <II = 1> <Delay = 1.00> <Adapter> <Opcode : 'read' 'write' 'readreq' 'writereq' 'writeresp'>
ST_2 : Operation 71 [1/1] (0.00ns)   --->   "%ret_ln0 = ret"   --->   Operation 71 'ret' 'ret_ln0' <Predicate = (icmp_ln34)> <Delay = 0.00>

State 3 <SV = 2> <Delay = 7.30>
ST_3 : Operation 37 [1/1] (7.30ns)   --->   "%gmem0_addr_read_1 = read i64 @_ssdm_op_Read.m_axi.p1i64, i64 %gmem0_addr" [/home/mdu/Desktop/work_repo/work_prj/matmul_kernels/src/krnl_matrixmul.cpp:40]   --->   Operation 37 'read' 'gmem0_addr_read_1' <Predicate = (!icmp_ln34 & icmp_ln40)> <Delay = 7.30> <CoreInst = "m_axi">   --->   Core 113 'm_axi' <Latency = 6> <II = 1> <Delay = 1.00> <Adapter> <Opcode : 'read' 'write' 'readreq' 'writereq' 'writeresp'>

State 4 <SV = 3> <Delay = 7.30>
ST_4 : Operation 38 [1/1] (7.30ns)   --->   "%gmem0_addr_read_2 = read i64 @_ssdm_op_Read.m_axi.p1i64, i64 %gmem0_addr" [/home/mdu/Desktop/work_repo/work_prj/matmul_kernels/src/krnl_matrixmul.cpp:40]   --->   Operation 38 'read' 'gmem0_addr_read_2' <Predicate = (!icmp_ln34 & icmp_ln40)> <Delay = 7.30> <CoreInst = "m_axi">   --->   Core 113 'm_axi' <Latency = 6> <II = 1> <Delay = 1.00> <Adapter> <Opcode : 'read' 'write' 'readreq' 'writereq' 'writeresp'>

State 5 <SV = 4> <Delay = 7.30>
ST_5 : Operation 39 [1/1] (7.30ns)   --->   "%gmem0_addr_read_3 = read i64 @_ssdm_op_Read.m_axi.p1i64, i64 %gmem0_addr" [/home/mdu/Desktop/work_repo/work_prj/matmul_kernels/src/krnl_matrixmul.cpp:40]   --->   Operation 39 'read' 'gmem0_addr_read_3' <Predicate = (!icmp_ln34 & icmp_ln40)> <Delay = 7.30> <CoreInst = "m_axi">   --->   Core 113 'm_axi' <Latency = 6> <II = 1> <Delay = 1.00> <Adapter> <Opcode : 'read' 'write' 'readreq' 'writereq' 'writeresp'>

State 6 <SV = 5> <Delay = 7.30>
ST_6 : Operation 40 [1/1] (7.30ns)   --->   "%gmem0_addr_read_4 = read i64 @_ssdm_op_Read.m_axi.p1i64, i64 %gmem0_addr" [/home/mdu/Desktop/work_repo/work_prj/matmul_kernels/src/krnl_matrixmul.cpp:40]   --->   Operation 40 'read' 'gmem0_addr_read_4' <Predicate = (!icmp_ln34 & icmp_ln40)> <Delay = 7.30> <CoreInst = "m_axi">   --->   Core 113 'm_axi' <Latency = 6> <II = 1> <Delay = 1.00> <Adapter> <Opcode : 'read' 'write' 'readreq' 'writereq' 'writeresp'>

State 7 <SV = 6> <Delay = 7.30>
ST_7 : Operation 41 [1/1] (7.30ns)   --->   "%gmem0_addr_read_5 = read i64 @_ssdm_op_Read.m_axi.p1i64, i64 %gmem0_addr" [/home/mdu/Desktop/work_repo/work_prj/matmul_kernels/src/krnl_matrixmul.cpp:40]   --->   Operation 41 'read' 'gmem0_addr_read_5' <Predicate = (!icmp_ln34 & icmp_ln40)> <Delay = 7.30> <CoreInst = "m_axi">   --->   Core 113 'm_axi' <Latency = 6> <II = 1> <Delay = 1.00> <Adapter> <Opcode : 'read' 'write' 'readreq' 'writereq' 'writeresp'>

State 8 <SV = 7> <Delay = 7.30>
ST_8 : Operation 42 [1/1] (7.30ns)   --->   "%gmem0_addr_read_6 = read i64 @_ssdm_op_Read.m_axi.p1i64, i64 %gmem0_addr" [/home/mdu/Desktop/work_repo/work_prj/matmul_kernels/src/krnl_matrixmul.cpp:40]   --->   Operation 42 'read' 'gmem0_addr_read_6' <Predicate = (!icmp_ln34 & icmp_ln40)> <Delay = 7.30> <CoreInst = "m_axi">   --->   Core 113 'm_axi' <Latency = 6> <II = 1> <Delay = 1.00> <Adapter> <Opcode : 'read' 'write' 'readreq' 'writereq' 'writeresp'>

State 9 <SV = 8> <Delay = 7.30>
ST_9 : Operation 43 [1/1] (0.00ns)   --->   "%shiftreg4_load = load i496 %shiftreg4"   --->   Operation 43 'load' 'shiftreg4_load' <Predicate = (!icmp_ln34)> <Delay = 0.00>
ST_9 : Operation 44 [1/1] (0.00ns)   --->   "%shiftreg4_cast = zext i496 %shiftreg4_load"   --->   Operation 44 'zext' 'shiftreg4_cast' <Predicate = (!icmp_ln34)> <Delay = 0.00>
ST_9 : Operation 45 [1/1] (1.29ns)   --->   "%br_ln40 = br i1 %icmp_ln40, void %.split28._crit_edge, void" [/home/mdu/Desktop/work_repo/work_prj/matmul_kernels/src/krnl_matrixmul.cpp:40]   --->   Operation 45 'br' 'br_ln40' <Predicate = (!icmp_ln34)> <Delay = 1.29>
ST_9 : Operation 46 [1/1] (7.30ns)   --->   "%gmem0_addr_read_7 = read i64 @_ssdm_op_Read.m_axi.p1i64, i64 %gmem0_addr" [/home/mdu/Desktop/work_repo/work_prj/matmul_kernels/src/krnl_matrixmul.cpp:40]   --->   Operation 46 'read' 'gmem0_addr_read_7' <Predicate = (!icmp_ln34 & icmp_ln40)> <Delay = 7.30> <CoreInst = "m_axi">   --->   Core 113 'm_axi' <Latency = 6> <II = 1> <Delay = 1.00> <Adapter> <Opcode : 'read' 'write' 'readreq' 'writereq' 'writeresp'>

State 10 <SV = 9> <Delay = 6.86>
ST_10 : Operation 47 [1/1] (0.00ns)   --->   "%j_load = load i11 %j" [/home/mdu/Desktop/work_repo/work_prj/matmul_kernels/src/krnl_matrixmul.cpp:36]   --->   Operation 47 'load' 'j_load' <Predicate = (!icmp_ln34)> <Delay = 0.00>
ST_10 : Operation 48 [1/1] (0.00ns)   --->   "%i_load = load i32 %i" [/home/mdu/Desktop/work_repo/work_prj/matmul_kernels/src/krnl_matrixmul.cpp:38]   --->   Operation 48 'load' 'i_load' <Predicate = (!icmp_ln34)> <Delay = 0.00>
ST_10 : Operation 49 [1/1] (0.00ns)   --->   "%specloopname_ln34 = specloopname void @_ssdm_op_SpecLoopName, void @empty_12" [/home/mdu/Desktop/work_repo/work_prj/matmul_kernels/src/krnl_matrixmul.cpp:34]   --->   Operation 49 'specloopname' 'specloopname_ln34' <Predicate = (!icmp_ln34)> <Delay = 0.00>
ST_10 : Operation 50 [1/1] (1.88ns)   --->   "%icmp_ln36 = icmp_eq  i11 %j_load, i11 32" [/home/mdu/Desktop/work_repo/work_prj/matmul_kernels/src/krnl_matrixmul.cpp:36]   --->   Operation 50 'icmp' 'icmp_ln36' <Predicate = (!icmp_ln34)> <Delay = 1.88> <CoreInst = "Cmp">   --->   Core 9 'Cmp' <Latency = 0> <II = 1> <Delay = 0.97> <FuncUnit> <Opcode : 'icmp'> <InPorts = 2> <OutPorts = 1>
ST_10 : Operation 51 [1/1] (1.89ns)   --->   "%add_ln38 = add i32 %i_load, i32 1" [/home/mdu/Desktop/work_repo/work_prj/matmul_kernels/src/krnl_matrixmul.cpp:38]   --->   Operation 51 'add' 'add_ln38' <Predicate = (!icmp_ln34)> <Delay = 1.89> <CoreInst = "Adder">   --->   Core 1 'Adder' <Latency = 0> <II = 1> <Delay = 1.48> <FuncUnit> <Opcode : 'add' 'sub'> <InPorts = 2> <OutPorts = 1>
ST_10 : Operation 52 [1/1] (0.79ns)   --->   "%j_5 = select i1 %icmp_ln36, i11 0, i11 %j_load" [/home/mdu/Desktop/work_repo/work_prj/matmul_kernels/src/krnl_matrixmul.cpp:36]   --->   Operation 52 'select' 'j_5' <Predicate = (!icmp_ln34)> <Delay = 0.79> <CoreInst = "Sel">   --->   Core 73 'Sel' <Latency = 0> <II = 1> <Delay = 0.70> <FuncUnit> <Opcode : 'select'> <InPorts = 3> <OutPorts = 1>
ST_10 : Operation 53 [1/1] (0.00ns)   --->   "%trunc_ln36 = trunc i11 %j_5" [/home/mdu/Desktop/work_repo/work_prj/matmul_kernels/src/krnl_matrixmul.cpp:36]   --->   Operation 53 'trunc' 'trunc_ln36' <Predicate = (!icmp_ln34)> <Delay = 0.00>
ST_10 : Operation 54 [1/1] (0.70ns)   --->   "%i_3 = select i1 %icmp_ln36, i32 %add_ln38, i32 %i_load" [/home/mdu/Desktop/work_repo/work_prj/matmul_kernels/src/krnl_matrixmul.cpp:36]   --->   Operation 54 'select' 'i_3' <Predicate = (!icmp_ln34)> <Delay = 0.70> <CoreInst = "Sel">   --->   Core 73 'Sel' <Latency = 0> <II = 1> <Delay = 0.70> <FuncUnit> <Opcode : 'select'> <InPorts = 3> <OutPorts = 1>
ST_10 : Operation 55 [1/1] (0.00ns)   --->   "%trunc_ln40 = trunc i32 %i_3" [/home/mdu/Desktop/work_repo/work_prj/matmul_kernels/src/krnl_matrixmul.cpp:40]   --->   Operation 55 'trunc' 'trunc_ln40' <Predicate = (!icmp_ln34)> <Delay = 0.00>
ST_10 : Operation 56 [1/1] (0.00ns)   --->   "%tmp_1_cast = bitconcatenate i10 @_ssdm_op_BitConcatenate.i10.i5.i5, i5 %trunc_ln40, i5 0" [/home/mdu/Desktop/work_repo/work_prj/matmul_kernels/src/krnl_matrixmul.cpp:40]   --->   Operation 56 'bitconcatenate' 'tmp_1_cast' <Predicate = (!icmp_ln34)> <Delay = 0.00>
ST_10 : Operation 57 [1/1] (1.41ns)   --->   "%add_ln40 = add i10 %tmp_1_cast, i10 %trunc_ln36" [/home/mdu/Desktop/work_repo/work_prj/matmul_kernels/src/krnl_matrixmul.cpp:40]   --->   Operation 57 'add' 'add_ln40' <Predicate = (!icmp_ln34)> <Delay = 1.41> <CoreInst = "Adder">   --->   Core 1 'Adder' <Latency = 0> <II = 1> <Delay = 1.48> <FuncUnit> <Opcode : 'add' 'sub'> <InPorts = 2> <OutPorts = 1>
ST_10 : Operation 58 [1/1] (0.00ns)   --->   "%zext_ln40 = zext i10 %add_ln40" [/home/mdu/Desktop/work_repo/work_prj/matmul_kernels/src/krnl_matrixmul.cpp:40]   --->   Operation 58 'zext' 'zext_ln40' <Predicate = (!icmp_ln34)> <Delay = 0.00>
ST_10 : Operation 59 [1/1] (0.00ns)   --->   "%A_V_addr = getelementptr i16 %A_V, i32 0, i32 %zext_ln40" [/home/mdu/Desktop/work_repo/work_prj/matmul_kernels/src/krnl_matrixmul.cpp:40]   --->   Operation 59 'getelementptr' 'A_V_addr' <Predicate = (!icmp_ln34)> <Delay = 0.00>
ST_10 : Operation 60 [1/1] (0.00ns)   --->   "%or_ln40_6 = bitconcatenate i512 @_ssdm_op_BitConcatenate.i512.i64.i64.i64.i64.i64.i64.i64.i64, i64 %gmem0_addr_read_7, i64 %gmem0_addr_read_6, i64 %gmem0_addr_read_5, i64 %gmem0_addr_read_4, i64 %gmem0_addr_read_3, i64 %gmem0_addr_read_2, i64 %gmem0_addr_read_1, i64 %gmem0_addr_read" [/home/mdu/Desktop/work_repo/work_prj/matmul_kernels/src/krnl_matrixmul.cpp:40]   --->   Operation 60 'bitconcatenate' 'or_ln40_6' <Predicate = (!icmp_ln34 & icmp_ln40)> <Delay = 0.00>
ST_10 : Operation 61 [1/1] (1.29ns)   --->   "%br_ln40 = br void %.split28._crit_edge" [/home/mdu/Desktop/work_repo/work_prj/matmul_kernels/src/krnl_matrixmul.cpp:40]   --->   Operation 61 'br' 'br_ln40' <Predicate = (!icmp_ln34 & icmp_ln40)> <Delay = 1.29>
ST_10 : Operation 62 [1/1] (0.00ns)   --->   "%empty_29 = phi i512 %or_ln40_6, void, i512 %shiftreg4_cast, void %.split28" [/home/mdu/Desktop/work_repo/work_prj/matmul_kernels/src/krnl_matrixmul.cpp:40]   --->   Operation 62 'phi' 'empty_29' <Predicate = true> <Delay = 0.00>
ST_10 : Operation 63 [1/1] (0.00ns)   --->   "%trunc_ln40_2 = trunc i512 %empty_29" [/home/mdu/Desktop/work_repo/work_prj/matmul_kernels/src/krnl_matrixmul.cpp:40]   --->   Operation 63 'trunc' 'trunc_ln40_2' <Predicate = true> <Delay = 0.00>
ST_10 : Operation 64 [1/1] (0.00ns)   --->   "%trunc_ln40_1 = partselect i496 @_ssdm_op_PartSelect.i496.i512.i32.i32, i512 %empty_29, i32 16, i32 511" [/home/mdu/Desktop/work_repo/work_prj/matmul_kernels/src/krnl_matrixmul.cpp:40]   --->   Operation 64 'partselect' 'trunc_ln40_1' <Predicate = true> <Delay = 0.00>
ST_10 : Operation 65 [1/1] (2.77ns)   --->   "%store_ln40 = store i16 %trunc_ln40_2, i10 %A_V_addr" [/home/mdu/Desktop/work_repo/work_prj/matmul_kernels/src/krnl_matrixmul.cpp:40]   --->   Operation 65 'store' 'store_ln40' <Predicate = true> <Delay = 2.77> <CoreInst = "RAM">   --->   Core 82 'RAM' <Latency = 1> <II = 1> <Delay = 2.77> <Storage> <Opcode : 'load' 'store'> <Ports = 2> <Width = 16> <Depth = 1024> <RAM>
ST_10 : Operation 66 [1/1] (1.48ns)   --->   "%j_6 = add i11 %j_5, i11 1" [/home/mdu/Desktop/work_repo/work_prj/matmul_kernels/src/krnl_matrixmul.cpp:34]   --->   Operation 66 'add' 'j_6' <Predicate = true> <Delay = 1.48> <CoreInst = "Adder">   --->   Core 1 'Adder' <Latency = 0> <II = 1> <Delay = 1.48> <FuncUnit> <Opcode : 'add' 'sub'> <InPorts = 2> <OutPorts = 1>
ST_10 : Operation 67 [1/1] (1.29ns)   --->   "%store_ln36 = store i32 %i_3, i32 %i" [/home/mdu/Desktop/work_repo/work_prj/matmul_kernels/src/krnl_matrixmul.cpp:36]   --->   Operation 67 'store' 'store_ln36' <Predicate = true> <Delay = 1.29>
ST_10 : Operation 68 [1/1] (1.29ns)   --->   "%store_ln34 = store i11 %j_6, i11 %j" [/home/mdu/Desktop/work_repo/work_prj/matmul_kernels/src/krnl_matrixmul.cpp:34]   --->   Operation 68 'store' 'store_ln34' <Predicate = true> <Delay = 1.29>
ST_10 : Operation 69 [1/1] (1.29ns)   --->   "%store_ln40 = store i496 %trunc_ln40_1, i496 %shiftreg4" [/home/mdu/Desktop/work_repo/work_prj/matmul_kernels/src/krnl_matrixmul.cpp:40]   --->   Operation 69 'store' 'store_ln40' <Predicate = true> <Delay = 1.29>
ST_10 : Operation 70 [1/1] (0.00ns)   --->   "%br_ln0 = br void"   --->   Operation 70 'br' 'br_ln0' <Predicate = true> <Delay = 0.00>


============================================================
+ Verbose Summary: Timing violations
============================================================
Target clock period: 10ns, clock uncertainty: 2.7ns.

 <State 1>: 3.18ns
The critical path consists of the following:
	'alloca' operation ('itr') [7]  (0 ns)
	'load' operation ('itr') on local variable 'itr' [17]  (0 ns)
	'add' operation ('add_ln34', /home/mdu/Desktop/work_repo/work_prj/matmul_kernels/src/krnl_matrixmul.cpp:34) [23]  (1.48 ns)
	'store' operation ('store_ln34', /home/mdu/Desktop/work_repo/work_prj/matmul_kernels/src/krnl_matrixmul.cpp:34) of variable 'add_ln34', /home/mdu/Desktop/work_repo/work_prj/matmul_kernels/src/krnl_matrixmul.cpp:34 on local variable 'itr' [61]  (1.3 ns)
	blocking operation 0.401 ns on control path)

 <State 2>: 7.3ns
The critical path consists of the following:
	'getelementptr' operation ('gmem0_addr', /home/mdu/Desktop/work_repo/work_prj/matmul_kernels/src/krnl_matrixmul.cpp:34) [19]  (0 ns)
	bus read operation ('gmem0_addr_read', /home/mdu/Desktop/work_repo/work_prj/matmul_kernels/src/krnl_matrixmul.cpp:40) on port 'gmem0' (/home/mdu/Desktop/work_repo/work_prj/matmul_kernels/src/krnl_matrixmul.cpp:40) [45]  (7.3 ns)

 <State 3>: 7.3ns
The critical path consists of the following:
	bus read operation ('gmem0_addr_read_1', /home/mdu/Desktop/work_repo/work_prj/matmul_kernels/src/krnl_matrixmul.cpp:40) on port 'gmem0' (/home/mdu/Desktop/work_repo/work_prj/matmul_kernels/src/krnl_matrixmul.cpp:40) [46]  (7.3 ns)

 <State 4>: 7.3ns
The critical path consists of the following:
	bus read operation ('gmem0_addr_read_2', /home/mdu/Desktop/work_repo/work_prj/matmul_kernels/src/krnl_matrixmul.cpp:40) on port 'gmem0' (/home/mdu/Desktop/work_repo/work_prj/matmul_kernels/src/krnl_matrixmul.cpp:40) [47]  (7.3 ns)

 <State 5>: 7.3ns
The critical path consists of the following:
	bus read operation ('gmem0_addr_read_3', /home/mdu/Desktop/work_repo/work_prj/matmul_kernels/src/krnl_matrixmul.cpp:40) on port 'gmem0' (/home/mdu/Desktop/work_repo/work_prj/matmul_kernels/src/krnl_matrixmul.cpp:40) [48]  (7.3 ns)

 <State 6>: 7.3ns
The critical path consists of the following:
	bus read operation ('gmem0_addr_read_4', /home/mdu/Desktop/work_repo/work_prj/matmul_kernels/src/krnl_matrixmul.cpp:40) on port 'gmem0' (/home/mdu/Desktop/work_repo/work_prj/matmul_kernels/src/krnl_matrixmul.cpp:40) [49]  (7.3 ns)

 <State 7>: 7.3ns
The critical path consists of the following:
	bus read operation ('gmem0_addr_read_5', /home/mdu/Desktop/work_repo/work_prj/matmul_kernels/src/krnl_matrixmul.cpp:40) on port 'gmem0' (/home/mdu/Desktop/work_repo/work_prj/matmul_kernels/src/krnl_matrixmul.cpp:40) [50]  (7.3 ns)

 <State 8>: 7.3ns
The critical path consists of the following:
	bus read operation ('gmem0_addr_read_6', /home/mdu/Desktop/work_repo/work_prj/matmul_kernels/src/krnl_matrixmul.cpp:40) on port 'gmem0' (/home/mdu/Desktop/work_repo/work_prj/matmul_kernels/src/krnl_matrixmul.cpp:40) [51]  (7.3 ns)

 <State 9>: 7.3ns
The critical path consists of the following:
	bus read operation ('gmem0_addr_read_7', /home/mdu/Desktop/work_repo/work_prj/matmul_kernels/src/krnl_matrixmul.cpp:40) on port 'gmem0' (/home/mdu/Desktop/work_repo/work_prj/matmul_kernels/src/krnl_matrixmul.cpp:40) [52]  (7.3 ns)

 <State 10>: 6.86ns
The critical path consists of the following:
	'load' operation ('j_load', /home/mdu/Desktop/work_repo/work_prj/matmul_kernels/src/krnl_matrixmul.cpp:36) on local variable 'j' [27]  (0 ns)
	'icmp' operation ('icmp_ln36', /home/mdu/Desktop/work_repo/work_prj/matmul_kernels/src/krnl_matrixmul.cpp:36) [32]  (1.88 ns)
	'select' operation ('j', /home/mdu/Desktop/work_repo/work_prj/matmul_kernels/src/krnl_matrixmul.cpp:36) [34]  (0.793 ns)
	'add' operation ('add_ln40', /home/mdu/Desktop/work_repo/work_prj/matmul_kernels/src/krnl_matrixmul.cpp:40) [39]  (1.42 ns)
	'getelementptr' operation ('A_V_addr', /home/mdu/Desktop/work_repo/work_prj/matmul_kernels/src/krnl_matrixmul.cpp:40) [41]  (0 ns)
	'store' operation ('store_ln40', /home/mdu/Desktop/work_repo/work_prj/matmul_kernels/src/krnl_matrixmul.cpp:40) of variable 'trunc_ln40_2', /home/mdu/Desktop/work_repo/work_prj/matmul_kernels/src/krnl_matrixmul.cpp:40 on array 'A_V' [59]  (2.77 ns)


============================================================
+ Verbose Summary: Binding
============================================================
N/A
* FSMD analyzer results:
  - Output states:
 - Input state : 
  - Chain level:
	State 1
	State 2
	State 3
	State 4
	State 5
	State 6
	State 7
	State 8
	State 9
	State 10


============================================================
+ Verbose Summary: Datapath Resource usage 
============================================================
N/A
