

================================================================
== Vitis HLS Report for 'matmul_Pipeline_writeC'
================================================================
* Date:           Thu Jun 30 15:37:46 2022

* Version:        2021.2 (Build 3367213 on Tue Oct 19 02:47:39 MDT 2021)
* Project:        matmul
* Solution:       solution (Vitis Kernel Flow Target)
* Product family: zynq
* Target device:  xc7z045-ffg900-2


================================================================
== Performance Estimates
================================================================
+ Timing: 
    * Summary: 
    +--------+----------+----------+------------+
    |  Clock |  Target  | Estimated| Uncertainty|
    +--------+----------+----------+------------+
    |ap_clk  |  10.00 ns|  7.300 ns|     2.70 ns|
    +--------+----------+----------+------------+

+ Latency: 
    * Summary: 
    +---------+---------+-----------+-----------+------+------+---------+
    |  Latency (cycles) |   Latency (absolute)  |   Interval  | Pipeline|
    |   min   |   max   |    min    |    max    |  min |  max |   Type  |
    +---------+---------+-----------+-----------+------+------+---------+
    |     8195|     8195|  81.950 us|  81.950 us|  8195|  8195|       no|
    +---------+---------+-----------+-----------+------+------+---------+

    + Detail: 
        * Instance: 
        N/A

        * Loop: 
        +----------+---------+---------+----------+-----------+-----------+------+----------+
        |          |  Latency (cycles) | Iteration|  Initiation Interval  | Trip |          |
        | Loop Name|   min   |   max   |  Latency |  achieved |   target  | Count| Pipelined|
        +----------+---------+---------+----------+-----------+-----------+------+----------+
        |- writeC  |     8193|     8193|         9|          8|          1|  1024|       yes|
        +----------+---------+---------+----------+-----------+-----------+------+----------+



================================================================
== Utilization Estimates
================================================================
* Summary: 
+-----------------+---------+-----+--------+--------+-----+
|       Name      | BRAM_18K| DSP |   FF   |   LUT  | URAM|
+-----------------+---------+-----+--------+--------+-----+
|DSP              |        -|    -|       -|       -|    -|
|Expression       |        -|    -|       0|     691|    -|
|FIFO             |        -|    -|       -|       -|    -|
|Instance         |        -|    -|       -|       -|    -|
|Memory           |        -|    -|       -|       -|    -|
|Multiplexer      |        -|    -|       -|     155|    -|
|Register         |        -|    -|    1032|       -|    -|
+-----------------+---------+-----+--------+--------+-----+
|Total            |        0|    0|    1032|     846|    0|
+-----------------+---------+-----+--------+--------+-----+
|Available        |     1090|  900|  437200|  218600|    0|
+-----------------+---------+-----+--------+--------+-----+
|Utilization (%)  |        0|    0|      ~0|      ~0|    0|
+-----------------+---------+-----+--------+--------+-----+

+ Detail: 
    * Instance: 
    N/A

    * DSP: 
    N/A

    * Memory: 
    N/A

    * FIFO: 
    N/A

    * Expression: 
    +--------------------------------+----------+----+---+-----+------------+------------+
    |          Variable Name         | Operation| DSP| FF| LUT | Bitwidth P0| Bitwidth P1|
    +--------------------------------+----------+----+---+-----+------------+------------+
    |add_ln90_fu_233_p2              |         +|   0|  0|   11|          11|           1|
    |add_ln94_fu_255_p2              |         +|   0|  0|   32|          32|           1|
    |add_ln96_fu_293_p2              |         +|   0|  0|   10|          10|          10|
    |j_2_fu_310_p2                   |         +|   0|  0|   32|          32|           1|
    |ap_block_pp0_stage0_11001       |       and|   0|  0|    1|           1|           1|
    |ap_block_pp0_stage1_11001       |       and|   0|  0|    1|           1|           1|
    |ap_block_pp0_stage2_11001       |       and|   0|  0|    1|           1|           1|
    |ap_block_pp0_stage3_11001       |       and|   0|  0|    1|           1|           1|
    |ap_block_pp0_stage4_11001       |       and|   0|  0|    1|           1|           1|
    |ap_block_pp0_stage5_11001       |       and|   0|  0|    1|           1|           1|
    |ap_block_pp0_stage6_11001       |       and|   0|  0|    1|           1|           1|
    |ap_block_pp0_stage7_11001       |       and|   0|  0|    1|           1|           1|
    |ap_block_state10_io             |       and|   0|  0|    1|           1|           1|
    |ap_block_state3_io              |       and|   0|  0|    1|           1|           1|
    |ap_block_state4_io              |       and|   0|  0|    1|           1|           1|
    |ap_block_state5_io              |       and|   0|  0|    1|           1|           1|
    |ap_block_state6_io              |       and|   0|  0|    1|           1|           1|
    |ap_block_state7_io              |       and|   0|  0|    1|           1|           1|
    |ap_block_state8_io              |       and|   0|  0|    1|           1|           1|
    |ap_block_state9_io              |       and|   0|  0|    1|           1|           1|
    |ap_ext_blocking_cur_n           |       and|   0|  0|    2|           1|           0|
    |ap_ext_blocking_n               |       and|   0|  0|    2|           1|           2|
    |ap_int_blocking_n               |       and|   0|  0|    2|           2|           2|
    |ap_predicate_op56_write_state3  |       and|   0|  0|    1|           1|           1|
    |ap_str_blocking_n               |       and|   0|  0|    2|           2|           2|
    |icmp_ln90_fu_227_p2             |      icmp|   0|  0|    5|          11|          12|
    |icmp_ln92_fu_249_p2             |      icmp|   0|  0|   12|          32|           6|
    |icmp_ln96_fu_304_p2             |      icmp|   0|  0|    2|           5|           2|
    |i_1_fu_261_p3                   |    select|   0|  0|   32|           1|          32|
    |j_1_fu_281_p3                   |    select|   0|  0|   32|           1|           1|
    |select_ln96_fu_430_p3           |    select|   0|  0|  496|           1|           1|
    |ap_enable_pp0                   |       xor|   0|  0|    2|           1|           2|
    +--------------------------------+----------+----+---+-----+------------+------------+
    |Total                           |          |   0|  0|  691|         160|          92|
    +--------------------------------+----------+----+---+-----+------------+------------+

    * Multiplexer: 
    +-----------------------------+----+-----------+-----+-----------+
    |             Name            | LUT| Input Size| Bits| Total Bits|
    +-----------------------------+----+-----------+-----+-----------+
    |ap_NS_fsm                    |  37|          9|    1|          9|
    |ap_done_int                  |   9|          2|    1|          2|
    |ap_enable_reg_pp0_iter0      |   9|          2|    1|          2|
    |ap_enable_reg_pp0_iter0_reg  |   9|          2|    1|          2|
    |ap_enable_reg_pp0_iter1      |   9|          2|    1|          2|
    |gmem0_blk_n_W                |   9|          2|    1|          2|
    |i_fu_102                     |   9|          2|   32|         64|
    |itr_fu_110                   |   9|          2|   11|         22|
    |j_fu_106                     |   9|          2|   32|         64|
    |m_axi_gmem0_WDATA            |  37|          9|   64|        576|
    |phi_ln96_fu_98               |   9|          2|  496|        992|
    +-----------------------------+----+-----------+-----+-----------+
    |Total                        | 155|         36|  641|       1737|
    +-----------------------------+----+-----------+-----+-----------+

    * Register: 
    +-----------------------------+-----+----+-----+-----------+
    |             Name            |  FF | LUT| Bits| Const Bits|
    +-----------------------------+-----+----+-----+-----------+
    |C_V_load_reg_507             |   16|   0|   16|          0|
    |ap_CS_fsm                    |    8|   0|    8|          0|
    |ap_done_reg                  |    1|   0|    1|          0|
    |ap_enable_reg_pp0_iter0_reg  |    1|   0|    1|          0|
    |ap_enable_reg_pp0_iter1      |    1|   0|    1|          0|
    |i_fu_102                     |   32|   0|   32|          0|
    |icmp_ln90_reg_482            |    1|   0|    1|          0|
    |icmp_ln96_reg_491            |    1|   0|    1|          0|
    |itr_fu_110                   |   11|   0|   11|          0|
    |j_fu_106                     |   32|   0|   32|          0|
    |phi_ln96_fu_98               |  496|   0|  496|          0|
    |tmp_s_reg_542                |   48|   0|   48|          0|
    |trunc_ln96_1_reg_512         |   64|   0|   64|          0|
    |trunc_ln96_2_reg_517         |   64|   0|   64|          0|
    |trunc_ln96_3_reg_522         |   64|   0|   64|          0|
    |trunc_ln96_4_reg_527         |   64|   0|   64|          0|
    |trunc_ln96_5_reg_532         |   64|   0|   64|          0|
    |trunc_ln96_6_reg_537         |   64|   0|   64|          0|
    +-----------------------------+-----+----+-----+-----------+
    |Total                        | 1032|   0| 1032|          0|
    +-----------------------------+-----+----+-----+-----------+



================================================================
== Interface
================================================================
* Summary: 
+----------------------+-----+-----+------------+------------------------+--------------+
|       RTL Ports      | Dir | Bits|  Protocol  |      Source Object     |    C Type    |
+----------------------+-----+-----+------------+------------------------+--------------+
|ap_clk                |   in|    1|  ap_ctrl_hs|  matmul_Pipeline_writeC|  return value|
|ap_rst                |   in|    1|  ap_ctrl_hs|  matmul_Pipeline_writeC|  return value|
|ap_start              |   in|    1|  ap_ctrl_hs|  matmul_Pipeline_writeC|  return value|
|ap_done               |  out|    1|  ap_ctrl_hs|  matmul_Pipeline_writeC|  return value|
|ap_idle               |  out|    1|  ap_ctrl_hs|  matmul_Pipeline_writeC|  return value|
|ap_ready              |  out|    1|  ap_ctrl_hs|  matmul_Pipeline_writeC|  return value|
|ap_ext_blocking_n     |  out|    1|  ap_ctrl_hs|  matmul_Pipeline_writeC|  return value|
|ap_str_blocking_n     |  out|    1|  ap_ctrl_hs|  matmul_Pipeline_writeC|  return value|
|ap_int_blocking_n     |  out|    1|  ap_ctrl_hs|  matmul_Pipeline_writeC|  return value|
|m_axi_gmem0_AWVALID   |  out|    1|       m_axi|                   gmem0|       pointer|
|m_axi_gmem0_AWREADY   |   in|    1|       m_axi|                   gmem0|       pointer|
|m_axi_gmem0_AWADDR    |  out|   32|       m_axi|                   gmem0|       pointer|
|m_axi_gmem0_AWID      |  out|    1|       m_axi|                   gmem0|       pointer|
|m_axi_gmem0_AWLEN     |  out|   32|       m_axi|                   gmem0|       pointer|
|m_axi_gmem0_AWSIZE    |  out|    3|       m_axi|                   gmem0|       pointer|
|m_axi_gmem0_AWBURST   |  out|    2|       m_axi|                   gmem0|       pointer|
|m_axi_gmem0_AWLOCK    |  out|    2|       m_axi|                   gmem0|       pointer|
|m_axi_gmem0_AWCACHE   |  out|    4|       m_axi|                   gmem0|       pointer|
|m_axi_gmem0_AWPROT    |  out|    3|       m_axi|                   gmem0|       pointer|
|m_axi_gmem0_AWQOS     |  out|    4|       m_axi|                   gmem0|       pointer|
|m_axi_gmem0_AWREGION  |  out|    4|       m_axi|                   gmem0|       pointer|
|m_axi_gmem0_AWUSER    |  out|    1|       m_axi|                   gmem0|       pointer|
|m_axi_gmem0_WVALID    |  out|    1|       m_axi|                   gmem0|       pointer|
|m_axi_gmem0_WREADY    |   in|    1|       m_axi|                   gmem0|       pointer|
|m_axi_gmem0_WDATA     |  out|   64|       m_axi|                   gmem0|       pointer|
|m_axi_gmem0_WSTRB     |  out|    8|       m_axi|                   gmem0|       pointer|
|m_axi_gmem0_WLAST     |  out|    1|       m_axi|                   gmem0|       pointer|
|m_axi_gmem0_WID       |  out|    1|       m_axi|                   gmem0|       pointer|
|m_axi_gmem0_WUSER     |  out|    1|       m_axi|                   gmem0|       pointer|
|m_axi_gmem0_ARVALID   |  out|    1|       m_axi|                   gmem0|       pointer|
|m_axi_gmem0_ARREADY   |   in|    1|       m_axi|                   gmem0|       pointer|
|m_axi_gmem0_ARADDR    |  out|   32|       m_axi|                   gmem0|       pointer|
|m_axi_gmem0_ARID      |  out|    1|       m_axi|                   gmem0|       pointer|
|m_axi_gmem0_ARLEN     |  out|   32|       m_axi|                   gmem0|       pointer|
|m_axi_gmem0_ARSIZE    |  out|    3|       m_axi|                   gmem0|       pointer|
|m_axi_gmem0_ARBURST   |  out|    2|       m_axi|                   gmem0|       pointer|
|m_axi_gmem0_ARLOCK    |  out|    2|       m_axi|                   gmem0|       pointer|
|m_axi_gmem0_ARCACHE   |  out|    4|       m_axi|                   gmem0|       pointer|
|m_axi_gmem0_ARPROT    |  out|    3|       m_axi|                   gmem0|       pointer|
|m_axi_gmem0_ARQOS     |  out|    4|       m_axi|                   gmem0|       pointer|
|m_axi_gmem0_ARREGION  |  out|    4|       m_axi|                   gmem0|       pointer|
|m_axi_gmem0_ARUSER    |  out|    1|       m_axi|                   gmem0|       pointer|
|m_axi_gmem0_RVALID    |   in|    1|       m_axi|                   gmem0|       pointer|
|m_axi_gmem0_RREADY    |  out|    1|       m_axi|                   gmem0|       pointer|
|m_axi_gmem0_RDATA     |   in|   64|       m_axi|                   gmem0|       pointer|
|m_axi_gmem0_RLAST     |   in|    1|       m_axi|                   gmem0|       pointer|
|m_axi_gmem0_RID       |   in|    1|       m_axi|                   gmem0|       pointer|
|m_axi_gmem0_RFIFONUM  |   in|    9|       m_axi|                   gmem0|       pointer|
|m_axi_gmem0_RUSER     |   in|    1|       m_axi|                   gmem0|       pointer|
|m_axi_gmem0_RRESP     |   in|    2|       m_axi|                   gmem0|       pointer|
|m_axi_gmem0_BVALID    |   in|    1|       m_axi|                   gmem0|       pointer|
|m_axi_gmem0_BREADY    |  out|    1|       m_axi|                   gmem0|       pointer|
|m_axi_gmem0_BRESP     |   in|    2|       m_axi|                   gmem0|       pointer|
|m_axi_gmem0_BID       |   in|    1|       m_axi|                   gmem0|       pointer|
|m_axi_gmem0_BUSER     |   in|    1|       m_axi|                   gmem0|       pointer|
|sext_ln90             |   in|   29|     ap_none|               sext_ln90|        scalar|
|C_V_address0          |  out|   10|   ap_memory|                     C_V|         array|
|C_V_ce0               |  out|    1|   ap_memory|                     C_V|         array|
|C_V_q0                |   in|   16|   ap_memory|                     C_V|         array|
+----------------------+-----+-----+------------+------------------------+--------------+

