Thu Jun 16 14:56:06 2022: Running xcd server. This server was built by gradle.
Thu Jun 16 14:56:06 2022: Server was asked to start on port: '40803'
Thu Jun 16 14:56:06 2022: Server is using token UUID: '23d49ab2-f420-4019-87ea-1abf3ce29157'
Thu Jun 16 14:56:06 2022: SESSION_MGR: creating session with session uuid: '6d04a3e9-ade5-4ab9-8d63-1f78fcd2ec76' and name 'default'
Thu Jun 16 14:56:06 2022: Attempting to start server on port '40803'
Thu Jun 16 14:56:06 2022: XCD main fifo: created main fifo '/tmp/xcdmain23d49ab2-f420-4019-87ea-1abf3ce29157', fd read = 14
Thu Jun 16 14:56:06 2022: Running Dispatch Server
Thu Jun 16 14:56:06 2022: Version 2.2.0
Thu Jun 16 14:56:14 2022: Dispatch Server: Accepted socket connection from client
Thu Jun 16 14:56:14 2022: Starting Socket connection
Thu Jun 16 14:56:14 2022: EXCHANGE_TOKEN received, server token: 23d49ab2-f420-4019-87ea-1abf3ce29157, passed token: 23d49ab2-f420-4019-87ea-1abf3ce29157
Thu Jun 16 14:56:16 2022: DISPATCH_HANDLER: Adding handler from function makeHandler in library libxv_system_diagram
Thu Jun 16 14:56:16 2022: SESSION_MGR: creating session with session uuid: '637fe64c-d29d-491e-aadf-a114034c75f5' and name 'matmul'
Thu Jun 16 14:56:16 2022: KERNEL_SVC: creating session with uuid: '637fe64c-d29d-491e-aadf-a114034c75f5' and name 'matmul'
Thu Jun 16 14:56:16 2022: GUIDANCE_SMGR: creating guidance session with uuid: '637fe64c-d29d-491e-aadf-a114034c75f5' and name 'matmul'
Thu Jun 16 14:56:16 2022: SYSTEM_DIAGRAM: creating session with uuid: '637fe64c-d29d-491e-aadf-a114034c75f5' and name 'matmul'
Thu Jun 16 14:56:32 2022: SESSION_MGR: closing session for UUID '637fe64c-d29d-491e-aadf-a114034c75f5' with name 'matmul'
Thu Jun 16 14:56:32 2022: KERNEL_SVC: closing session for UUID '637fe64c-d29d-491e-aadf-a114034c75f5' with name 'matmul'
Thu Jun 16 14:56:32 2022: GUIDANCE_SMGR: closing session for UUID '637fe64c-d29d-491e-aadf-a114034c75f5' with name 'matmul'
Thu Jun 16 14:56:32 2022: SYSTEM_DIAGRAM: closing session for UUID '637fe64c-d29d-491e-aadf-a114034c75f5' with name 'matmul'
