Thu Jun 16 14:56:37 2022: Running xcd server. This server was built by gradle.
Thu Jun 16 14:56:37 2022: Server was asked to start on port: '36867'
Thu Jun 16 14:56:37 2022: Server is using token UUID: '1b11064f-11f9-4f94-bb68-3f270bb1d3c7'
Thu Jun 16 14:56:37 2022: SESSION_MGR: creating session with session uuid: '6d04a3e9-ade5-4ab9-8d63-1f78fcd2ec76' and name 'default'
Thu Jun 16 14:56:37 2022: Attempting to start server on port '36867'
Thu Jun 16 14:56:37 2022: XCD main fifo: created main fifo '/tmp/xcdmain1b11064f-11f9-4f94-bb68-3f270bb1d3c7', fd read = 14
Thu Jun 16 14:56:37 2022: Running Dispatch Server
Thu Jun 16 14:56:37 2022: Version 2.2.0
Thu Jun 16 14:56:46 2022: Dispatch Server: Accepted socket connection from client
Thu Jun 16 14:56:46 2022: Starting Socket connection
Thu Jun 16 14:56:46 2022: EXCHANGE_TOKEN received, server token: 1b11064f-11f9-4f94-bb68-3f270bb1d3c7, passed token: 1b11064f-11f9-4f94-bb68-3f270bb1d3c7
Thu Jun 16 14:56:47 2022: DISPATCH_HANDLER: Adding handler from function makeHandler in library libxv_system_diagram
Thu Jun 16 14:56:47 2022: SESSION_MGR: creating session with session uuid: 'b94c5ae1-3b11-4fa4-875f-8bd6f79ca6f6' and name 'link'
Thu Jun 16 14:56:47 2022: KERNEL_SVC: creating session with uuid: 'b94c5ae1-3b11-4fa4-875f-8bd6f79ca6f6' and name 'link'
Thu Jun 16 14:56:47 2022: GUIDANCE_SMGR: creating guidance session with uuid: 'b94c5ae1-3b11-4fa4-875f-8bd6f79ca6f6' and name 'link'
Thu Jun 16 14:56:47 2022: SYSTEM_DIAGRAM: creating session with uuid: 'b94c5ae1-3b11-4fa4-875f-8bd6f79ca6f6' and name 'link'
Thu Jun 16 14:56:57 2022: SESSION_MGR: closing session for UUID 'b94c5ae1-3b11-4fa4-875f-8bd6f79ca6f6' with name 'link'
Thu Jun 16 14:56:57 2022: KERNEL_SVC: closing session for UUID 'b94c5ae1-3b11-4fa4-875f-8bd6f79ca6f6' with name 'link'
Thu Jun 16 14:56:57 2022: GUIDANCE_SMGR: closing session for UUID 'b94c5ae1-3b11-4fa4-875f-8bd6f79ca6f6' with name 'link'
Thu Jun 16 14:56:57 2022: SYSTEM_DIAGRAM: closing session for UUID 'b94c5ae1-3b11-4fa4-875f-8bd6f79ca6f6' with name 'link'
