11:02:49 INFO  : Launching XSCT server: xsct -n  -interactive /home/mdu/Desktop/first_proj/xilinx_zc706_base/vitis/temp_xsdb_launch_script.tcl
11:02:49 INFO  : Platform repository initialization has completed.
11:02:49 INFO  : Registering command handlers for Vitis TCF services
11:02:53 INFO  : XSCT server has started successfully.
11:02:53 INFO  : Successfully done setting XSCT server connection channel  
11:02:53 INFO  : plnx-install-location is set to ''
11:02:53 INFO  : Successfully done setting workspace for the tool. 
11:02:53 INFO  : Successfully done query RDI_DATADIR 
11:08:14 INFO  : Added binary container 'binary_container_1' in project 'matmul_system_hw_link'
11:08:14 INFO  : Added kernel '[matmul - matmul_kernels/src/krnl_matrixmul.cpp]' in binary container 'binary_container_1' of project 'matmul_system_hw_link'
11:08:53 INFO  : Build configuration of 'matmul_system' is updated to 'Hardware'
11:08:53 INFO  : Build configuration of system project is automatically updated to 'Hardware'.
11:08:53 INFO  : Build configuration of 'matmul_system_hw_link' is updated to 'Hardware'
11:08:53 INFO  : Build configuration of 'matmul' is updated to 'Hardware'
12:51:09 INFO  : Launching XSCT server: xsct -n  -interactive /home/mdu/Desktop/first_proj/xilinx_zc706_base/vitis/temp_xsdb_launch_script.tcl
12:51:10 INFO  : Platform repository initialization has completed.
12:51:12 INFO  : Registering command handlers for Vitis TCF services
12:51:14 INFO  : XSCT server has started successfully.
12:51:15 INFO  : plnx-install-location is set to ''
12:51:15 INFO  : Successfully done setting XSCT server connection channel  
12:51:15 INFO  : Successfully done query RDI_DATADIR 
12:51:15 INFO  : Successfully done setting workspace for the tool. 
14:54:37 INFO  : Build configuration of 'matmul_system_hw_link' is updated to 'Emulation-HW'
14:54:37 INFO  : Build configuration of 'matmul_kernels' is updated to 'Emulation-HW'
14:54:37 INFO  : Build configuration of 'matmul' is updated to 'Emulation-HW'
14:55:27 INFO  : Build configuration of 'matmul_system_hw_link' is updated to 'Emulation-SW'
14:55:27 INFO  : Build configuration of 'matmul_kernels' is updated to 'Emulation-SW'
14:55:27 INFO  : Build configuration of 'matmul' is updated to 'Emulation-SW'
14:57:32 INFO  : Build configuration of 'matmul_system_hw_link' is updated to 'Emulation-HW'
14:57:33 INFO  : Build configuration of 'matmul_kernels' is updated to 'Emulation-HW'
14:57:33 INFO  : Build configuration of 'matmul' is updated to 'Emulation-HW'
15:10:21 INFO  : Build configuration of 'matmul_system' is updated to 'Hardware'
15:10:21 INFO  : Build configuration of 'matmul_system_hw_link' is updated to 'Hardware'
15:10:22 INFO  : Build configuration of 'matmul_kernels' is updated to 'Hardware'
15:10:22 INFO  : Build configuration of 'matmul' is updated to 'Hardware'
15:10:26 INFO  : Environment used by launch configuration 'SystemDebugger_matmul_system_matmul' is updated to '{XILINX_XRT=/usr}'.
15:10:26 INFO  : Add the variable 'XILINX_VITIS_DEBUG_ENV_CUSTOM' in enivronment tab of the launch configuration dialog to prevent the tool from overriding the environment.
15:10:26 INFO  : Arguments used by launch configuration 'SystemDebugger_matmul_system_matmul' is updated to './binary_container_1.xclbin'.
15:10:39 INFO  : Build configuration of 'matmul_system_hw_link' is updated to 'Emulation-HW'
15:10:40 INFO  : Build configuration of 'matmul_kernels' is updated to 'Emulation-HW'
15:10:40 INFO  : Build configuration of 'matmul' is updated to 'Emulation-HW'
15:10:51 INFO  : Launching the emulator on project 'matmul_system' for configuration 'Emulation-HW'
15:10:51 INFO  : Launching QEMU with command '/home/mdu/Desktop/first_proj/xilinx_zc706_base/vitis/matmul_system/Emulation-HW/package/launch_hw_emu.sh -add-env ENABLE_RDWR_DEBUG=true -add-env RDWR_DEBUG_PORT=10100 -pid-file /home/mdu/Desktop/first_proj/xilinx_zc706_base/vitis/matmul_system/Emulation-HW/emulation.pid -graphic-xsim -no-reboot -forward-port 1440 1534'
15:11:26 ERROR : Could not connect to host '192.168.0.1' specified in the target 'Linux Agent'
15:11:27 ERROR : [QEMU Process]: qemu-system-aarch64: warning: nic ethernet@e000c000 has no peer

15:37:45 ERROR : [QEMU Process]: qemu-system-aarch64: 
15:37:45 ERROR : [QEMU Process]: /cosim@0: Disconnected clk=1577500902541 ns


15:37:50 ERROR : Emulator process has terminated with error.
15:37:50 INFO  : Environment used by launch configuration 'SystemDebugger_matmul_system_matmul' is updated to '{XCL_EMULATION_MODE=hw_emu, XILINX_XRT=/usr, LD_LIBRARY_PATH=/mnt/sd-mmcblk0p1/:/tmp:$LD_LIBRARY_PATH, XILINX_VITIS=/mnt/sd-mmcblk0p1/}'.
15:37:50 INFO  : Add the variable 'XILINX_VITIS_DEBUG_ENV_CUSTOM' in enivronment tab of the launch configuration dialog to prevent the tool from overriding the environment.
15:37:50 INFO  : Arguments used by launch configuration 'SystemDebugger_matmul_system_matmul' is updated to './binary_container_1.xclbin'.
15:37:50 WARN  : The platform description file '/home/mdu/Desktop/first_proj/xilinx_zc706_base/vitis/matmul_system/Emulation-HW/package/sd_card/platform_desc.txt' required for the launching the application 'matmul' doesn't exist.
15:37:50 ERROR : Failed to transfer files from host to target 'Linux Agent'.
15:37:50 ERROR : Failed to transfer files from target 'Linux Agent' to host.
16:04:10 INFO  : Build configuration of 'matmul_system_hw_link' is updated to 'Hardware'
16:04:10 INFO  : Build configuration of 'matmul_kernels' is updated to 'Hardware'
16:04:10 INFO  : Build configuration of 'matmul' is updated to 'Hardware'
10:14:39 INFO  : Build configuration of 'matmul_system' is updated to 'Emulation-HW'
10:14:39 INFO  : Build configuration of system project is automatically updated to 'Emulation-HW'.
10:14:39 INFO  : Build configuration of 'matmul_system_hw_link' is updated to 'Emulation-HW'
10:14:39 INFO  : Build configuration of 'matmul' is updated to 'Emulation-HW'
10:18:41 INFO  : Launching the emulator on project 'matmul_system' for configuration 'Emulation-HW'
10:18:41 ERROR : Failed to start emulator on the project 'matmul_system' using the build configuration 'Emulation-HW'.
10:18:48 INFO  : Environment used by launch configuration 'SystemDebugger_matmul_system_matmul' is updated to '{XCL_EMULATION_MODE=hw_emu, XILINX_XRT=/usr, LD_LIBRARY_PATH=/mnt/sd-mmcblk0p1/:/tmp:$LD_LIBRARY_PATH, XILINX_VITIS=/mnt/sd-mmcblk0p1/}'.
10:18:48 INFO  : Add the variable 'XILINX_VITIS_DEBUG_ENV_CUSTOM' in enivronment tab of the launch configuration dialog to prevent the tool from overriding the environment.
10:18:48 INFO  : Arguments used by launch configuration 'SystemDebugger_matmul_system_matmul' is updated to './binary_container_1.xclbin'.
10:18:48 WARN  : The platform description file '/home/mdu/Desktop/first_proj/xilinx_zc706_base/vitis/matmul_system/Emulation-HW/package/sd_card/platform_desc.txt' required for the launching the application 'matmul' doesn't exist.
10:18:48 ERROR : Failed to transfer files from host to target 'Linux Agent'.
10:18:48 ERROR : Failed to transfer files from target 'Linux Agent' to host.
10:19:00 INFO  : Launching the emulator on project 'matmul_system' for configuration 'Emulation-HW'
10:19:00 ERROR : Failed to start emulator on the project 'matmul_system' using the build configuration 'Emulation-HW'.
10:19:07 INFO  : Environment used by launch configuration 'SystemDebugger_matmul_system_matmul' is updated to '{XCL_EMULATION_MODE=hw_emu, XILINX_XRT=/usr, LD_LIBRARY_PATH=/mnt/sd-mmcblk0p1/:/tmp:$LD_LIBRARY_PATH, XILINX_VITIS=/mnt/sd-mmcblk0p1/}'.
10:19:07 INFO  : Add the variable 'XILINX_VITIS_DEBUG_ENV_CUSTOM' in enivronment tab of the launch configuration dialog to prevent the tool from overriding the environment.
10:19:07 INFO  : Arguments used by launch configuration 'SystemDebugger_matmul_system_matmul' is updated to './binary_container_1.xclbin'.
10:19:07 WARN  : The platform description file '/home/mdu/Desktop/first_proj/xilinx_zc706_base/vitis/matmul_system/Emulation-HW/package/sd_card/platform_desc.txt' required for the launching the application 'matmul' doesn't exist.
10:19:07 ERROR : Failed to transfer files from host to target 'Linux Agent'.
10:19:07 ERROR : Failed to transfer files from target 'Linux Agent' to host.
10:20:55 INFO  : Launching the emulator on project 'matmul_system' for configuration 'Emulation-HW'
10:20:55 ERROR : Failed to start emulator on the project 'matmul_system' using the build configuration 'Emulation-HW'.
10:20:56 INFO  : Environment used by launch configuration 'SystemDebugger_matmul_system_matmul' is updated to '{XCL_EMULATION_MODE=hw_emu, XILINX_XRT=/usr, LD_LIBRARY_PATH=/mnt/sd-mmcblk0p1/:/tmp:$LD_LIBRARY_PATH, XILINX_VITIS=/mnt/sd-mmcblk0p1/}'.
10:20:56 INFO  : Add the variable 'XILINX_VITIS_DEBUG_ENV_CUSTOM' in enivronment tab of the launch configuration dialog to prevent the tool from overriding the environment.
10:20:56 INFO  : Arguments used by launch configuration 'SystemDebugger_matmul_system_matmul' is updated to './binary_container_1.xclbin'.
10:20:56 WARN  : The platform description file '/home/mdu/Desktop/first_proj/xilinx_zc706_base/vitis/matmul_system/Emulation-HW/package/sd_card/platform_desc.txt' required for the launching the application 'matmul' doesn't exist.
10:20:56 ERROR : Failed to transfer files from host to target 'Linux Agent'.
10:20:56 ERROR : Failed to transfer files from target 'Linux Agent' to host.
10:21:08 INFO  : Launching the emulator on project 'matmul_system' for configuration 'Emulation-HW'
10:21:08 ERROR : Failed to start emulator on the project 'matmul_system' using the build configuration 'Emulation-HW'.
10:21:09 INFO  : Environment used by launch configuration 'SystemDebugger_matmul_system_matmul' is updated to '{XCL_EMULATION_MODE=hw_emu, XILINX_XRT=/usr, LD_LIBRARY_PATH=/mnt/sd-mmcblk0p1/:/tmp:$LD_LIBRARY_PATH, XILINX_VITIS=/mnt/sd-mmcblk0p1/}'.
10:21:09 INFO  : Add the variable 'XILINX_VITIS_DEBUG_ENV_CUSTOM' in enivronment tab of the launch configuration dialog to prevent the tool from overriding the environment.
10:21:09 INFO  : Arguments used by launch configuration 'SystemDebugger_matmul_system_matmul' is updated to './binary_container_1.xclbin'.
10:21:09 WARN  : The platform description file '/home/mdu/Desktop/first_proj/xilinx_zc706_base/vitis/matmul_system/Emulation-HW/package/sd_card/platform_desc.txt' required for the launching the application 'matmul' doesn't exist.
10:21:09 ERROR : Failed to transfer files from host to target 'Linux Agent'.
10:21:09 ERROR : Failed to transfer files from target 'Linux Agent' to host.
10:23:04 INFO  : Launching XSCT server: xsct -n  -interactive /home/mdu/Desktop/first_proj/xilinx_zc706_base/vitis/temp_xsdb_launch_script.tcl
10:23:05 INFO  : Platform repository initialization has completed.
10:23:07 INFO  : Registering command handlers for Vitis TCF services
10:23:08 INFO  : XSCT server has started successfully.
10:23:09 INFO  : plnx-install-location is set to ''
10:23:09 INFO  : Successfully done setting XSCT server connection channel  
10:23:09 INFO  : Successfully done query RDI_DATADIR 
10:23:09 INFO  : Successfully done setting workspace for the tool. 
10:23:25 INFO  : Launching the emulator on project 'matmul_system' for configuration 'Emulation-HW'
10:23:25 ERROR : Failed to start emulator on the project 'matmul_system' using the build configuration 'Emulation-HW'.
10:23:32 INFO  : Environment used by launch configuration 'SystemDebugger_matmul_system_matmul' is updated to '{XCL_EMULATION_MODE=hw_emu, XILINX_XRT=/usr, LD_LIBRARY_PATH=/mnt/sd-mmcblk0p1/:/tmp:$LD_LIBRARY_PATH, XILINX_VITIS=/mnt/sd-mmcblk0p1/}'.
10:23:32 INFO  : Add the variable 'XILINX_VITIS_DEBUG_ENV_CUSTOM' in enivronment tab of the launch configuration dialog to prevent the tool from overriding the environment.
10:23:32 INFO  : Arguments used by launch configuration 'SystemDebugger_matmul_system_matmul' is updated to './binary_container_1.xclbin'.
10:23:32 WARN  : The platform description file '/home/mdu/Desktop/first_proj/xilinx_zc706_base/vitis/matmul_system/Emulation-HW/package/sd_card/platform_desc.txt' required for the launching the application 'matmul' doesn't exist.
10:23:32 ERROR : Failed to transfer files from host to target 'Linux Agent'.
10:23:32 ERROR : Failed to transfer files from target 'Linux Agent' to host.
10:29:38 INFO  : Launching the emulator on project 'matmul_system' for configuration 'Emulation-HW'
10:29:38 INFO  : Launching QEMU with command '/home/mdu/Desktop/first_proj/xilinx_zc706_base/vitis/matmul_system/Emulation-HW/package/launch_hw_emu.sh -add-env ENABLE_RDWR_DEBUG=true -add-env RDWR_DEBUG_PORT=10100 -pid-file /home/mdu/Desktop/first_proj/xilinx_zc706_base/vitis/matmul_system/Emulation-HW/emulation.pid -no-reboot -forward-port 1440 1534'
10:29:58 ERROR : [QEMU Process]: qemu-system-aarch64: warning: nic ethernet@e000c000 has no peer

10:31:43 INFO  : Emulator has started.
10:31:43 INFO  : Environment used by launch configuration 'SystemDebugger_matmul_system_matmul' is updated to '{XCL_EMULATION_MODE=hw_emu, XILINX_XRT=/usr, LD_LIBRARY_PATH=/mnt/sd-mmcblk0p1/:/tmp:$LD_LIBRARY_PATH, XILINX_VITIS=/mnt/sd-mmcblk0p1/}'.
10:31:43 INFO  : Add the variable 'XILINX_VITIS_DEBUG_ENV_CUSTOM' in enivronment tab of the launch configuration dialog to prevent the tool from overriding the environment.
10:31:43 INFO  : Arguments used by launch configuration 'SystemDebugger_matmul_system_matmul' is updated to './binary_container_1.xclbin'.
10:31:43 WARN  : The platform description file '/home/mdu/Desktop/first_proj/xilinx_zc706_base/vitis/matmul_system/Emulation-HW/package/sd_card/platform_desc.txt' required for the launching the application 'matmul' doesn't exist.
10:31:43 INFO  : Transferred file from '/home/mdu/Desktop/first_proj/xilinx_zc706_base/vitis/matmul/Emulation-HW/SystemDebugger_matmul_system_matmul/xrt.ini' to '/mnt/sd-mmcblk0p1/xrt.ini'.
10:31:58 INFO  : Transferred file from '/mnt/sd-mmcblk0p1/summary.csv' to '/home/mdu/Desktop/first_proj/xilinx_zc706_base/vitis/matmul/Emulation-HW/SystemDebugger_matmul_system_matmul/summary.csv'.
10:31:58 INFO  : Transferred file from '/mnt/sd-mmcblk0p1/device_trace_0.csv' to '/home/mdu/Desktop/first_proj/xilinx_zc706_base/vitis/matmul/Emulation-HW/SystemDebugger_matmul_system_matmul/device_trace_0.csv'.
10:31:58 INFO  : Transferred file from '/mnt/sd-mmcblk0p1/xrt.run_summary' to '/home/mdu/Desktop/first_proj/xilinx_zc706_base/vitis/matmul/Emulation-HW/SystemDebugger_matmul_system_matmul/xrt.run_summary'.
11:17:05 INFO  : Added kernel '[matmul_opt_2 - matmul_kernels/src/krnl_matrixmul_opt_2.cpp]' in binary container 'binary_container_1' of project 'matmul_system_hw_link'
11:17:53 INFO  : Removed kernel '[matmul - matmul_kernels/null]' in binary container 'binary_container_1' of project 'matmul_system_hw_link'
11:37:08 INFO  : Environment used by launch configuration 'SystemDebugger_matmul_system_matmul' is updated to '{XCL_EMULATION_MODE=hw_emu, XILINX_XRT=/usr, LD_LIBRARY_PATH=/mnt/sd-mmcblk0p1/:/tmp:$LD_LIBRARY_PATH, XILINX_VITIS=/mnt/sd-mmcblk0p1/}'.
11:37:08 INFO  : Add the variable 'XILINX_VITIS_DEBUG_ENV_CUSTOM' in enivronment tab of the launch configuration dialog to prevent the tool from overriding the environment.
11:37:08 INFO  : Arguments used by launch configuration 'SystemDebugger_matmul_system_matmul' is updated to './binary_container_1.xclbin'.
11:37:08 WARN  : The platform description file '/home/mdu/Desktop/first_proj/xilinx_zc706_base/vitis/matmul_system/Emulation-HW/package/sd_card/platform_desc.txt' required for the launching the application 'matmul' doesn't exist.
11:37:08 INFO  : Transferred file from '/home/mdu/Desktop/first_proj/xilinx_zc706_base/vitis/matmul/Emulation-HW/SystemDebugger_matmul_system_matmul/xrt.ini' to '/mnt/sd-mmcblk0p1/xrt.ini'.
11:37:15 INFO  : Transferred file from '/mnt/sd-mmcblk0p1/summary.csv' to '/home/mdu/Desktop/first_proj/xilinx_zc706_base/vitis/matmul/Emulation-HW/SystemDebugger_matmul_system_matmul/summary.csv'.
11:37:15 INFO  : Transferred file from '/mnt/sd-mmcblk0p1/device_trace_0.csv' to '/home/mdu/Desktop/first_proj/xilinx_zc706_base/vitis/matmul/Emulation-HW/SystemDebugger_matmul_system_matmul/device_trace_0.csv'.
11:37:15 INFO  : Transferred file from '/mnt/sd-mmcblk0p1/xrt.run_summary' to '/home/mdu/Desktop/first_proj/xilinx_zc706_base/vitis/matmul/Emulation-HW/SystemDebugger_matmul_system_matmul/xrt.run_summary'.
11:38:26 INFO  : Added kernel '[matmul - matmul_kernels/src/krnl_matrixmul.cpp]' in binary container 'binary_container_1' of project 'matmul_system_hw_link'
11:38:32 INFO  : Removed kernel '[matmul_opt_2 - matmul_kernels/null]' in binary container 'binary_container_1' of project 'matmul_system_hw_link'
11:38:51 INFO  : Environment used by launch configuration 'SystemDebugger_matmul_system_matmul' is updated to '{XCL_EMULATION_MODE=hw_emu, XILINX_XRT=/usr, LD_LIBRARY_PATH=/mnt/sd-mmcblk0p1/:/tmp:$LD_LIBRARY_PATH, XILINX_VITIS=/mnt/sd-mmcblk0p1/}'.
11:38:51 INFO  : Add the variable 'XILINX_VITIS_DEBUG_ENV_CUSTOM' in enivronment tab of the launch configuration dialog to prevent the tool from overriding the environment.
11:38:51 INFO  : Arguments used by launch configuration 'SystemDebugger_matmul_system_matmul' is updated to './binary_container_1.xclbin'.
11:38:51 WARN  : The platform description file '/home/mdu/Desktop/first_proj/xilinx_zc706_base/vitis/matmul_system/Emulation-HW/package/sd_card/platform_desc.txt' required for the launching the application 'matmul' doesn't exist.
11:38:51 INFO  : Transferred file from '/home/mdu/Desktop/first_proj/xilinx_zc706_base/vitis/matmul/Emulation-HW/SystemDebugger_matmul_system_matmul/xrt.ini' to '/mnt/sd-mmcblk0p1/xrt.ini'.
11:38:57 INFO  : Transferred file from '/mnt/sd-mmcblk0p1/summary.csv' to '/home/mdu/Desktop/first_proj/xilinx_zc706_base/vitis/matmul/Emulation-HW/SystemDebugger_matmul_system_matmul/summary.csv'.
11:38:57 INFO  : Transferred file from '/mnt/sd-mmcblk0p1/device_trace_0.csv' to '/home/mdu/Desktop/first_proj/xilinx_zc706_base/vitis/matmul/Emulation-HW/SystemDebugger_matmul_system_matmul/device_trace_0.csv'.
11:38:57 INFO  : Transferred file from '/mnt/sd-mmcblk0p1/xrt.run_summary' to '/home/mdu/Desktop/first_proj/xilinx_zc706_base/vitis/matmul/Emulation-HW/SystemDebugger_matmul_system_matmul/xrt.run_summary'.
14:35:02 INFO  : Environment used by launch configuration 'SystemDebugger_matmul_system_matmul' is updated to '{XCL_EMULATION_MODE=hw_emu, XILINX_XRT=/usr, LD_LIBRARY_PATH=/mnt/sd-mmcblk0p1/:/tmp:$LD_LIBRARY_PATH, XILINX_VITIS=/mnt/sd-mmcblk0p1/}'.
14:35:02 INFO  : Add the variable 'XILINX_VITIS_DEBUG_ENV_CUSTOM' in enivronment tab of the launch configuration dialog to prevent the tool from overriding the environment.
14:35:02 INFO  : Arguments used by launch configuration 'SystemDebugger_matmul_system_matmul' is updated to './binary_container_1.xclbin'.
14:35:02 WARN  : The platform description file '/home/mdu/Desktop/first_proj/xilinx_zc706_base/vitis/matmul_system/Emulation-HW/package/sd_card/platform_desc.txt' required for the launching the application 'matmul' doesn't exist.
14:35:02 INFO  : Transferred file from '/home/mdu/Desktop/first_proj/xilinx_zc706_base/vitis/matmul/Emulation-HW/SystemDebugger_matmul_system_matmul/xrt.ini' to '/mnt/sd-mmcblk0p1/xrt.ini'.
14:35:13 INFO  : Transferred file from '/mnt/sd-mmcblk0p1/summary.csv' to '/home/mdu/Desktop/first_proj/xilinx_zc706_base/vitis/matmul/Emulation-HW/SystemDebugger_matmul_system_matmul/summary.csv'.
14:35:13 INFO  : Transferred file from '/mnt/sd-mmcblk0p1/device_trace_0.csv' to '/home/mdu/Desktop/first_proj/xilinx_zc706_base/vitis/matmul/Emulation-HW/SystemDebugger_matmul_system_matmul/device_trace_0.csv'.
14:35:13 INFO  : Transferred file from '/mnt/sd-mmcblk0p1/xrt.run_summary' to '/home/mdu/Desktop/first_proj/xilinx_zc706_base/vitis/matmul/Emulation-HW/SystemDebugger_matmul_system_matmul/xrt.run_summary'.
14:38:14 INFO  : Stopping the emulator on project 'matmul_system' for configuration 'Emulation-HW'
14:38:14 INFO  : Stopping QEMU with command 'launch_emulator -kill-pid-file /home/mdu/Desktop/first_proj/xilinx_zc706_base/vitis/matmul_system/Emulation-HW/emulation.pid'
14:38:15 ERROR : [QEMU Process]: qemu-system-aarch64: terminating on signal 15 from pid 7762 ()

14:38:19 INFO  : Emulator has terminated.
14:39:38 INFO  : Launching XSCT server: xsct -n  -interactive /home/mdu/Desktop/first_proj/xilinx_zc706_base/vitis/temp_xsdb_launch_script.tcl
14:39:39 INFO  : Platform repository initialization has completed.
14:39:40 INFO  : Registering command handlers for Vitis TCF services
14:39:42 INFO  : XSCT server has started successfully.
14:39:42 INFO  : Successfully done setting XSCT server connection channel  
14:39:42 INFO  : plnx-install-location is set to ''
14:39:42 INFO  : Successfully done setting workspace for the tool. 
14:39:42 INFO  : Successfully done query RDI_DATADIR 
14:40:00 INFO  : Launching the emulator on project 'matmul_system' for configuration 'Emulation-HW'
14:40:00 INFO  : Launching QEMU with command '/home/mdu/Desktop/first_proj/xilinx_zc706_base/vitis/matmul_system/Emulation-HW/package/launch_hw_emu.sh -add-env ENABLE_RDWR_DEBUG=true -add-env RDWR_DEBUG_PORT=10100 -pid-file /home/mdu/Desktop/first_proj/xilinx_zc706_base/vitis/matmul_system/Emulation-HW/emulation.pid -graphic-xsim -no-reboot -forward-port 1440 1534'
14:40:35 ERROR : [QEMU Process]: qemu-system-aarch64: warning: nic ethernet@e000c000 has no peer

14:43:20 INFO  : Emulator has started.
14:43:23 INFO  : Environment used by launch configuration 'SystemDebugger_matmul_system_matmul' is updated to '{XCL_EMULATION_MODE=hw_emu, XILINX_XRT=/usr, LD_LIBRARY_PATH=/mnt/sd-mmcblk0p1/:/tmp:$LD_LIBRARY_PATH, XILINX_VITIS=/mnt/sd-mmcblk0p1/}'.
14:43:23 INFO  : Add the variable 'XILINX_VITIS_DEBUG_ENV_CUSTOM' in enivronment tab of the launch configuration dialog to prevent the tool from overriding the environment.
14:43:23 INFO  : Arguments used by launch configuration 'SystemDebugger_matmul_system_matmul' is updated to './binary_container_1.xclbin'.
14:43:23 WARN  : The platform description file '/home/mdu/Desktop/first_proj/xilinx_zc706_base/vitis/matmul_system/Emulation-HW/package/sd_card/platform_desc.txt' required for the launching the application 'matmul' doesn't exist.
14:43:23 INFO  : Transferred file from '/home/mdu/Desktop/first_proj/xilinx_zc706_base/vitis/matmul/Emulation-HW/SystemDebugger_matmul_system_matmul/xrt.ini' to '/mnt/sd-mmcblk0p1/xrt.ini'.
14:43:36 INFO  : Transferred file from '/mnt/sd-mmcblk0p1/summary.csv' to '/home/mdu/Desktop/first_proj/xilinx_zc706_base/vitis/matmul/Emulation-HW/SystemDebugger_matmul_system_matmul/summary.csv'.
14:43:36 INFO  : Transferred file from '/mnt/sd-mmcblk0p1/device_trace_0.csv' to '/home/mdu/Desktop/first_proj/xilinx_zc706_base/vitis/matmul/Emulation-HW/SystemDebugger_matmul_system_matmul/device_trace_0.csv'.
14:43:36 INFO  : Transferred file from '/mnt/sd-mmcblk0p1/xrt.run_summary' to '/home/mdu/Desktop/first_proj/xilinx_zc706_base/vitis/matmul/Emulation-HW/SystemDebugger_matmul_system_matmul/xrt.run_summary'.
14:52:17 INFO  : Environment used by launch configuration 'SystemDebugger_matmul_system_matmul' is updated to '{XCL_EMULATION_MODE=hw_emu, XILINX_XRT=/usr, LD_LIBRARY_PATH=/mnt/sd-mmcblk0p1/:/tmp:$LD_LIBRARY_PATH, XILINX_VITIS=/mnt/sd-mmcblk0p1/}'.
14:52:17 INFO  : Add the variable 'XILINX_VITIS_DEBUG_ENV_CUSTOM' in enivronment tab of the launch configuration dialog to prevent the tool from overriding the environment.
14:52:17 INFO  : Arguments used by launch configuration 'SystemDebugger_matmul_system_matmul' is updated to './binary_container_1.xclbin'.
14:52:17 WARN  : The platform description file '/home/mdu/Desktop/first_proj/xilinx_zc706_base/vitis/matmul_system/Emulation-HW/package/sd_card/platform_desc.txt' required for the launching the application 'matmul' doesn't exist.
14:52:17 INFO  : Transferred file from '/home/mdu/Desktop/first_proj/xilinx_zc706_base/vitis/matmul/Emulation-HW/SystemDebugger_matmul_system_matmul/xrt.ini' to '/mnt/sd-mmcblk0p1/xrt.ini'.
14:52:25 INFO  : Transferred file from '/mnt/sd-mmcblk0p1/summary.csv' to '/home/mdu/Desktop/first_proj/xilinx_zc706_base/vitis/matmul/Emulation-HW/SystemDebugger_matmul_system_matmul/summary.csv'.
14:52:25 INFO  : Transferred file from '/mnt/sd-mmcblk0p1/device_trace_0.csv' to '/home/mdu/Desktop/first_proj/xilinx_zc706_base/vitis/matmul/Emulation-HW/SystemDebugger_matmul_system_matmul/device_trace_0.csv'.
14:52:25 INFO  : Transferred file from '/mnt/sd-mmcblk0p1/xrt.run_summary' to '/home/mdu/Desktop/first_proj/xilinx_zc706_base/vitis/matmul/Emulation-HW/SystemDebugger_matmul_system_matmul/xrt.run_summary'.
14:56:44 INFO  : Environment used by launch configuration 'SystemDebugger_matmul_system_matmul' is updated to '{XCL_EMULATION_MODE=hw_emu, XILINX_XRT=/usr, LD_LIBRARY_PATH=/mnt/sd-mmcblk0p1/:/tmp:$LD_LIBRARY_PATH, XILINX_VITIS=/mnt/sd-mmcblk0p1/}'.
14:56:44 INFO  : Add the variable 'XILINX_VITIS_DEBUG_ENV_CUSTOM' in enivronment tab of the launch configuration dialog to prevent the tool from overriding the environment.
14:56:44 INFO  : Arguments used by launch configuration 'SystemDebugger_matmul_system_matmul' is updated to './binary_container_1.xclbin'.
14:56:44 WARN  : The platform description file '/home/mdu/Desktop/first_proj/xilinx_zc706_base/vitis/matmul_system/Emulation-HW/package/sd_card/platform_desc.txt' required for the launching the application 'matmul' doesn't exist.
14:56:44 INFO  : Transferred file from '/home/mdu/Desktop/first_proj/xilinx_zc706_base/vitis/matmul/Emulation-HW/SystemDebugger_matmul_system_matmul/xrt.ini' to '/mnt/sd-mmcblk0p1/xrt.ini'.
14:56:52 INFO  : Transferred file from '/mnt/sd-mmcblk0p1/summary.csv' to '/home/mdu/Desktop/first_proj/xilinx_zc706_base/vitis/matmul/Emulation-HW/SystemDebugger_matmul_system_matmul/summary.csv'.
14:56:52 INFO  : Transferred file from '/mnt/sd-mmcblk0p1/device_trace_0.csv' to '/home/mdu/Desktop/first_proj/xilinx_zc706_base/vitis/matmul/Emulation-HW/SystemDebugger_matmul_system_matmul/device_trace_0.csv'.
14:56:52 INFO  : Transferred file from '/mnt/sd-mmcblk0p1/xrt.run_summary' to '/home/mdu/Desktop/first_proj/xilinx_zc706_base/vitis/matmul/Emulation-HW/SystemDebugger_matmul_system_matmul/xrt.run_summary'.
15:15:15 ERROR : [QEMU Process]: qemu-system-aarch64: /cosim@0: Disconnected clk=2079086671498 ns


15:15:28 ERROR : Unexpected Error while writing user command to QEMU stdin: {}
java.io.IOException
	at org.eclipse.debug.internal.core.StreamsProxy.write(StreamsProxy.java:129)
	at com.xilinx.sdk.targetmanager.ui.qemu.QEMUConsolePresenter.sendInputToQEMU(QEMUConsolePresenter.java:111)
	at com.xilinx.sdk.targetmanager.ui.qemu.QEMUConsolePresenter.processUserInput(QEMUConsolePresenter.java:96)
	at com.xilinx.sdk.targetmanager.ui.qemu.QEMUConsolePresenter.qemuInputKeyPressed(QEMUConsolePresenter.java:77)
	at com.xilinx.sdk.targetmanager.ui.qemu.QEMUConsoleView$1.keyPressed(QEMUConsoleView.java:162)
	at org.eclipse.swt.widgets.TypedListener.handleEvent(TypedListener.java:171)
	at org.eclipse.swt.widgets.EventTable.sendEvent(EventTable.java:89)
	at org.eclipse.swt.widgets.Display.sendEvent(Display.java:5687)
	at org.eclipse.swt.widgets.Widget.sendEvent(Widget.java:1423)
	at org.eclipse.swt.widgets.Widget.sendEvent(Widget.java:1449)
	at org.eclipse.swt.widgets.Widget.sendEvent(Widget.java:1432)
	at org.eclipse.swt.widgets.Widget.sendKeyEvent(Widget.java:1473)
	at org.eclipse.swt.widgets.Widget.gtk_key_press_event(Widget.java:837)
	at org.eclipse.swt.widgets.Control.gtk_key_press_event(Control.java:3942)
	at org.eclipse.swt.widgets.Text.gtk_key_press_event(Text.java:1775)
	at org.eclipse.swt.widgets.Widget.windowProc(Widget.java:2267)
	at org.eclipse.swt.widgets.Control.windowProc(Control.java:6679)
	at org.eclipse.swt.widgets.Text.windowProc(Text.java:2871)
	at org.eclipse.swt.widgets.Display.windowProc(Display.java:5928)
	at org.eclipse.swt.internal.gtk.GTK.gtk_main_do_event(Native Method)
	at org.eclipse.swt.widgets.Display.eventProc(Display.java:1486)
	at org.eclipse.swt.internal.gtk.OS.g_main_context_iteration(Native Method)
	at org.eclipse.swt.widgets.Display.readAndDispatch(Display.java:4446)
	at org.eclipse.e4.ui.internal.workbench.swt.PartRenderingEngine$5.run(PartRenderingEngine.java:1160)
	at org.eclipse.core.databinding.observable.Realm.runWithDefault(Realm.java:338)
	at org.eclipse.e4.ui.internal.workbench.swt.PartRenderingEngine.run(PartRenderingEngine.java:1049)
	at org.eclipse.e4.ui.internal.workbench.E4Workbench.createAndRunUI(E4Workbench.java:155)
	at org.eclipse.ui.internal.Workbench.lambda$3(Workbench.java:658)
	at org.eclipse.core.databinding.observable.Realm.runWithDefault(Realm.java:338)
	at org.eclipse.ui.internal.Workbench.createAndRunWorkbench(Workbench.java:557)
	at org.eclipse.ui.PlatformUI.createAndRunWorkbench(PlatformUI.java:154)
	at com.xilinx.ide.application.ui.Application.start(Application.java:80)
	at org.eclipse.equinox.internal.app.EclipseAppHandle.run(EclipseAppHandle.java:203)
	at org.eclipse.core.runtime.internal.adaptor.EclipseAppLauncher.runApplication(EclipseAppLauncher.java:137)
	at org.eclipse.core.runtime.internal.adaptor.EclipseAppLauncher.start(EclipseAppLauncher.java:107)
	at org.eclipse.core.runtime.adaptor.EclipseStarter.run(EclipseStarter.java:401)
	at org.eclipse.core.runtime.adaptor.EclipseStarter.run(EclipseStarter.java:255)
	at java.base/jdk.internal.reflect.NativeMethodAccessorImpl.invoke0(Native Method)
	at java.base/jdk.internal.reflect.NativeMethodAccessorImpl.invoke(NativeMethodAccessorImpl.java:62)
	at java.base/jdk.internal.reflect.DelegatingMethodAccessorImpl.invoke(DelegatingMethodAccessorImpl.java:43)
	at java.base/java.lang.reflect.Method.invoke(Method.java:566)
	at org.eclipse.equinox.launcher.Main.invokeFramework(Main.java:657)
	at org.eclipse.equinox.launcher.Main.basicRun(Main.java:594)
	at org.eclipse.equinox.launcher.Main.run(Main.java:1447)
	at org.eclipse.equinox.launcher.Main.main(Main.java:1420)
16:53:33 INFO  : Launching XSCT server: xsct -n  -interactive /home/mdu/Desktop/first_proj/xilinx_zc706_base/vitis/temp_xsdb_launch_script.tcl
16:53:36 INFO  : Platform repository initialization has completed.
16:53:36 INFO  : Registering command handlers for Vitis TCF services
16:53:38 INFO  : XSCT server has started successfully.
16:53:38 INFO  : Successfully done setting XSCT server connection channel  
16:53:38 INFO  : plnx-install-location is set to ''
16:53:38 INFO  : Successfully done setting workspace for the tool. 
16:53:38 INFO  : Successfully done query RDI_DATADIR 
10:30:02 INFO  : Launching the emulator on project 'matmul_system' for configuration 'Emulation-HW'
10:30:02 INFO  : Launching QEMU with command '/home/mdu/Desktop/first_proj/xilinx_zc706_base/vitis/matmul_system/Emulation-HW/package/launch_hw_emu.sh -add-env ENABLE_RDWR_DEBUG=true -add-env RDWR_DEBUG_PORT=10100 -pid-file /home/mdu/Desktop/first_proj/xilinx_zc706_base/vitis/matmul_system/Emulation-HW/emulation.pid -no-reboot -forward-port 1440 1534'
10:30:19 ERROR : [QEMU Process]: qemu-system-aarch64:
10:30:19 ERROR : [QEMU Process]:  warning: nic ethernet@e000c000 has no peer

10:32:04 INFO  : Emulator has started.
10:32:07 INFO  : Environment used by launch configuration 'SystemDebugger_matmul_system_matmul' is updated to '{XCL_EMULATION_MODE=hw_emu, XILINX_XRT=/usr, LD_LIBRARY_PATH=/mnt/sd-mmcblk0p1/:/tmp:$LD_LIBRARY_PATH, XILINX_VITIS=/mnt/sd-mmcblk0p1/}'.
10:32:07 INFO  : Add the variable 'XILINX_VITIS_DEBUG_ENV_CUSTOM' in enivronment tab of the launch configuration dialog to prevent the tool from overriding the environment.
10:32:07 INFO  : Arguments used by launch configuration 'SystemDebugger_matmul_system_matmul' is updated to './binary_container_1.xclbin'.
10:32:07 WARN  : The platform description file '/home/mdu/Desktop/first_proj/xilinx_zc706_base/vitis/matmul_system/Emulation-HW/package/sd_card/platform_desc.txt' required for the launching the application 'matmul' doesn't exist.
10:32:07 INFO  : Transferred file from '/home/mdu/Desktop/first_proj/xilinx_zc706_base/vitis/matmul/Emulation-HW/SystemDebugger_matmul_system_matmul/xrt.ini' to '/mnt/sd-mmcblk0p1/xrt.ini'.
10:32:28 INFO  : Transferred file from '/mnt/sd-mmcblk0p1/summary.csv' to '/home/mdu/Desktop/first_proj/xilinx_zc706_base/vitis/matmul/Emulation-HW/SystemDebugger_matmul_system_matmul/summary.csv'.
10:32:28 INFO  : Transferred file from '/mnt/sd-mmcblk0p1/device_trace_0.csv' to '/home/mdu/Desktop/first_proj/xilinx_zc706_base/vitis/matmul/Emulation-HW/SystemDebugger_matmul_system_matmul/device_trace_0.csv'.
10:32:28 INFO  : Transferred file from '/mnt/sd-mmcblk0p1/xrt.run_summary' to '/home/mdu/Desktop/first_proj/xilinx_zc706_base/vitis/matmul/Emulation-HW/SystemDebugger_matmul_system_matmul/xrt.run_summary'.
10:48:34 INFO  : Build configuration of 'matmul_system' is updated to 'Hardware'
10:48:34 INFO  : Build configuration of system project is automatically updated to 'Hardware'.
10:48:34 INFO  : Build configuration of 'matmul_system_hw_link' is updated to 'Hardware'
10:48:34 INFO  : Build configuration of 'matmul' is updated to 'Hardware'
11:09:56 INFO  : Build configuration of 'matmul_system' is updated to 'Emulation-HW'
11:09:56 INFO  : Build configuration of system project is automatically updated to 'Emulation-HW'.
11:09:56 INFO  : Build configuration of 'matmul_system_hw_link' is updated to 'Emulation-HW'
11:09:57 INFO  : Build configuration of 'matmul' is updated to 'Emulation-HW'
01:50:08 ERROR : [QEMU Process]: WDB FATAL ERROR: failed to add file block (WdbFileBlockManager) for the following reason: No space left on device
01:50:08 ERROR : [QEMU Process]: 

01:50:13 ERROR : [QEMU Process]: qemu-system-aarch64:
01:50:13 ERROR : [QEMU Process]:  /cosim@0: Disconnected clk=55194456578771 ns


10:26:33 INFO  : Launching the emulator on project 'matmul_system' for configuration 'Emulation-HW'
10:26:33 INFO  : Launching QEMU with command '/home/mdu/Desktop/first_proj/xilinx_zc706_base/vitis/matmul_system/Emulation-HW/package/launch_hw_emu.sh -add-env ENABLE_RDWR_DEBUG=true -add-env RDWR_DEBUG_PORT=10100 -pid-file /home/mdu/Desktop/first_proj/xilinx_zc706_base/vitis/matmul_system/Emulation-HW/emulation.pid -no-reboot -forward-port 1440 1534'
10:26:49 ERROR : [QEMU Process]: qemu-system-aarch64: warning: nic ethernet@e000c000 has no peer

10:28:50 INFO  : Emulator has started.
10:28:50 INFO  : Environment used by launch configuration 'SystemDebugger_matmul_system_matmul' is updated to '{XCL_EMULATION_MODE=hw_emu, XILINX_XRT=/usr, LD_LIBRARY_PATH=/mnt/sd-mmcblk0p1/:/tmp:$LD_LIBRARY_PATH, XILINX_VITIS=/mnt/sd-mmcblk0p1/}'.
10:28:50 INFO  : Add the variable 'XILINX_VITIS_DEBUG_ENV_CUSTOM' in enivronment tab of the launch configuration dialog to prevent the tool from overriding the environment.
10:28:50 INFO  : Arguments used by launch configuration 'SystemDebugger_matmul_system_matmul' is updated to './binary_container_1.xclbin'.
10:28:50 WARN  : The platform description file '/home/mdu/Desktop/first_proj/xilinx_zc706_base/vitis/matmul_system/Emulation-HW/package/sd_card/platform_desc.txt' required for the launching the application 'matmul' doesn't exist.
10:28:50 INFO  : Transferred file from '/home/mdu/Desktop/first_proj/xilinx_zc706_base/vitis/matmul/Emulation-HW/SystemDebugger_matmul_system_matmul/xrt.ini' to '/mnt/sd-mmcblk0p1/xrt.ini'.
10:45:42 INFO  : Transferred file from '/mnt/sd-mmcblk0p1/summary.csv' to '/home/mdu/Desktop/first_proj/xilinx_zc706_base/vitis/matmul/Emulation-HW/SystemDebugger_matmul_system_matmul/summary.csv'.
10:45:42 INFO  : Transferred file from '/mnt/sd-mmcblk0p1/device_trace_0.csv' to '/home/mdu/Desktop/first_proj/xilinx_zc706_base/vitis/matmul/Emulation-HW/SystemDebugger_matmul_system_matmul/device_trace_0.csv'.
10:45:42 INFO  : Transferred file from '/mnt/sd-mmcblk0p1/xrt.run_summary' to '/home/mdu/Desktop/first_proj/xilinx_zc706_base/vitis/matmul/Emulation-HW/SystemDebugger_matmul_system_matmul/xrt.run_summary'.
11:59:19 INFO  : Environment used by launch configuration 'SystemDebugger_matmul_system_matmul' is updated to '{XCL_EMULATION_MODE=hw_emu, XILINX_XRT=/usr, LD_LIBRARY_PATH=/mnt/sd-mmcblk0p1/:/tmp:$LD_LIBRARY_PATH, XILINX_VITIS=/mnt/sd-mmcblk0p1/}'.
11:59:19 INFO  : Add the variable 'XILINX_VITIS_DEBUG_ENV_CUSTOM' in enivronment tab of the launch configuration dialog to prevent the tool from overriding the environment.
11:59:19 INFO  : Arguments used by launch configuration 'SystemDebugger_matmul_system_matmul' is updated to './binary_container_1.xclbin'.
11:59:19 WARN  : The platform description file '/home/mdu/Desktop/first_proj/xilinx_zc706_base/vitis/matmul_system/Emulation-HW/package/sd_card/platform_desc.txt' required for the launching the application 'matmul' doesn't exist.
11:59:19 INFO  : Transferred file from '/home/mdu/Desktop/first_proj/xilinx_zc706_base/vitis/matmul/Emulation-HW/SystemDebugger_matmul_system_matmul/xrt.ini' to '/mnt/sd-mmcblk0p1/xrt.ini'.
12:08:08 INFO  : Environment used by launch configuration 'SystemDebugger_matmul_system_matmul' is updated to '{XCL_EMULATION_MODE=hw_emu, XILINX_XRT=/usr, LD_LIBRARY_PATH=/mnt/sd-mmcblk0p1/:/tmp:$LD_LIBRARY_PATH, XILINX_VITIS=/mnt/sd-mmcblk0p1/}'.
12:08:08 INFO  : Add the variable 'XILINX_VITIS_DEBUG_ENV_CUSTOM' in enivronment tab of the launch configuration dialog to prevent the tool from overriding the environment.
12:08:08 INFO  : Arguments used by launch configuration 'SystemDebugger_matmul_system_matmul' is updated to './binary_container_1.xclbin'.
12:08:08 WARN  : The platform description file '/home/mdu/Desktop/first_proj/xilinx_zc706_base/vitis/matmul_system/Emulation-HW/package/sd_card/platform_desc.txt' required for the launching the application 'matmul' doesn't exist.
12:08:08 INFO  : Transferred file from '/mnt/sd-mmcblk0p1/summary.csv' to '/home/mdu/Desktop/first_proj/xilinx_zc706_base/vitis/matmul/Emulation-HW/SystemDebugger_matmul_system_matmul/summary.csv'.
12:08:08 INFO  : Transferred file from '/home/mdu/Desktop/first_proj/xilinx_zc706_base/vitis/matmul/Emulation-HW/SystemDebugger_matmul_system_matmul/xrt.ini' to '/mnt/sd-mmcblk0p1/xrt.ini'.
12:08:08 INFO  : Transferred file from '/mnt/sd-mmcblk0p1/device_trace_0.csv' to '/home/mdu/Desktop/first_proj/xilinx_zc706_base/vitis/matmul/Emulation-HW/SystemDebugger_matmul_system_matmul/device_trace_0.csv'.
12:08:08 INFO  : Transferred file from '/mnt/sd-mmcblk0p1/xrt.run_summary' to '/home/mdu/Desktop/first_proj/xilinx_zc706_base/vitis/matmul/Emulation-HW/SystemDebugger_matmul_system_matmul/xrt.run_summary'.
12:08:14 INFO  : Transferred file from '/mnt/sd-mmcblk0p1/summary.csv' to '/home/mdu/Desktop/first_proj/xilinx_zc706_base/vitis/matmul/Emulation-HW/SystemDebugger_matmul_system_matmul/summary.csv'.
12:08:14 INFO  : Transferred file from '/mnt/sd-mmcblk0p1/device_trace_0.csv' to '/home/mdu/Desktop/first_proj/xilinx_zc706_base/vitis/matmul/Emulation-HW/SystemDebugger_matmul_system_matmul/device_trace_0.csv'.
12:08:14 INFO  : Transferred file from '/mnt/sd-mmcblk0p1/xrt.run_summary' to '/home/mdu/Desktop/first_proj/xilinx_zc706_base/vitis/matmul/Emulation-HW/SystemDebugger_matmul_system_matmul/xrt.run_summary'.
12:09:04 INFO  : Environment used by launch configuration 'SystemDebugger_matmul_system_matmul' is updated to '{XCL_EMULATION_MODE=hw_emu, XILINX_XRT=/usr, LD_LIBRARY_PATH=/mnt/sd-mmcblk0p1/:/tmp:$LD_LIBRARY_PATH, XILINX_VITIS=/mnt/sd-mmcblk0p1/}'.
12:09:04 INFO  : Add the variable 'XILINX_VITIS_DEBUG_ENV_CUSTOM' in enivronment tab of the launch configuration dialog to prevent the tool from overriding the environment.
12:09:04 INFO  : Arguments used by launch configuration 'SystemDebugger_matmul_system_matmul' is updated to './binary_container_1.xclbin'.
12:09:04 WARN  : The platform description file '/home/mdu/Desktop/first_proj/xilinx_zc706_base/vitis/matmul_system/Emulation-HW/package/sd_card/platform_desc.txt' required for the launching the application 'matmul' doesn't exist.
12:09:04 INFO  : Transferred file from '/home/mdu/Desktop/first_proj/xilinx_zc706_base/vitis/matmul/Emulation-HW/SystemDebugger_matmul_system_matmul/xrt.ini' to '/mnt/sd-mmcblk0p1/xrt.ini'.
12:09:10 INFO  : Transferred file from '/mnt/sd-mmcblk0p1/summary.csv' to '/home/mdu/Desktop/first_proj/xilinx_zc706_base/vitis/matmul/Emulation-HW/SystemDebugger_matmul_system_matmul/summary.csv'.
12:09:10 INFO  : Transferred file from '/mnt/sd-mmcblk0p1/device_trace_0.csv' to '/home/mdu/Desktop/first_proj/xilinx_zc706_base/vitis/matmul/Emulation-HW/SystemDebugger_matmul_system_matmul/device_trace_0.csv'.
12:09:10 INFO  : Transferred file from '/mnt/sd-mmcblk0p1/xrt.run_summary' to '/home/mdu/Desktop/first_proj/xilinx_zc706_base/vitis/matmul/Emulation-HW/SystemDebugger_matmul_system_matmul/xrt.run_summary'.
12:09:42 INFO  : Environment used by launch configuration 'SystemDebugger_matmul_system_matmul' is updated to '{XCL_EMULATION_MODE=hw_emu, XILINX_XRT=/usr, LD_LIBRARY_PATH=/mnt/sd-mmcblk0p1/:/tmp:$LD_LIBRARY_PATH, XILINX_VITIS=/mnt/sd-mmcblk0p1/}'.
12:09:43 INFO  : Add the variable 'XILINX_VITIS_DEBUG_ENV_CUSTOM' in enivronment tab of the launch configuration dialog to prevent the tool from overriding the environment.
12:09:43 INFO  : Arguments used by launch configuration 'SystemDebugger_matmul_system_matmul' is updated to './binary_container_1.xclbin'.
12:09:43 WARN  : The platform description file '/home/mdu/Desktop/first_proj/xilinx_zc706_base/vitis/matmul_system/Emulation-HW/package/sd_card/platform_desc.txt' required for the launching the application 'matmul' doesn't exist.
12:09:43 INFO  : Transferred file from '/home/mdu/Desktop/first_proj/xilinx_zc706_base/vitis/matmul/Emulation-HW/SystemDebugger_matmul_system_matmul/xrt.ini' to '/mnt/sd-mmcblk0p1/xrt.ini'.
12:09:49 INFO  : Transferred file from '/mnt/sd-mmcblk0p1/summary.csv' to '/home/mdu/Desktop/first_proj/xilinx_zc706_base/vitis/matmul/Emulation-HW/SystemDebugger_matmul_system_matmul/summary.csv'.
12:09:49 INFO  : Transferred file from '/mnt/sd-mmcblk0p1/device_trace_0.csv' to '/home/mdu/Desktop/first_proj/xilinx_zc706_base/vitis/matmul/Emulation-HW/SystemDebugger_matmul_system_matmul/device_trace_0.csv'.
12:09:49 INFO  : Transferred file from '/mnt/sd-mmcblk0p1/xrt.run_summary' to '/home/mdu/Desktop/first_proj/xilinx_zc706_base/vitis/matmul/Emulation-HW/SystemDebugger_matmul_system_matmul/xrt.run_summary'.
12:12:08 INFO  : Environment used by launch configuration 'SystemDebugger_matmul_system_matmul' is updated to '{XCL_EMULATION_MODE=hw_emu, XILINX_XRT=/usr, LD_LIBRARY_PATH=/mnt/sd-mmcblk0p1/:/tmp:$LD_LIBRARY_PATH, XILINX_VITIS=/mnt/sd-mmcblk0p1/}'.
12:12:08 INFO  : Add the variable 'XILINX_VITIS_DEBUG_ENV_CUSTOM' in enivronment tab of the launch configuration dialog to prevent the tool from overriding the environment.
12:12:08 INFO  : Arguments used by launch configuration 'SystemDebugger_matmul_system_matmul' is updated to './binary_container_1.xclbin'.
12:12:08 WARN  : The platform description file '/home/mdu/Desktop/first_proj/xilinx_zc706_base/vitis/matmul_system/Emulation-HW/package/sd_card/platform_desc.txt' required for the launching the application 'matmul' doesn't exist.
12:12:08 INFO  : Transferred file from '/home/mdu/Desktop/first_proj/xilinx_zc706_base/vitis/matmul/Emulation-HW/SystemDebugger_matmul_system_matmul/xrt.ini' to '/mnt/sd-mmcblk0p1/xrt.ini'.
12:12:14 INFO  : Transferred file from '/mnt/sd-mmcblk0p1/summary.csv' to '/home/mdu/Desktop/first_proj/xilinx_zc706_base/vitis/matmul/Emulation-HW/SystemDebugger_matmul_system_matmul/summary.csv'.
12:12:14 INFO  : Transferred file from '/mnt/sd-mmcblk0p1/device_trace_0.csv' to '/home/mdu/Desktop/first_proj/xilinx_zc706_base/vitis/matmul/Emulation-HW/SystemDebugger_matmul_system_matmul/device_trace_0.csv'.
12:12:14 INFO  : Transferred file from '/mnt/sd-mmcblk0p1/xrt.run_summary' to '/home/mdu/Desktop/first_proj/xilinx_zc706_base/vitis/matmul/Emulation-HW/SystemDebugger_matmul_system_matmul/xrt.run_summary'.
13:48:34 INFO  : Environment used by launch configuration 'SystemDebugger_matmul_system_matmul' is updated to '{XCL_EMULATION_MODE=hw_emu, XILINX_XRT=/usr, LD_LIBRARY_PATH=/mnt/sd-mmcblk0p1/:/tmp:$LD_LIBRARY_PATH, XILINX_VITIS=/mnt/sd-mmcblk0p1/}'.
13:48:34 INFO  : Add the variable 'XILINX_VITIS_DEBUG_ENV_CUSTOM' in enivronment tab of the launch configuration dialog to prevent the tool from overriding the environment.
13:48:34 INFO  : Arguments used by launch configuration 'SystemDebugger_matmul_system_matmul' is updated to './binary_container_1.xclbin'.
13:48:34 WARN  : The platform description file '/home/mdu/Desktop/first_proj/xilinx_zc706_base/vitis/matmul_system/Emulation-HW/package/sd_card/platform_desc.txt' required for the launching the application 'matmul' doesn't exist.
13:48:34 INFO  : Transferred file from '/home/mdu/Desktop/first_proj/xilinx_zc706_base/vitis/matmul/Emulation-HW/SystemDebugger_matmul_system_matmul/xrt.ini' to '/mnt/sd-mmcblk0p1/xrt.ini'.
13:48:41 INFO  : Transferred file from '/mnt/sd-mmcblk0p1/summary.csv' to '/home/mdu/Desktop/first_proj/xilinx_zc706_base/vitis/matmul/Emulation-HW/SystemDebugger_matmul_system_matmul/summary.csv'.
13:48:41 INFO  : Transferred file from '/mnt/sd-mmcblk0p1/device_trace_0.csv' to '/home/mdu/Desktop/first_proj/xilinx_zc706_base/vitis/matmul/Emulation-HW/SystemDebugger_matmul_system_matmul/device_trace_0.csv'.
13:48:41 INFO  : Transferred file from '/mnt/sd-mmcblk0p1/xrt.run_summary' to '/home/mdu/Desktop/first_proj/xilinx_zc706_base/vitis/matmul/Emulation-HW/SystemDebugger_matmul_system_matmul/xrt.run_summary'.
13:49:47 INFO  : Environment used by launch configuration 'SystemDebugger_matmul_system_matmul' is updated to '{XCL_EMULATION_MODE=hw_emu, XILINX_XRT=/usr, LD_LIBRARY_PATH=/mnt/sd-mmcblk0p1/:/tmp:$LD_LIBRARY_PATH, XILINX_VITIS=/mnt/sd-mmcblk0p1/}'.
13:49:47 INFO  : Add the variable 'XILINX_VITIS_DEBUG_ENV_CUSTOM' in enivronment tab of the launch configuration dialog to prevent the tool from overriding the environment.
13:49:47 INFO  : Arguments used by launch configuration 'SystemDebugger_matmul_system_matmul' is updated to './binary_container_1.xclbin'.
13:49:47 WARN  : The platform description file '/home/mdu/Desktop/first_proj/xilinx_zc706_base/vitis/matmul_system/Emulation-HW/package/sd_card/platform_desc.txt' required for the launching the application 'matmul' doesn't exist.
13:49:47 INFO  : Transferred file from '/home/mdu/Desktop/first_proj/xilinx_zc706_base/vitis/matmul/Emulation-HW/SystemDebugger_matmul_system_matmul/xrt.ini' to '/mnt/sd-mmcblk0p1/xrt.ini'.
13:49:54 INFO  : Transferred file from '/mnt/sd-mmcblk0p1/summary.csv' to '/home/mdu/Desktop/first_proj/xilinx_zc706_base/vitis/matmul/Emulation-HW/SystemDebugger_matmul_system_matmul/summary.csv'.
13:49:54 INFO  : Transferred file from '/mnt/sd-mmcblk0p1/device_trace_0.csv' to '/home/mdu/Desktop/first_proj/xilinx_zc706_base/vitis/matmul/Emulation-HW/SystemDebugger_matmul_system_matmul/device_trace_0.csv'.
13:49:54 INFO  : Transferred file from '/mnt/sd-mmcblk0p1/xrt.run_summary' to '/home/mdu/Desktop/first_proj/xilinx_zc706_base/vitis/matmul/Emulation-HW/SystemDebugger_matmul_system_matmul/xrt.run_summary'.
13:51:30 ERROR : (XSDB Server)Hangup

13:56:28 INFO  : Launching XSCT server: xsct -n  -interactive /home/mdu/Desktop/first_proj/xilinx_zc706_base/vitis/temp_xsdb_launch_script.tcl
13:56:31 INFO  : Platform repository initialization has completed.
13:56:33 INFO  : Registering command handlers for Vitis TCF services
13:56:34 INFO  : XSCT server has started successfully.
13:56:34 INFO  : plnx-install-location is set to ''
13:56:34 INFO  : Successfully done setting XSCT server connection channel  
13:56:35 INFO  : Successfully done setting workspace for the tool. 
13:56:35 INFO  : Successfully done query RDI_DATADIR 
13:57:02 ERROR : (XSDB Server)Hangup

13:57:51 INFO  : Launching XSCT server: xsct -n  -interactive /home/mdu/Desktop/first_proj/xilinx_zc706_base/vitis/temp_xsdb_launch_script.tcl
13:57:53 INFO  : Platform repository initialization has completed.
13:57:55 INFO  : Registering command handlers for Vitis TCF services
13:57:57 INFO  : XSCT server has started successfully.
13:57:57 INFO  : plnx-install-location is set to ''
13:57:57 INFO  : Successfully done setting XSCT server connection channel  
13:57:57 INFO  : Successfully done query RDI_DATADIR 
13:57:57 INFO  : Successfully done setting workspace for the tool. 
16:34:28 INFO  : Launching the emulator on project 'matmul_system' for configuration 'Emulation-HW'
16:34:28 INFO  : Launching QEMU with command '/home/mdu/Desktop/first_proj/xilinx_zc706_base/vitis/matmul_system/Emulation-HW/package/launch_hw_emu.sh -add-env ENABLE_RDWR_DEBUG=true -add-env RDWR_DEBUG_PORT=10100 -pid-file /home/mdu/Desktop/first_proj/xilinx_zc706_base/vitis/matmul_system/Emulation-HW/emulation.pid -no-reboot -forward-port 1447 1534'
16:34:46 ERROR : [QEMU Process]: qemu-system-aarch64: warning: nic ethernet@e000c000 has no peer

16:37:18 INFO  : Emulator has started.
16:37:22 INFO  : Environment used by launch configuration 'SystemDebugger_matmul_system_matmul' is updated to '{XCL_EMULATION_MODE=hw_emu, XILINX_XRT=/usr, LD_LIBRARY_PATH=/mnt/sd-mmcblk0p1/:/tmp:$LD_LIBRARY_PATH, XILINX_VITIS=/mnt/sd-mmcblk0p1/}'.
16:37:22 INFO  : Add the variable 'XILINX_VITIS_DEBUG_ENV_CUSTOM' in enivronment tab of the launch configuration dialog to prevent the tool from overriding the environment.
16:37:22 INFO  : Arguments used by launch configuration 'SystemDebugger_matmul_system_matmul' is updated to './binary_container_1.xclbin'.
16:37:22 WARN  : The platform description file '/home/mdu/Desktop/first_proj/xilinx_zc706_base/vitis/matmul_system/Emulation-HW/package/sd_card/platform_desc.txt' required for the launching the application 'matmul' doesn't exist.
16:37:22 INFO  : Transferred file from '/home/mdu/Desktop/first_proj/xilinx_zc706_base/vitis/matmul/Emulation-HW/SystemDebugger_matmul_system_matmul/xrt.ini' to '/mnt/sd-mmcblk0p1/xrt.ini'.
16:37:43 INFO  : Transferred file from '/mnt/sd-mmcblk0p1/summary.csv' to '/home/mdu/Desktop/first_proj/xilinx_zc706_base/vitis/matmul/Emulation-HW/SystemDebugger_matmul_system_matmul/summary.csv'.
16:37:43 INFO  : Transferred file from '/mnt/sd-mmcblk0p1/device_trace_0.csv' to '/home/mdu/Desktop/first_proj/xilinx_zc706_base/vitis/matmul/Emulation-HW/SystemDebugger_matmul_system_matmul/device_trace_0.csv'.
16:37:43 INFO  : Transferred file from '/mnt/sd-mmcblk0p1/xrt.run_summary' to '/home/mdu/Desktop/first_proj/xilinx_zc706_base/vitis/matmul/Emulation-HW/SystemDebugger_matmul_system_matmul/xrt.run_summary'.
16:55:55 INFO  : Environment used by launch configuration 'SystemDebugger_matmul_system_matmul' is updated to '{XCL_EMULATION_MODE=hw_emu, XILINX_XRT=/usr, LD_LIBRARY_PATH=/mnt/sd-mmcblk0p1/:/tmp:$LD_LIBRARY_PATH, XILINX_VITIS=/mnt/sd-mmcblk0p1/}'.
16:55:55 INFO  : Add the variable 'XILINX_VITIS_DEBUG_ENV_CUSTOM' in enivronment tab of the launch configuration dialog to prevent the tool from overriding the environment.
16:55:55 INFO  : Arguments used by launch configuration 'SystemDebugger_matmul_system_matmul' is updated to './binary_container_1.xclbin'.
16:55:56 WARN  : The platform description file '/home/mdu/Desktop/first_proj/xilinx_zc706_base/vitis/matmul_system/Emulation-HW/package/sd_card/platform_desc.txt' required for the launching the application 'matmul' doesn't exist.
16:55:56 INFO  : Transferred file from '/home/mdu/Desktop/first_proj/xilinx_zc706_base/vitis/matmul/Emulation-HW/SystemDebugger_matmul_system_matmul/xrt.ini' to '/mnt/sd-mmcblk0p1/xrt.ini'.
16:56:29 INFO  : Transferred file from '/mnt/sd-mmcblk0p1/summary.csv' to '/home/mdu/Desktop/first_proj/xilinx_zc706_base/vitis/matmul/Emulation-HW/SystemDebugger_matmul_system_matmul/summary.csv'.
16:56:29 INFO  : Transferred file from '/mnt/sd-mmcblk0p1/device_trace_0.csv' to '/home/mdu/Desktop/first_proj/xilinx_zc706_base/vitis/matmul/Emulation-HW/SystemDebugger_matmul_system_matmul/device_trace_0.csv'.
16:56:29 INFO  : Environment used by launch configuration 'SystemDebugger_matmul_system_matmul' is updated to '{XCL_EMULATION_MODE=hw_emu, XILINX_XRT=/usr, LD_LIBRARY_PATH=/mnt/sd-mmcblk0p1/:/tmp:$LD_LIBRARY_PATH, XILINX_VITIS=/mnt/sd-mmcblk0p1/}'.
16:56:29 INFO  : Add the variable 'XILINX_VITIS_DEBUG_ENV_CUSTOM' in enivronment tab of the launch configuration dialog to prevent the tool from overriding the environment.
16:56:29 INFO  : Arguments used by launch configuration 'SystemDebugger_matmul_system_matmul' is updated to './binary_container_1.xclbin'.
16:56:29 WARN  : The platform description file '/home/mdu/Desktop/first_proj/xilinx_zc706_base/vitis/matmul_system/Emulation-HW/package/sd_card/platform_desc.txt' required for the launching the application 'matmul' doesn't exist.
16:56:29 INFO  : Transferred file from '/mnt/sd-mmcblk0p1/xrt.run_summary' to '/home/mdu/Desktop/first_proj/xilinx_zc706_base/vitis/matmul/Emulation-HW/SystemDebugger_matmul_system_matmul/xrt.run_summary'.
16:56:29 INFO  : Transferred file from '/home/mdu/Desktop/first_proj/xilinx_zc706_base/vitis/matmul/Emulation-HW/SystemDebugger_matmul_system_matmul/xrt.ini' to '/mnt/sd-mmcblk0p1/xrt.ini'.
16:56:43 INFO  : Transferred file from '/mnt/sd-mmcblk0p1/summary.csv' to '/home/mdu/Desktop/first_proj/xilinx_zc706_base/vitis/matmul/Emulation-HW/SystemDebugger_matmul_system_matmul/summary.csv'.
16:56:43 INFO  : Transferred file from '/mnt/sd-mmcblk0p1/device_trace_0.csv' to '/home/mdu/Desktop/first_proj/xilinx_zc706_base/vitis/matmul/Emulation-HW/SystemDebugger_matmul_system_matmul/device_trace_0.csv'.
16:56:43 INFO  : Transferred file from '/mnt/sd-mmcblk0p1/xrt.run_summary' to '/home/mdu/Desktop/first_proj/xilinx_zc706_base/vitis/matmul/Emulation-HW/SystemDebugger_matmul_system_matmul/xrt.run_summary'.
17:21:16 INFO  : Environment used by launch configuration 'SystemDebugger_matmul_system_matmul' is updated to '{XCL_EMULATION_MODE=hw_emu, XILINX_XRT=/usr, LD_LIBRARY_PATH=/mnt/sd-mmcblk0p1/:/tmp:$LD_LIBRARY_PATH, XILINX_VITIS=/mnt/sd-mmcblk0p1/}'.
17:21:16 INFO  : Add the variable 'XILINX_VITIS_DEBUG_ENV_CUSTOM' in enivronment tab of the launch configuration dialog to prevent the tool from overriding the environment.
17:21:16 INFO  : Arguments used by launch configuration 'SystemDebugger_matmul_system_matmul' is updated to './binary_container_1.xclbin'.
17:21:16 WARN  : The platform description file '/home/mdu/Desktop/first_proj/xilinx_zc706_base/vitis/matmul_system/Emulation-HW/package/sd_card/platform_desc.txt' required for the launching the application 'matmul' doesn't exist.
17:21:16 INFO  : Transferred file from '/home/mdu/Desktop/first_proj/xilinx_zc706_base/vitis/matmul/Emulation-HW/SystemDebugger_matmul_system_matmul/xrt.ini' to '/mnt/sd-mmcblk0p1/xrt.ini'.
17:21:29 INFO  : Transferred file from '/mnt/sd-mmcblk0p1/summary.csv' to '/home/mdu/Desktop/first_proj/xilinx_zc706_base/vitis/matmul/Emulation-HW/SystemDebugger_matmul_system_matmul/summary.csv'.
17:21:29 INFO  : Transferred file from '/mnt/sd-mmcblk0p1/device_trace_0.csv' to '/home/mdu/Desktop/first_proj/xilinx_zc706_base/vitis/matmul/Emulation-HW/SystemDebugger_matmul_system_matmul/device_trace_0.csv'.
17:21:29 INFO  : Transferred file from '/mnt/sd-mmcblk0p1/xrt.run_summary' to '/home/mdu/Desktop/first_proj/xilinx_zc706_base/vitis/matmul/Emulation-HW/SystemDebugger_matmul_system_matmul/xrt.run_summary'.
17:36:45 INFO  : Environment used by launch configuration 'SystemDebugger_matmul_system_matmul' is updated to '{XCL_EMULATION_MODE=hw_emu, XILINX_XRT=/usr, LD_LIBRARY_PATH=/mnt/sd-mmcblk0p1/:/tmp:$LD_LIBRARY_PATH, XILINX_VITIS=/mnt/sd-mmcblk0p1/}'.
17:36:45 INFO  : Add the variable 'XILINX_VITIS_DEBUG_ENV_CUSTOM' in enivronment tab of the launch configuration dialog to prevent the tool from overriding the environment.
17:36:45 INFO  : Arguments used by launch configuration 'SystemDebugger_matmul_system_matmul' is updated to './binary_container_1.xclbin'.
17:36:45 WARN  : The platform description file '/home/mdu/Desktop/first_proj/xilinx_zc706_base/vitis/matmul_system/Emulation-HW/package/sd_card/platform_desc.txt' required for the launching the application 'matmul' doesn't exist.
17:36:45 INFO  : Transferred file from '/home/mdu/Desktop/first_proj/xilinx_zc706_base/vitis/matmul/Emulation-HW/SystemDebugger_matmul_system_matmul/xrt.ini' to '/mnt/sd-mmcblk0p1/xrt.ini'.
17:36:58 INFO  : Transferred file from '/mnt/sd-mmcblk0p1/summary.csv' to '/home/mdu/Desktop/first_proj/xilinx_zc706_base/vitis/matmul/Emulation-HW/SystemDebugger_matmul_system_matmul/summary.csv'.
17:36:58 INFO  : Transferred file from '/mnt/sd-mmcblk0p1/device_trace_0.csv' to '/home/mdu/Desktop/first_proj/xilinx_zc706_base/vitis/matmul/Emulation-HW/SystemDebugger_matmul_system_matmul/device_trace_0.csv'.
17:36:59 INFO  : Transferred file from '/mnt/sd-mmcblk0p1/xrt.run_summary' to '/home/mdu/Desktop/first_proj/xilinx_zc706_base/vitis/matmul/Emulation-HW/SystemDebugger_matmul_system_matmul/xrt.run_summary'.
19:41:09 ERROR : [QEMU Process]: WDB FATAL ERROR: failed to add file block (WdbFileBlockManager) for the following reason: No space left on device
19:41:09 ERROR : [QEMU Process]: 

19:41:11 ERROR : [QEMU Process]: qemu-system-aarch64:
19:41:11 ERROR : [QEMU Process]:  /cosim@0: Disconnected clk=11185352532531 ns


09:43:07 INFO  : Launching the emulator on project 'matmul_system' for configuration 'Emulation-HW'
09:43:07 INFO  : Launching QEMU with command '/home/mdu/Desktop/first_proj/xilinx_zc706_base/vitis/matmul_system/Emulation-HW/package/launch_hw_emu.sh -add-env ENABLE_RDWR_DEBUG=true -add-env RDWR_DEBUG_PORT=10100 -pid-file /home/mdu/Desktop/first_proj/xilinx_zc706_base/vitis/matmul_system/Emulation-HW/emulation.pid -no-reboot -forward-port 1440 1534'
09:43:23 ERROR : [QEMU Process]: qemu-system-aarch64: warning: nic ethernet@e000c000 has no peer

09:45:14 INFO  : Emulator has started.
09:45:15 INFO  : Environment used by launch configuration 'SystemDebugger_matmul_system_matmul' is updated to '{XCL_EMULATION_MODE=hw_emu, XILINX_XRT=/usr, LD_LIBRARY_PATH=/mnt/sd-mmcblk0p1/:/tmp:$LD_LIBRARY_PATH, XILINX_VITIS=/mnt/sd-mmcblk0p1/}'.
09:45:15 INFO  : Add the variable 'XILINX_VITIS_DEBUG_ENV_CUSTOM' in enivronment tab of the launch configuration dialog to prevent the tool from overriding the environment.
09:45:15 INFO  : Arguments used by launch configuration 'SystemDebugger_matmul_system_matmul' is updated to './binary_container_1.xclbin'.
09:45:15 WARN  : The platform description file '/home/mdu/Desktop/first_proj/xilinx_zc706_base/vitis/matmul_system/Emulation-HW/package/sd_card/platform_desc.txt' required for the launching the application 'matmul' doesn't exist.
09:45:15 INFO  : Transferred file from '/home/mdu/Desktop/first_proj/xilinx_zc706_base/vitis/matmul/Emulation-HW/SystemDebugger_matmul_system_matmul/xrt.ini' to '/mnt/sd-mmcblk0p1/xrt.ini'.
09:45:27 INFO  : Transferred file from '/mnt/sd-mmcblk0p1/summary.csv' to '/home/mdu/Desktop/first_proj/xilinx_zc706_base/vitis/matmul/Emulation-HW/SystemDebugger_matmul_system_matmul/summary.csv'.
09:45:27 INFO  : Transferred file from '/mnt/sd-mmcblk0p1/device_trace_0.csv' to '/home/mdu/Desktop/first_proj/xilinx_zc706_base/vitis/matmul/Emulation-HW/SystemDebugger_matmul_system_matmul/device_trace_0.csv'.
09:45:27 INFO  : Transferred file from '/mnt/sd-mmcblk0p1/xrt.run_summary' to '/home/mdu/Desktop/first_proj/xilinx_zc706_base/vitis/matmul/Emulation-HW/SystemDebugger_matmul_system_matmul/xrt.run_summary'.
10:05:06 INFO  : Environment used by launch configuration 'SystemDebugger_matmul_system_matmul' is updated to '{XCL_EMULATION_MODE=hw_emu, XILINX_XRT=/usr, LD_LIBRARY_PATH=/mnt/sd-mmcblk0p1/:/tmp:$LD_LIBRARY_PATH, XILINX_VITIS=/mnt/sd-mmcblk0p1/}'.
10:05:06 INFO  : Add the variable 'XILINX_VITIS_DEBUG_ENV_CUSTOM' in enivronment tab of the launch configuration dialog to prevent the tool from overriding the environment.
10:05:06 INFO  : Arguments used by launch configuration 'SystemDebugger_matmul_system_matmul' is updated to './binary_container_1.xclbin'.
10:05:06 WARN  : The platform description file '/home/mdu/Desktop/first_proj/xilinx_zc706_base/vitis/matmul_system/Emulation-HW/package/sd_card/platform_desc.txt' required for the launching the application 'matmul' doesn't exist.
10:05:06 INFO  : Transferred file from '/home/mdu/Desktop/first_proj/xilinx_zc706_base/vitis/matmul/Emulation-HW/SystemDebugger_matmul_system_matmul/xrt.ini' to '/mnt/sd-mmcblk0p1/xrt.ini'.
10:05:15 INFO  : Transferred file from '/mnt/sd-mmcblk0p1/summary.csv' to '/home/mdu/Desktop/first_proj/xilinx_zc706_base/vitis/matmul/Emulation-HW/SystemDebugger_matmul_system_matmul/summary.csv'.
10:05:15 INFO  : Transferred file from '/mnt/sd-mmcblk0p1/device_trace_0.csv' to '/home/mdu/Desktop/first_proj/xilinx_zc706_base/vitis/matmul/Emulation-HW/SystemDebugger_matmul_system_matmul/device_trace_0.csv'.
10:05:15 INFO  : Transferred file from '/mnt/sd-mmcblk0p1/xrt.run_summary' to '/home/mdu/Desktop/first_proj/xilinx_zc706_base/vitis/matmul/Emulation-HW/SystemDebugger_matmul_system_matmul/xrt.run_summary'.
10:06:36 INFO  : Environment used by launch configuration 'SystemDebugger_matmul_system_matmul' is updated to '{XCL_EMULATION_MODE=hw_emu, XILINX_XRT=/usr, LD_LIBRARY_PATH=/mnt/sd-mmcblk0p1/:/tmp:$LD_LIBRARY_PATH, XILINX_VITIS=/mnt/sd-mmcblk0p1/}'.
10:06:36 INFO  : Add the variable 'XILINX_VITIS_DEBUG_ENV_CUSTOM' in enivronment tab of the launch configuration dialog to prevent the tool from overriding the environment.
10:06:36 INFO  : Arguments used by launch configuration 'SystemDebugger_matmul_system_matmul' is updated to './binary_container_1.xclbin'.
10:06:36 WARN  : The platform description file '/home/mdu/Desktop/first_proj/xilinx_zc706_base/vitis/matmul_system/Emulation-HW/package/sd_card/platform_desc.txt' required for the launching the application 'matmul' doesn't exist.
10:06:36 INFO  : Transferred file from '/home/mdu/Desktop/first_proj/xilinx_zc706_base/vitis/matmul/Emulation-HW/SystemDebugger_matmul_system_matmul/xrt.ini' to '/mnt/sd-mmcblk0p1/xrt.ini'.
10:06:44 INFO  : Transferred file from '/mnt/sd-mmcblk0p1/summary.csv' to '/home/mdu/Desktop/first_proj/xilinx_zc706_base/vitis/matmul/Emulation-HW/SystemDebugger_matmul_system_matmul/summary.csv'.
10:06:44 INFO  : Transferred file from '/mnt/sd-mmcblk0p1/device_trace_0.csv' to '/home/mdu/Desktop/first_proj/xilinx_zc706_base/vitis/matmul/Emulation-HW/SystemDebugger_matmul_system_matmul/device_trace_0.csv'.
10:06:44 INFO  : Transferred file from '/mnt/sd-mmcblk0p1/xrt.run_summary' to '/home/mdu/Desktop/first_proj/xilinx_zc706_base/vitis/matmul/Emulation-HW/SystemDebugger_matmul_system_matmul/xrt.run_summary'.
10:16:31 INFO  : Environment used by launch configuration 'SystemDebugger_matmul_system_matmul' is updated to '{XCL_EMULATION_MODE=hw_emu, XILINX_XRT=/usr, LD_LIBRARY_PATH=/mnt/sd-mmcblk0p1/:/tmp:$LD_LIBRARY_PATH, XILINX_VITIS=/mnt/sd-mmcblk0p1/}'.
10:16:31 INFO  : Add the variable 'XILINX_VITIS_DEBUG_ENV_CUSTOM' in enivronment tab of the launch configuration dialog to prevent the tool from overriding the environment.
10:16:31 INFO  : Arguments used by launch configuration 'SystemDebugger_matmul_system_matmul' is updated to './binary_container_1.xclbin'.
10:16:31 WARN  : The platform description file '/home/mdu/Desktop/first_proj/xilinx_zc706_base/vitis/matmul_system/Emulation-HW/package/sd_card/platform_desc.txt' required for the launching the application 'matmul' doesn't exist.
10:16:31 INFO  : Transferred file from '/home/mdu/Desktop/first_proj/xilinx_zc706_base/vitis/matmul/Emulation-HW/SystemDebugger_matmul_system_matmul/xrt.ini' to '/mnt/sd-mmcblk0p1/xrt.ini'.
10:16:39 INFO  : Transferred file from '/mnt/sd-mmcblk0p1/summary.csv' to '/home/mdu/Desktop/first_proj/xilinx_zc706_base/vitis/matmul/Emulation-HW/SystemDebugger_matmul_system_matmul/summary.csv'.
10:16:39 INFO  : Transferred file from '/mnt/sd-mmcblk0p1/device_trace_0.csv' to '/home/mdu/Desktop/first_proj/xilinx_zc706_base/vitis/matmul/Emulation-HW/SystemDebugger_matmul_system_matmul/device_trace_0.csv'.
10:16:39 INFO  : Transferred file from '/mnt/sd-mmcblk0p1/xrt.run_summary' to '/home/mdu/Desktop/first_proj/xilinx_zc706_base/vitis/matmul/Emulation-HW/SystemDebugger_matmul_system_matmul/xrt.run_summary'.
