Thu Jun 30 10:28:38 2022: Running xcd server. This server was built by gradle.
Thu Jun 30 10:28:38 2022: Server was asked to start on port: '34555'
Thu Jun 30 10:28:38 2022: Server is using token UUID: 'b57641ef-194a-4ae6-a303-5ad4e540631b'
Thu Jun 30 10:28:38 2022: SESSION_MGR: creating session with session uuid: '6d04a3e9-ade5-4ab9-8d63-1f78fcd2ec76' and name 'default'
Thu Jun 30 10:28:38 2022: Attempting to start server on port '34555'
Thu Jun 30 10:28:38 2022: XCD main fifo: created main fifo '/tmp/xcdmainb57641ef-194a-4ae6-a303-5ad4e540631b', fd read = 14
Thu Jun 30 10:28:38 2022: Running Dispatch Server
Thu Jun 30 10:28:38 2022: Version 2.2.0
Thu Jun 30 10:28:46 2022: Dispatch Server: Accepted socket connection from client
Thu Jun 30 10:28:46 2022: Starting Socket connection
Thu Jun 30 10:28:46 2022: EXCHANGE_TOKEN received, server token: b57641ef-194a-4ae6-a303-5ad4e540631b, passed token: b57641ef-194a-4ae6-a303-5ad4e540631b
Thu Jun 30 10:28:48 2022: DISPATCH_HANDLER: Adding handler from function makeHandler in library libxv_system_diagram
Thu Jun 30 10:28:48 2022: SESSION_MGR: creating session with session uuid: '74c23924-1231-4477-988d-9195d9586203' and name 'matmul'
Thu Jun 30 10:28:48 2022: KERNEL_SVC: creating session with uuid: '74c23924-1231-4477-988d-9195d9586203' and name 'matmul'
Thu Jun 30 10:28:48 2022: GUIDANCE_SMGR: creating guidance session with uuid: '74c23924-1231-4477-988d-9195d9586203' and name 'matmul'
Thu Jun 30 10:28:48 2022: SYSTEM_DIAGRAM: creating session with uuid: '74c23924-1231-4477-988d-9195d9586203' and name 'matmul'
Thu Jun 30 10:29:41 2022: SESSION_MGR: closing session for UUID '74c23924-1231-4477-988d-9195d9586203' with name 'matmul'
Thu Jun 30 10:29:41 2022: KERNEL_SVC: closing session for UUID '74c23924-1231-4477-988d-9195d9586203' with name 'matmul'
Thu Jun 30 10:29:41 2022: GUIDANCE_SMGR: closing session for UUID '74c23924-1231-4477-988d-9195d9586203' with name 'matmul'
Thu Jun 30 10:29:41 2022: SYSTEM_DIAGRAM: closing session for UUID '74c23924-1231-4477-988d-9195d9586203' with name 'matmul'
Thu Jun 30 11:11:49 2022: Running xcd server. This server was built by gradle.
Thu Jun 30 11:11:49 2022: Server was asked to start on port: '42341'
Thu Jun 30 11:11:49 2022: Server is using token UUID: 'e4a81d4d-26d4-43a3-a5e9-6a4a7ba96ab4'
Thu Jun 30 11:11:49 2022: SESSION_MGR: creating session with session uuid: '6d04a3e9-ade5-4ab9-8d63-1f78fcd2ec76' and name 'default'
Thu Jun 30 11:11:49 2022: Attempting to start server on port '42341'
Thu Jun 30 11:11:49 2022: XCD main fifo: created main fifo '/tmp/xcdmaine4a81d4d-26d4-43a3-a5e9-6a4a7ba96ab4', fd read = 14
Thu Jun 30 11:11:49 2022: Running Dispatch Server
Thu Jun 30 11:11:49 2022: Version 2.2.0
Thu Jun 30 11:11:57 2022: Dispatch Server: Accepted socket connection from client
Thu Jun 30 11:11:57 2022: Starting Socket connection
Thu Jun 30 11:11:57 2022: EXCHANGE_TOKEN received, server token: e4a81d4d-26d4-43a3-a5e9-6a4a7ba96ab4, passed token: e4a81d4d-26d4-43a3-a5e9-6a4a7ba96ab4
Thu Jun 30 11:11:58 2022: DISPATCH_HANDLER: Adding handler from function makeHandler in library libxv_system_diagram
Thu Jun 30 11:11:58 2022: SESSION_MGR: creating session with session uuid: '13a77918-cd78-42fb-8e2f-0f61d38f5d86' and name 'matmul'
Thu Jun 30 11:11:58 2022: KERNEL_SVC: creating session with uuid: '13a77918-cd78-42fb-8e2f-0f61d38f5d86' and name 'matmul'
Thu Jun 30 11:11:58 2022: GUIDANCE_SMGR: creating guidance session with uuid: '13a77918-cd78-42fb-8e2f-0f61d38f5d86' and name 'matmul'
Thu Jun 30 11:11:58 2022: SYSTEM_DIAGRAM: creating session with uuid: '13a77918-cd78-42fb-8e2f-0f61d38f5d86' and name 'matmul'
Thu Jun 30 11:12:54 2022: SESSION_MGR: closing session for UUID '13a77918-cd78-42fb-8e2f-0f61d38f5d86' with name 'matmul'
Thu Jun 30 11:12:54 2022: KERNEL_SVC: closing session for UUID '13a77918-cd78-42fb-8e2f-0f61d38f5d86' with name 'matmul'
Thu Jun 30 11:12:54 2022: GUIDANCE_SMGR: closing session for UUID '13a77918-cd78-42fb-8e2f-0f61d38f5d86' with name 'matmul'
Thu Jun 30 11:12:54 2022: SYSTEM_DIAGRAM: closing session for UUID '13a77918-cd78-42fb-8e2f-0f61d38f5d86' with name 'matmul'
Thu Jun 30 11:25:38 2022: Running xcd server. This server was built by gradle.
Thu Jun 30 11:25:38 2022: Server was asked to start on port: '36529'
Thu Jun 30 11:25:38 2022: Server is using token UUID: '3128c85e-e84c-4443-b80b-c9d4e664571a'
Thu Jun 30 11:25:38 2022: SESSION_MGR: creating session with session uuid: '6d04a3e9-ade5-4ab9-8d63-1f78fcd2ec76' and name 'default'
Thu Jun 30 11:25:38 2022: Attempting to start server on port '36529'
Thu Jun 30 11:25:38 2022: XCD main fifo: created main fifo '/tmp/xcdmain3128c85e-e84c-4443-b80b-c9d4e664571a', fd read = 14
Thu Jun 30 11:25:38 2022: Running Dispatch Server
Thu Jun 30 11:25:38 2022: Version 2.2.0
Thu Jun 30 11:25:47 2022: Dispatch Server: Accepted socket connection from client
Thu Jun 30 11:25:47 2022: Starting Socket connection
Thu Jun 30 11:25:47 2022: EXCHANGE_TOKEN received, server token: 3128c85e-e84c-4443-b80b-c9d4e664571a, passed token: 3128c85e-e84c-4443-b80b-c9d4e664571a
Thu Jun 30 11:25:48 2022: DISPATCH_HANDLER: Adding handler from function makeHandler in library libxv_system_diagram
Thu Jun 30 11:25:48 2022: SESSION_MGR: creating session with session uuid: '546770fc-f6f4-47a3-bc54-805a15922823' and name 'matmul'
Thu Jun 30 11:25:48 2022: KERNEL_SVC: creating session with uuid: '546770fc-f6f4-47a3-bc54-805a15922823' and name 'matmul'
Thu Jun 30 11:25:48 2022: GUIDANCE_SMGR: creating guidance session with uuid: '546770fc-f6f4-47a3-bc54-805a15922823' and name 'matmul'
Thu Jun 30 11:25:48 2022: SYSTEM_DIAGRAM: creating session with uuid: '546770fc-f6f4-47a3-bc54-805a15922823' and name 'matmul'
Thu Jun 30 11:26:42 2022: SESSION_MGR: closing session for UUID '546770fc-f6f4-47a3-bc54-805a15922823' with name 'matmul'
Thu Jun 30 11:26:42 2022: KERNEL_SVC: closing session for UUID '546770fc-f6f4-47a3-bc54-805a15922823' with name 'matmul'
Thu Jun 30 11:26:42 2022: GUIDANCE_SMGR: closing session for UUID '546770fc-f6f4-47a3-bc54-805a15922823' with name 'matmul'
Thu Jun 30 11:26:42 2022: SYSTEM_DIAGRAM: closing session for UUID '546770fc-f6f4-47a3-bc54-805a15922823' with name 'matmul'
Thu Jun 30 11:44:25 2022: Running xcd server. This server was built by gradle.
Thu Jun 30 11:44:25 2022: Server was asked to start on port: '35727'
Thu Jun 30 11:44:25 2022: Server is using token UUID: '6292c9e2-10f3-4147-962c-6a3ff75ec745'
Thu Jun 30 11:44:25 2022: SESSION_MGR: creating session with session uuid: '6d04a3e9-ade5-4ab9-8d63-1f78fcd2ec76' and name 'default'
Thu Jun 30 11:44:25 2022: Attempting to start server on port '35727'
Thu Jun 30 11:44:25 2022: XCD main fifo: created main fifo '/tmp/xcdmain6292c9e2-10f3-4147-962c-6a3ff75ec745', fd read = 14
Thu Jun 30 11:44:25 2022: Running Dispatch Server
Thu Jun 30 11:44:25 2022: Version 2.2.0
Thu Jun 30 11:44:33 2022: Dispatch Server: Accepted socket connection from client
Thu Jun 30 11:44:33 2022: Starting Socket connection
Thu Jun 30 11:44:33 2022: EXCHANGE_TOKEN received, server token: 6292c9e2-10f3-4147-962c-6a3ff75ec745, passed token: 6292c9e2-10f3-4147-962c-6a3ff75ec745
Thu Jun 30 11:44:35 2022: DISPATCH_HANDLER: Adding handler from function makeHandler in library libxv_system_diagram
Thu Jun 30 11:44:35 2022: SESSION_MGR: creating session with session uuid: 'a8cde878-beb6-4759-9fbf-b9bba327a3a3' and name 'matmul'
Thu Jun 30 11:44:35 2022: KERNEL_SVC: creating session with uuid: 'a8cde878-beb6-4759-9fbf-b9bba327a3a3' and name 'matmul'
Thu Jun 30 11:44:35 2022: GUIDANCE_SMGR: creating guidance session with uuid: 'a8cde878-beb6-4759-9fbf-b9bba327a3a3' and name 'matmul'
Thu Jun 30 11:44:35 2022: SYSTEM_DIAGRAM: creating session with uuid: 'a8cde878-beb6-4759-9fbf-b9bba327a3a3' and name 'matmul'
Thu Jun 30 11:45:29 2022: SESSION_MGR: closing session for UUID 'a8cde878-beb6-4759-9fbf-b9bba327a3a3' with name 'matmul'
Thu Jun 30 11:45:29 2022: KERNEL_SVC: closing session for UUID 'a8cde878-beb6-4759-9fbf-b9bba327a3a3' with name 'matmul'
Thu Jun 30 11:45:29 2022: GUIDANCE_SMGR: closing session for UUID 'a8cde878-beb6-4759-9fbf-b9bba327a3a3' with name 'matmul'
Thu Jun 30 11:45:29 2022: SYSTEM_DIAGRAM: closing session for UUID 'a8cde878-beb6-4759-9fbf-b9bba327a3a3' with name 'matmul'
Thu Jun 30 11:57:31 2022: Running xcd server. This server was built by gradle.
Thu Jun 30 11:57:31 2022: Server was asked to start on port: '45607'
Thu Jun 30 11:57:31 2022: Server is using token UUID: '0a4d2eb1-8ff9-4ca5-9379-67b39a731f32'
Thu Jun 30 11:57:31 2022: SESSION_MGR: creating session with session uuid: '6d04a3e9-ade5-4ab9-8d63-1f78fcd2ec76' and name 'default'
Thu Jun 30 11:57:31 2022: Attempting to start server on port '45607'
Thu Jun 30 11:57:31 2022: XCD main fifo: created main fifo '/tmp/xcdmain0a4d2eb1-8ff9-4ca5-9379-67b39a731f32', fd read = 14
Thu Jun 30 11:57:31 2022: Running Dispatch Server
Thu Jun 30 11:57:31 2022: Version 2.2.0
Thu Jun 30 11:57:39 2022: Dispatch Server: Accepted socket connection from client
Thu Jun 30 11:57:39 2022: Starting Socket connection
Thu Jun 30 11:57:39 2022: EXCHANGE_TOKEN received, server token: 0a4d2eb1-8ff9-4ca5-9379-67b39a731f32, passed token: 0a4d2eb1-8ff9-4ca5-9379-67b39a731f32
Thu Jun 30 11:57:41 2022: DISPATCH_HANDLER: Adding handler from function makeHandler in library libxv_system_diagram
Thu Jun 30 11:57:41 2022: SESSION_MGR: creating session with session uuid: '506e9525-07df-4a0a-b98c-703599c6ecb1' and name 'matmul'
Thu Jun 30 11:57:41 2022: KERNEL_SVC: creating session with uuid: '506e9525-07df-4a0a-b98c-703599c6ecb1' and name 'matmul'
Thu Jun 30 11:57:41 2022: GUIDANCE_SMGR: creating guidance session with uuid: '506e9525-07df-4a0a-b98c-703599c6ecb1' and name 'matmul'
Thu Jun 30 11:57:41 2022: SYSTEM_DIAGRAM: creating session with uuid: '506e9525-07df-4a0a-b98c-703599c6ecb1' and name 'matmul'
Thu Jun 30 11:58:48 2022: SESSION_MGR: closing session for UUID '506e9525-07df-4a0a-b98c-703599c6ecb1' with name 'matmul'
Thu Jun 30 11:58:48 2022: KERNEL_SVC: closing session for UUID '506e9525-07df-4a0a-b98c-703599c6ecb1' with name 'matmul'
Thu Jun 30 11:58:48 2022: GUIDANCE_SMGR: closing session for UUID '506e9525-07df-4a0a-b98c-703599c6ecb1' with name 'matmul'
Thu Jun 30 11:58:48 2022: SYSTEM_DIAGRAM: closing session for UUID '506e9525-07df-4a0a-b98c-703599c6ecb1' with name 'matmul'
Thu Jun 30 12:09:07 2022: Running xcd server. This server was built by gradle.
Thu Jun 30 12:09:07 2022: Server was asked to start on port: '44911'
Thu Jun 30 12:09:07 2022: Server is using token UUID: '681c70e4-9991-4ee8-939d-fb90b4639267'
Thu Jun 30 12:09:07 2022: SESSION_MGR: creating session with session uuid: '6d04a3e9-ade5-4ab9-8d63-1f78fcd2ec76' and name 'default'
Thu Jun 30 12:09:07 2022: Attempting to start server on port '44911'
Thu Jun 30 12:09:07 2022: XCD main fifo: created main fifo '/tmp/xcdmain681c70e4-9991-4ee8-939d-fb90b4639267', fd read = 14
Thu Jun 30 12:09:07 2022: Running Dispatch Server
Thu Jun 30 12:09:07 2022: Version 2.2.0
Thu Jun 30 12:09:15 2022: Dispatch Server: Accepted socket connection from client
Thu Jun 30 12:09:15 2022: Starting Socket connection
Thu Jun 30 12:09:15 2022: EXCHANGE_TOKEN received, server token: 681c70e4-9991-4ee8-939d-fb90b4639267, passed token: 681c70e4-9991-4ee8-939d-fb90b4639267
Thu Jun 30 12:09:17 2022: DISPATCH_HANDLER: Adding handler from function makeHandler in library libxv_system_diagram
Thu Jun 30 12:09:17 2022: SESSION_MGR: creating session with session uuid: '7a32de79-d08b-4544-8516-14c30ed1fb0f' and name 'matmul'
Thu Jun 30 12:09:17 2022: KERNEL_SVC: creating session with uuid: '7a32de79-d08b-4544-8516-14c30ed1fb0f' and name 'matmul'
Thu Jun 30 12:09:17 2022: GUIDANCE_SMGR: creating guidance session with uuid: '7a32de79-d08b-4544-8516-14c30ed1fb0f' and name 'matmul'
Thu Jun 30 12:09:17 2022: SYSTEM_DIAGRAM: creating session with uuid: '7a32de79-d08b-4544-8516-14c30ed1fb0f' and name 'matmul'
Thu Jun 30 12:10:29 2022: SESSION_MGR: closing session for UUID '7a32de79-d08b-4544-8516-14c30ed1fb0f' with name 'matmul'
Thu Jun 30 12:10:29 2022: KERNEL_SVC: closing session for UUID '7a32de79-d08b-4544-8516-14c30ed1fb0f' with name 'matmul'
Thu Jun 30 12:10:29 2022: GUIDANCE_SMGR: closing session for UUID '7a32de79-d08b-4544-8516-14c30ed1fb0f' with name 'matmul'
Thu Jun 30 12:10:29 2022: SYSTEM_DIAGRAM: closing session for UUID '7a32de79-d08b-4544-8516-14c30ed1fb0f' with name 'matmul'
Thu Jun 30 13:30:28 2022: Running xcd server. This server was built by gradle.
Thu Jun 30 13:30:28 2022: Server was asked to start on port: '38797'
Thu Jun 30 13:30:28 2022: Server is using token UUID: '22b31e50-06a0-4763-bf37-edd822fe962f'
Thu Jun 30 13:30:28 2022: SESSION_MGR: creating session with session uuid: '6d04a3e9-ade5-4ab9-8d63-1f78fcd2ec76' and name 'default'
Thu Jun 30 13:30:28 2022: Attempting to start server on port '38797'
Thu Jun 30 13:30:28 2022: XCD main fifo: created main fifo '/tmp/xcdmain22b31e50-06a0-4763-bf37-edd822fe962f', fd read = 14
Thu Jun 30 13:30:28 2022: Running Dispatch Server
Thu Jun 30 13:30:28 2022: Version 2.2.0
Thu Jun 30 13:30:36 2022: Dispatch Server: Accepted socket connection from client
Thu Jun 30 13:30:36 2022: Starting Socket connection
Thu Jun 30 13:30:36 2022: EXCHANGE_TOKEN received, server token: 22b31e50-06a0-4763-bf37-edd822fe962f, passed token: 22b31e50-06a0-4763-bf37-edd822fe962f
Thu Jun 30 13:30:38 2022: DISPATCH_HANDLER: Adding handler from function makeHandler in library libxv_system_diagram
Thu Jun 30 13:30:38 2022: SESSION_MGR: creating session with session uuid: '39b63cf3-7c80-437a-ae2e-09073a7363e3' and name 'matmul'
Thu Jun 30 13:30:38 2022: KERNEL_SVC: creating session with uuid: '39b63cf3-7c80-437a-ae2e-09073a7363e3' and name 'matmul'
Thu Jun 30 13:30:38 2022: GUIDANCE_SMGR: creating guidance session with uuid: '39b63cf3-7c80-437a-ae2e-09073a7363e3' and name 'matmul'
Thu Jun 30 13:30:38 2022: SYSTEM_DIAGRAM: creating session with uuid: '39b63cf3-7c80-437a-ae2e-09073a7363e3' and name 'matmul'
Thu Jun 30 13:31:56 2022: SESSION_MGR: closing session for UUID '39b63cf3-7c80-437a-ae2e-09073a7363e3' with name 'matmul'
Thu Jun 30 13:31:56 2022: KERNEL_SVC: closing session for UUID '39b63cf3-7c80-437a-ae2e-09073a7363e3' with name 'matmul'
Thu Jun 30 13:31:56 2022: GUIDANCE_SMGR: closing session for UUID '39b63cf3-7c80-437a-ae2e-09073a7363e3' with name 'matmul'
Thu Jun 30 13:31:56 2022: SYSTEM_DIAGRAM: closing session for UUID '39b63cf3-7c80-437a-ae2e-09073a7363e3' with name 'matmul'
Thu Jun 30 13:58:28 2022: Running xcd server. This server was built by gradle.
Thu Jun 30 13:58:28 2022: Server was asked to start on port: '36923'
Thu Jun 30 13:58:28 2022: Server is using token UUID: '3804c604-a6ff-4a01-a074-255d5cca07c5'
Thu Jun 30 13:58:28 2022: SESSION_MGR: creating session with session uuid: '6d04a3e9-ade5-4ab9-8d63-1f78fcd2ec76' and name 'default'
Thu Jun 30 13:58:28 2022: Attempting to start server on port '36923'
Thu Jun 30 13:58:28 2022: XCD main fifo: created main fifo '/tmp/xcdmain3804c604-a6ff-4a01-a074-255d5cca07c5', fd read = 14
Thu Jun 30 13:58:28 2022: Running Dispatch Server
Thu Jun 30 13:58:28 2022: Version 2.2.0
Thu Jun 30 13:58:36 2022: Dispatch Server: Accepted socket connection from client
Thu Jun 30 13:58:36 2022: Starting Socket connection
Thu Jun 30 13:58:36 2022: EXCHANGE_TOKEN received, server token: 3804c604-a6ff-4a01-a074-255d5cca07c5, passed token: 3804c604-a6ff-4a01-a074-255d5cca07c5
Thu Jun 30 13:58:38 2022: DISPATCH_HANDLER: Adding handler from function makeHandler in library libxv_system_diagram
Thu Jun 30 13:58:38 2022: SESSION_MGR: creating session with session uuid: '06b44c59-9036-4028-ae26-b69f92d0d7b0' and name 'matmul'
Thu Jun 30 13:58:38 2022: KERNEL_SVC: creating session with uuid: '06b44c59-9036-4028-ae26-b69f92d0d7b0' and name 'matmul'
Thu Jun 30 13:58:38 2022: GUIDANCE_SMGR: creating guidance session with uuid: '06b44c59-9036-4028-ae26-b69f92d0d7b0' and name 'matmul'
Thu Jun 30 13:58:38 2022: SYSTEM_DIAGRAM: creating session with uuid: '06b44c59-9036-4028-ae26-b69f92d0d7b0' and name 'matmul'
Thu Jun 30 13:58:49 2022: SESSION_MGR: closing session for UUID '06b44c59-9036-4028-ae26-b69f92d0d7b0' with name 'matmul'
Thu Jun 30 13:58:49 2022: KERNEL_SVC: closing session for UUID '06b44c59-9036-4028-ae26-b69f92d0d7b0' with name 'matmul'
Thu Jun 30 13:58:49 2022: GUIDANCE_SMGR: closing session for UUID '06b44c59-9036-4028-ae26-b69f92d0d7b0' with name 'matmul'
Thu Jun 30 13:58:49 2022: SYSTEM_DIAGRAM: closing session for UUID '06b44c59-9036-4028-ae26-b69f92d0d7b0' with name 'matmul'
Thu Jun 30 14:01:54 2022: Running xcd server. This server was built by gradle.
Thu Jun 30 14:01:54 2022: Server was asked to start on port: '32869'
Thu Jun 30 14:01:54 2022: Server is using token UUID: 'ff9cb540-cae0-4380-a120-f17f80cf85f7'
Thu Jun 30 14:01:54 2022: SESSION_MGR: creating session with session uuid: '6d04a3e9-ade5-4ab9-8d63-1f78fcd2ec76' and name 'default'
Thu Jun 30 14:01:54 2022: Attempting to start server on port '32869'
Thu Jun 30 14:01:54 2022: XCD main fifo: created main fifo '/tmp/xcdmainff9cb540-cae0-4380-a120-f17f80cf85f7', fd read = 14
Thu Jun 30 14:01:54 2022: Running Dispatch Server
Thu Jun 30 14:01:54 2022: Version 2.2.0
Thu Jun 30 14:02:02 2022: Dispatch Server: Accepted socket connection from client
Thu Jun 30 14:02:02 2022: Starting Socket connection
Thu Jun 30 14:02:02 2022: EXCHANGE_TOKEN received, server token: ff9cb540-cae0-4380-a120-f17f80cf85f7, passed token: ff9cb540-cae0-4380-a120-f17f80cf85f7
Thu Jun 30 14:02:03 2022: DISPATCH_HANDLER: Adding handler from function makeHandler in library libxv_system_diagram
Thu Jun 30 14:02:03 2022: SESSION_MGR: creating session with session uuid: 'e0236f9d-13f4-4233-a2aa-5fa6af620374' and name 'matmul'
Thu Jun 30 14:02:03 2022: KERNEL_SVC: creating session with uuid: 'e0236f9d-13f4-4233-a2aa-5fa6af620374' and name 'matmul'
Thu Jun 30 14:02:03 2022: GUIDANCE_SMGR: creating guidance session with uuid: 'e0236f9d-13f4-4233-a2aa-5fa6af620374' and name 'matmul'
Thu Jun 30 14:02:03 2022: SYSTEM_DIAGRAM: creating session with uuid: 'e0236f9d-13f4-4233-a2aa-5fa6af620374' and name 'matmul'
Thu Jun 30 14:03:33 2022: SESSION_MGR: closing session for UUID 'e0236f9d-13f4-4233-a2aa-5fa6af620374' with name 'matmul'
Thu Jun 30 14:03:33 2022: KERNEL_SVC: closing session for UUID 'e0236f9d-13f4-4233-a2aa-5fa6af620374' with name 'matmul'
Thu Jun 30 14:03:33 2022: GUIDANCE_SMGR: closing session for UUID 'e0236f9d-13f4-4233-a2aa-5fa6af620374' with name 'matmul'
Thu Jun 30 14:03:33 2022: SYSTEM_DIAGRAM: closing session for UUID 'e0236f9d-13f4-4233-a2aa-5fa6af620374' with name 'matmul'
Thu Jun 30 14:14:14 2022: Running xcd server. This server was built by gradle.
Thu Jun 30 14:14:14 2022: Server was asked to start on port: '37909'
Thu Jun 30 14:14:14 2022: Server is using token UUID: '3d02f5e2-7a46-4982-b9fe-48f599449ff0'
Thu Jun 30 14:14:14 2022: SESSION_MGR: creating session with session uuid: '6d04a3e9-ade5-4ab9-8d63-1f78fcd2ec76' and name 'default'
Thu Jun 30 14:14:14 2022: Attempting to start server on port '37909'
Thu Jun 30 14:14:14 2022: XCD main fifo: created main fifo '/tmp/xcdmain3d02f5e2-7a46-4982-b9fe-48f599449ff0', fd read = 14
Thu Jun 30 14:14:14 2022: Running Dispatch Server
Thu Jun 30 14:14:14 2022: Version 2.2.0
Thu Jun 30 14:14:21 2022: Dispatch Server: Accepted socket connection from client
Thu Jun 30 14:14:21 2022: Starting Socket connection
Thu Jun 30 14:14:21 2022: EXCHANGE_TOKEN received, server token: 3d02f5e2-7a46-4982-b9fe-48f599449ff0, passed token: 3d02f5e2-7a46-4982-b9fe-48f599449ff0
Thu Jun 30 14:14:23 2022: DISPATCH_HANDLER: Adding handler from function makeHandler in library libxv_system_diagram
Thu Jun 30 14:14:23 2022: SESSION_MGR: creating session with session uuid: 'f2ff967d-083b-4faf-b8a0-98b65a307028' and name 'matmul'
Thu Jun 30 14:14:23 2022: KERNEL_SVC: creating session with uuid: 'f2ff967d-083b-4faf-b8a0-98b65a307028' and name 'matmul'
Thu Jun 30 14:14:23 2022: GUIDANCE_SMGR: creating guidance session with uuid: 'f2ff967d-083b-4faf-b8a0-98b65a307028' and name 'matmul'
Thu Jun 30 14:14:23 2022: SYSTEM_DIAGRAM: creating session with uuid: 'f2ff967d-083b-4faf-b8a0-98b65a307028' and name 'matmul'
Thu Jun 30 14:15:42 2022: SESSION_MGR: closing session for UUID 'f2ff967d-083b-4faf-b8a0-98b65a307028' with name 'matmul'
Thu Jun 30 14:15:42 2022: KERNEL_SVC: closing session for UUID 'f2ff967d-083b-4faf-b8a0-98b65a307028' with name 'matmul'
Thu Jun 30 14:15:42 2022: GUIDANCE_SMGR: closing session for UUID 'f2ff967d-083b-4faf-b8a0-98b65a307028' with name 'matmul'
Thu Jun 30 14:15:42 2022: SYSTEM_DIAGRAM: closing session for UUID 'f2ff967d-083b-4faf-b8a0-98b65a307028' with name 'matmul'
Thu Jun 30 15:37:03 2022: Running xcd server. This server was built by gradle.
Thu Jun 30 15:37:03 2022: Server was asked to start on port: '40769'
Thu Jun 30 15:37:03 2022: Server is using token UUID: '1738336d-5e61-4bc9-b89e-8c889277dceb'
Thu Jun 30 15:37:03 2022: SESSION_MGR: creating session with session uuid: '6d04a3e9-ade5-4ab9-8d63-1f78fcd2ec76' and name 'default'
Thu Jun 30 15:37:03 2022: Attempting to start server on port '40769'
Thu Jun 30 15:37:03 2022: XCD main fifo: created main fifo '/tmp/xcdmain1738336d-5e61-4bc9-b89e-8c889277dceb', fd read = 13
Thu Jun 30 15:37:03 2022: Running Dispatch Server
Thu Jun 30 15:37:03 2022: Version 2.2.0
Thu Jun 30 15:37:12 2022: Dispatch Server: Accepted socket connection from client
Thu Jun 30 15:37:12 2022: Starting Socket connection
Thu Jun 30 15:37:12 2022: EXCHANGE_TOKEN received, server token: 1738336d-5e61-4bc9-b89e-8c889277dceb, passed token: 1738336d-5e61-4bc9-b89e-8c889277dceb
Thu Jun 30 15:37:14 2022: DISPATCH_HANDLER: Adding handler from function makeHandler in library libxv_system_diagram
Thu Jun 30 15:37:14 2022: SESSION_MGR: creating session with session uuid: '2a89f3ed-8e38-4ea7-b004-1a3f126e77a1' and name 'matmul'
Thu Jun 30 15:37:14 2022: KERNEL_SVC: creating session with uuid: '2a89f3ed-8e38-4ea7-b004-1a3f126e77a1' and name 'matmul'
Thu Jun 30 15:37:14 2022: GUIDANCE_SMGR: creating guidance session with uuid: '2a89f3ed-8e38-4ea7-b004-1a3f126e77a1' and name 'matmul'
Thu Jun 30 15:37:14 2022: SYSTEM_DIAGRAM: creating session with uuid: '2a89f3ed-8e38-4ea7-b004-1a3f126e77a1' and name 'matmul'
Thu Jun 30 15:38:22 2022: SESSION_MGR: closing session for UUID '2a89f3ed-8e38-4ea7-b004-1a3f126e77a1' with name 'matmul'
Thu Jun 30 15:38:22 2022: KERNEL_SVC: closing session for UUID '2a89f3ed-8e38-4ea7-b004-1a3f126e77a1' with name 'matmul'
Thu Jun 30 15:38:22 2022: GUIDANCE_SMGR: closing session for UUID '2a89f3ed-8e38-4ea7-b004-1a3f126e77a1' with name 'matmul'
Thu Jun 30 15:38:22 2022: SYSTEM_DIAGRAM: closing session for UUID '2a89f3ed-8e38-4ea7-b004-1a3f126e77a1' with name 'matmul'
Thu Jun 30 16:10:34 2022: Running xcd server. This server was built by gradle.
Thu Jun 30 16:10:34 2022: Server was asked to start on port: '39315'
Thu Jun 30 16:10:34 2022: Server is using token UUID: '3d3b8b79-f13d-4169-adfd-e401cc246a26'
Thu Jun 30 16:10:34 2022: SESSION_MGR: creating session with session uuid: '6d04a3e9-ade5-4ab9-8d63-1f78fcd2ec76' and name 'default'
Thu Jun 30 16:10:34 2022: Attempting to start server on port '39315'
Thu Jun 30 16:10:34 2022: XCD main fifo: created main fifo '/tmp/xcdmain3d3b8b79-f13d-4169-adfd-e401cc246a26', fd read = 14
Thu Jun 30 16:10:34 2022: Running Dispatch Server
Thu Jun 30 16:10:34 2022: Version 2.2.0
Thu Jun 30 16:10:42 2022: Dispatch Server: Accepted socket connection from client
Thu Jun 30 16:10:42 2022: Starting Socket connection
Thu Jun 30 16:10:42 2022: EXCHANGE_TOKEN received, server token: 3d3b8b79-f13d-4169-adfd-e401cc246a26, passed token: 3d3b8b79-f13d-4169-adfd-e401cc246a26
Thu Jun 30 16:10:44 2022: DISPATCH_HANDLER: Adding handler from function makeHandler in library libxv_system_diagram
Thu Jun 30 16:10:44 2022: SESSION_MGR: creating session with session uuid: '56b1dde9-48c8-49da-808d-acf2e69c3cf0' and name 'matmul'
Thu Jun 30 16:10:44 2022: KERNEL_SVC: creating session with uuid: '56b1dde9-48c8-49da-808d-acf2e69c3cf0' and name 'matmul'
Thu Jun 30 16:10:44 2022: GUIDANCE_SMGR: creating guidance session with uuid: '56b1dde9-48c8-49da-808d-acf2e69c3cf0' and name 'matmul'
Thu Jun 30 16:10:44 2022: SYSTEM_DIAGRAM: creating session with uuid: '56b1dde9-48c8-49da-808d-acf2e69c3cf0' and name 'matmul'
Thu Jun 30 16:11:40 2022: SESSION_MGR: closing session for UUID '56b1dde9-48c8-49da-808d-acf2e69c3cf0' with name 'matmul'
Thu Jun 30 16:11:40 2022: KERNEL_SVC: closing session for UUID '56b1dde9-48c8-49da-808d-acf2e69c3cf0' with name 'matmul'
Thu Jun 30 16:11:40 2022: GUIDANCE_SMGR: closing session for UUID '56b1dde9-48c8-49da-808d-acf2e69c3cf0' with name 'matmul'
Thu Jun 30 16:11:40 2022: SYSTEM_DIAGRAM: closing session for UUID '56b1dde9-48c8-49da-808d-acf2e69c3cf0' with name 'matmul'
