==============================================================
Vitis HLS - High-Level Synthesis from C, C++ and OpenCL v2021.2 (64-bit)
Copyright 1986-2021 Xilinx, Inc. All Rights Reserved.
==============================================================
INFO: [HLS 200-1505] Using flow_target 'vitis'
INFO: [HLS 200-435] Setting 'open_solution -flow_target vitis' configuration: config_interface -m_axi_latency=64
INFO: [HLS 200-435] Setting 'open_solution -flow_target vitis' configuration: config_interface -m_axi_alignment_byte_size=64
INFO: [HLS 200-435] Setting 'open_solution -flow_target vitis' configuration: config_interface -m_axi_max_widen_bitwidth=512
INFO: [HLS 200-435] Setting 'open_solution -flow_target vitis' configuration: config_rtl -register_reset_num=3
INFO: [HLS 200-1510] Running: set_part xc7z045ffg900-2 
INFO: [HLS 200-1611] Setting target device to 'xc7z045-ffg900-2'
INFO: [HLS 200-1510] Running: create_clock -period 100.000000MHz -name default 
INFO: [SYN 201-201] Setting up clock 'default' with a period of 10ns.
INFO: [HLS 200-1510] Running: config_rtl -kernel_profile 
INFO: [HLS 200-1510] Running: config_dataflow -strict_mode warning 
INFO: [HLS 200-1510] Running: config_debug -enable 
INFO: [HLS 200-1510] Running: config_export -deadlock_detection none 
INFO: [HLS 200-1510] Running: config_interface -m_axi_conservative_mode=1 
INFO: [HLS 200-1510] Running: config_interface -m_axi_addr64=0 
INFO: [HLS 200-1510] Running: config_interface -m_axi_auto_max_ports=1 
INFO: [HLS 200-1510] Running: config_interface -m_axi_min_bitwidth 32 
INFO: [HLS 200-1510] Running: config_interface -m_axi_max_bitwidth 32 
INFO: [HLS 200-1510] Running: config_export -format xo -ipname matmul 
INFO: [HLS 200-1510] Running: csynth_design 
INFO: [HLS 200-111] Finished File checks and directory preparation: CPU user time: 0.01 seconds. CPU system time: 0 seconds. Elapsed time: 0.01 seconds; current allocated memory: 1.120 GB.
INFO: [HLS 200-10] Analyzing design file '/home/mdu/Desktop/work_repo/work_prj/matmul_kernels/src/krnl_matrixmul.cpp' ... 
INFO: [HLS 200-111] Finished Source Code Analysis and Preprocessing: CPU user time: 7.13 seconds. CPU system time: 0.89 seconds. Elapsed time: 7.11 seconds; current allocated memory: 211.215 MB.
INFO: [HLS 200-777] Using interface defaults for 'Vitis' flow target.
INFO: [HLS 214-284] Auto array partition mode is set into default.
INFO: [HLS 214-241] Aggregating maxi variable 'out_r' with compact=none mode in 16-bits (/home/mdu/Desktop/work_repo/work_prj/matmul_kernels/src/krnl_matrixmul.cpp:16:0)
INFO: [HLS 214-241] Aggregating maxi variable 'in2' with compact=none mode in 16-bits (/home/mdu/Desktop/work_repo/work_prj/matmul_kernels/src/krnl_matrixmul.cpp:16:0)
INFO: [HLS 214-241] Aggregating maxi variable 'in1' with compact=none mode in 16-bits (/home/mdu/Desktop/work_repo/work_prj/matmul_kernels/src/krnl_matrixmul.cpp:16:0)
INFO: [HLS 214-270] Starting automatic array partition analysis...
INFO: [HLS 214-115] Multiple burst reads of length 512 and bit width 32 has been inferred on bundle 'gmem0'. These burst requests might be further partitioned into multiple requests during RTL generation, based on max_read_burst_length or max_write_burst_length settings. (/home/mdu/Desktop/work_repo/work_prj/matmul_kernels/src/krnl_matrixmul.cpp:34:9)
INFO: [HLS 214-115] Multiple burst reads of length 512 and bit width 32 has been inferred on bundle 'gmem1'. These burst requests might be further partitioned into multiple requests during RTL generation, based on max_read_burst_length or max_write_burst_length settings. (/home/mdu/Desktop/work_repo/work_prj/matmul_kernels/src/krnl_matrixmul.cpp:45:9)
INFO: [HLS 214-115] Multiple burst writes of length 512 and bit width 32 has been inferred on bundle 'gmem0'. These burst requests might be further partitioned into multiple requests during RTL generation, based on max_read_burst_length or max_write_burst_length settings. (/home/mdu/Desktop/work_repo/work_prj/matmul_kernels/src/krnl_matrixmul.cpp:90:9)
INFO: [HLS 214-131] Inlining function '_llvm.fpga.pack.none.i16.s_struct.ap_int<16>s' into 'matmul' (/home/mdu/Desktop/work_repo/work_prj/matmul_kernels/src/krnl_matrixmul.cpp:96:24)
INFO: [HLS 200-111] Finished Compiling Optimization and Transform: CPU user time: 6.16 seconds. CPU system time: 0.53 seconds. Elapsed time: 7 seconds; current allocated memory: 220.223 MB.
INFO: [HLS 200-111] Finished Checking Pragmas: CPU user time: 0 seconds. CPU system time: 0.01 seconds. Elapsed time: 0 seconds; current allocated memory: 220.223 MB.
INFO: [HLS 200-10] Starting code transformations ...
INFO: [HLS 200-111] Finished Standard Transforms: CPU user time: 0.19 seconds. CPU system time: 0 seconds. Elapsed time: 0.25 seconds; current allocated memory: 223.840 MB.
INFO: [HLS 200-10] Checking synthesizability ...
INFO: [HLS 200-111] Finished Checking Synthesizability: CPU user time: 0.27 seconds. CPU system time: 0 seconds. Elapsed time: 0.29 seconds; current allocated memory: 227.637 MB.
INFO: [XFORM 203-510] Pipelining loop 'readA' (/home/mdu/Desktop/work_repo/work_prj/matmul_kernels/src/krnl_matrixmul.cpp:34) in function 'matmul' automatically.
INFO: [XFORM 203-510] Pipelining loop 'readB' (/home/mdu/Desktop/work_repo/work_prj/matmul_kernels/src/krnl_matrixmul.cpp:45) in function 'matmul' automatically.
INFO: [XFORM 203-510] Pipelining loop 'nopart2' (/home/mdu/Desktop/work_repo/work_prj/matmul_kernels/src/krnl_matrixmul.cpp:72) in function 'matmul' automatically.
INFO: [XFORM 203-510] Pipelining loop 'writeC' (/home/mdu/Desktop/work_repo/work_prj/matmul_kernels/src/krnl_matrixmul.cpp:90) in function 'matmul' automatically.
INFO: [XFORM 203-502] Unrolling all sub-loops inside loop 'nopart2' (/home/mdu/Desktop/work_repo/work_prj/matmul_kernels/src/krnl_matrixmul.cpp:72) in function 'matmul' for pipelining.
INFO: [HLS 200-489] Unrolling loop 'nopart3' (/home/mdu/Desktop/work_repo/work_prj/matmul_kernels/src/krnl_matrixmul.cpp:76) in function 'matmul' completely with a factor of 32.
INFO: [XFORM 203-102] Partitioning array 'temp_sum.V' (/home/mdu/Desktop/work_repo/work_prj/matmul_kernels/src/krnl_matrixmul.cpp:29) automatically.
INFO: [HLS 200-111] Finished Loop, function and other optimizations: CPU user time: 0.63 seconds. CPU system time: 0.02 seconds. Elapsed time: 0.75 seconds; current allocated memory: 256.430 MB.
INFO: [XFORM 203-541] Flattening a loop nest 'nopart1' (/home/mdu/Desktop/work_repo/work_prj/matmul_kernels/src/krnl_matrixmul.cpp:68:22) in function 'matmul'.
INFO: [HLS 200-472] Inferring partial write operation for 'C.V' (/home/mdu/Desktop/work_repo/work_prj/matmul_kernels/src/krnl_matrixmul.cpp:82:57)
INFO: [HLS 200-472] Inferring partial write operation for 'B.V' (/home/mdu/Desktop/work_repo/work_prj/matmul_kernels/src/krnl_matrixmul.cpp:51:21)
INFO: [HLS 200-472] Inferring partial write operation for 'A.V' (/home/mdu/Desktop/work_repo/work_prj/matmul_kernels/src/krnl_matrixmul.cpp:40:21)
INFO: [HLS 200-111] Finished Architecture Synthesis: CPU user time: 0.66 seconds. CPU system time: 0.03 seconds. Elapsed time: 0.76 seconds; current allocated memory: 290.930 MB.
INFO: [HLS 200-10] Starting hardware synthesis ...
INFO: [HLS 200-10] Synthesizing 'matmul' ...
INFO: [HLS 200-10] ----------------------------------------------------------------
INFO: [HLS 200-42] -- Implementing module 'matmul_Pipeline_readA' 
INFO: [HLS 200-10] ----------------------------------------------------------------
INFO: [SCHED 204-11] Starting scheduling ...
INFO: [SCHED 204-61] Pipelining loop 'readA'.
WARNING: [HLS 200-880] The II Violation in module 'matmul_Pipeline_readA' (loop 'readA'): Unable to enforce a carried dependence constraint (II = 1, distance = 1, offset = 1) between bus read operation ('gmem0_addr_read_15', /home/mdu/Desktop/work_repo/work_prj/matmul_kernels/src/krnl_matrixmul.cpp:40) on port 'gmem0' (/home/mdu/Desktop/work_repo/work_prj/matmul_kernels/src/krnl_matrixmul.cpp:40) and bus read operation ('gmem0_addr_read', /home/mdu/Desktop/work_repo/work_prj/matmul_kernels/src/krnl_matrixmul.cpp:40) on port 'gmem0' (/home/mdu/Desktop/work_repo/work_prj/matmul_kernels/src/krnl_matrixmul.cpp:40).
WARNING: [HLS 200-880] The II Violation in module 'matmul_Pipeline_readA' (loop 'readA'): Unable to enforce a carried dependence constraint (II = 2, distance = 1, offset = 1) between bus read operation ('gmem0_addr_read_15', /home/mdu/Desktop/work_repo/work_prj/matmul_kernels/src/krnl_matrixmul.cpp:40) on port 'gmem0' (/home/mdu/Desktop/work_repo/work_prj/matmul_kernels/src/krnl_matrixmul.cpp:40) and bus read operation ('gmem0_addr_read', /home/mdu/Desktop/work_repo/work_prj/matmul_kernels/src/krnl_matrixmul.cpp:40) on port 'gmem0' (/home/mdu/Desktop/work_repo/work_prj/matmul_kernels/src/krnl_matrixmul.cpp:40).
WARNING: [HLS 200-880] The II Violation in module 'matmul_Pipeline_readA' (loop 'readA'): Unable to enforce a carried dependence constraint (II = 3, distance = 1, offset = 1) between bus read operation ('gmem0_addr_read_15', /home/mdu/Desktop/work_repo/work_prj/matmul_kernels/src/krnl_matrixmul.cpp:40) on port 'gmem0' (/home/mdu/Desktop/work_repo/work_prj/matmul_kernels/src/krnl_matrixmul.cpp:40) and bus read operation ('gmem0_addr_read', /home/mdu/Desktop/work_repo/work_prj/matmul_kernels/src/krnl_matrixmul.cpp:40) on port 'gmem0' (/home/mdu/Desktop/work_repo/work_prj/matmul_kernels/src/krnl_matrixmul.cpp:40).
WARNING: [HLS 200-880] The II Violation in module 'matmul_Pipeline_readA' (loop 'readA'): Unable to enforce a carried dependence constraint (II = 4, distance = 1, offset = 1) between bus read operation ('gmem0_addr_read_15', /home/mdu/Desktop/work_repo/work_prj/matmul_kernels/src/krnl_matrixmul.cpp:40) on port 'gmem0' (/home/mdu/Desktop/work_repo/work_prj/matmul_kernels/src/krnl_matrixmul.cpp:40) and bus read operation ('gmem0_addr_read', /home/mdu/Desktop/work_repo/work_prj/matmul_kernels/src/krnl_matrixmul.cpp:40) on port 'gmem0' (/home/mdu/Desktop/work_repo/work_prj/matmul_kernels/src/krnl_matrixmul.cpp:40).
WARNING: [HLS 200-880] The II Violation in module 'matmul_Pipeline_readA' (loop 'readA'): Unable to enforce a carried dependence constraint (II = 11, distance = 1, offset = 1) between bus read operation ('gmem0_addr_read_15', /home/mdu/Desktop/work_repo/work_prj/matmul_kernels/src/krnl_matrixmul.cpp:40) on port 'gmem0' (/home/mdu/Desktop/work_repo/work_prj/matmul_kernels/src/krnl_matrixmul.cpp:40) and bus read operation ('gmem0_addr_read', /home/mdu/Desktop/work_repo/work_prj/matmul_kernels/src/krnl_matrixmul.cpp:40) on port 'gmem0' (/home/mdu/Desktop/work_repo/work_prj/matmul_kernels/src/krnl_matrixmul.cpp:40).
WARNING: [HLS 200-880] The II Violation in module 'matmul_Pipeline_readA' (loop 'readA'): Unable to enforce a carried dependence constraint (II = 15, distance = 1, offset = 1) between bus read operation ('gmem0_addr_read_15', /home/mdu/Desktop/work_repo/work_prj/matmul_kernels/src/krnl_matrixmul.cpp:40) on port 'gmem0' (/home/mdu/Desktop/work_repo/work_prj/matmul_kernels/src/krnl_matrixmul.cpp:40) and bus read operation ('gmem0_addr_read', /home/mdu/Desktop/work_repo/work_prj/matmul_kernels/src/krnl_matrixmul.cpp:40) on port 'gmem0' (/home/mdu/Desktop/work_repo/work_prj/matmul_kernels/src/krnl_matrixmul.cpp:40).
INFO: [HLS 200-1470] Pipelining result : Target II = NA, Final II = 16, Depth = 18, loop 'readA'
INFO: [SCHED 204-11] Finished scheduling.
INFO: [HLS 200-111] Finished Scheduling: CPU user time: 0.17 seconds. CPU system time: 0.02 seconds. Elapsed time: 0.26 seconds; current allocated memory: 292.797 MB.
INFO: [BIND 205-100] Starting micro-architecture generation ...
INFO: [BIND 205-101] Performing variable lifetime analysis.
INFO: [BIND 205-101] Exploring resource sharing.
INFO: [BIND 205-101] Binding ...
INFO: [BIND 205-100] Finished micro-architecture generation.
INFO: [HLS 200-111] Finished Binding: CPU user time: 0.16 seconds. CPU system time: 0 seconds. Elapsed time: 0.19 seconds; current allocated memory: 292.797 MB.
INFO: [HLS 200-10] ----------------------------------------------------------------
INFO: [HLS 200-42] -- Implementing module 'matmul_Pipeline_readB' 
INFO: [HLS 200-10] ----------------------------------------------------------------
INFO: [SCHED 204-11] Starting scheduling ...
INFO: [HLS 200-1457] Automatically inferring inferring RAM_1WNR storage type for array 'B_V'. Use bind_storage pragma to override this type.
INFO: [SCHED 204-61] Pipelining loop 'readB'.
WARNING: [HLS 200-880] The II Violation in module 'matmul_Pipeline_readB' (loop 'readB'): Unable to enforce a carried dependence constraint (II = 1, distance = 1, offset = 1) between bus read operation ('gmem1_addr_read_15', /home/mdu/Desktop/work_repo/work_prj/matmul_kernels/src/krnl_matrixmul.cpp:51) on port 'gmem1' (/home/mdu/Desktop/work_repo/work_prj/matmul_kernels/src/krnl_matrixmul.cpp:51) and bus read operation ('gmem1_addr_read', /home/mdu/Desktop/work_repo/work_prj/matmul_kernels/src/krnl_matrixmul.cpp:51) on port 'gmem1' (/home/mdu/Desktop/work_repo/work_prj/matmul_kernels/src/krnl_matrixmul.cpp:51).
WARNING: [HLS 200-880] The II Violation in module 'matmul_Pipeline_readB' (loop 'readB'): Unable to enforce a carried dependence constraint (II = 2, distance = 1, offset = 1) between bus read operation ('gmem1_addr_read_15', /home/mdu/Desktop/work_repo/work_prj/matmul_kernels/src/krnl_matrixmul.cpp:51) on port 'gmem1' (/home/mdu/Desktop/work_repo/work_prj/matmul_kernels/src/krnl_matrixmul.cpp:51) and bus read operation ('gmem1_addr_read', /home/mdu/Desktop/work_repo/work_prj/matmul_kernels/src/krnl_matrixmul.cpp:51) on port 'gmem1' (/home/mdu/Desktop/work_repo/work_prj/matmul_kernels/src/krnl_matrixmul.cpp:51).
WARNING: [HLS 200-880] The II Violation in module 'matmul_Pipeline_readB' (loop 'readB'): Unable to enforce a carried dependence constraint (II = 3, distance = 1, offset = 1) between bus read operation ('gmem1_addr_read_15', /home/mdu/Desktop/work_repo/work_prj/matmul_kernels/src/krnl_matrixmul.cpp:51) on port 'gmem1' (/home/mdu/Desktop/work_repo/work_prj/matmul_kernels/src/krnl_matrixmul.cpp:51) and bus read operation ('gmem1_addr_read', /home/mdu/Desktop/work_repo/work_prj/matmul_kernels/src/krnl_matrixmul.cpp:51) on port 'gmem1' (/home/mdu/Desktop/work_repo/work_prj/matmul_kernels/src/krnl_matrixmul.cpp:51).
WARNING: [HLS 200-880] The II Violation in module 'matmul_Pipeline_readB' (loop 'readB'): Unable to enforce a carried dependence constraint (II = 4, distance = 1, offset = 1) between bus read operation ('gmem1_addr_read_15', /home/mdu/Desktop/work_repo/work_prj/matmul_kernels/src/krnl_matrixmul.cpp:51) on port 'gmem1' (/home/mdu/Desktop/work_repo/work_prj/matmul_kernels/src/krnl_matrixmul.cpp:51) and bus read operation ('gmem1_addr_read', /home/mdu/Desktop/work_repo/work_prj/matmul_kernels/src/krnl_matrixmul.cpp:51) on port 'gmem1' (/home/mdu/Desktop/work_repo/work_prj/matmul_kernels/src/krnl_matrixmul.cpp:51).
WARNING: [HLS 200-880] The II Violation in module 'matmul_Pipeline_readB' (loop 'readB'): Unable to enforce a carried dependence constraint (II = 11, distance = 1, offset = 1) between bus read operation ('gmem1_addr_read_15', /home/mdu/Desktop/work_repo/work_prj/matmul_kernels/src/krnl_matrixmul.cpp:51) on port 'gmem1' (/home/mdu/Desktop/work_repo/work_prj/matmul_kernels/src/krnl_matrixmul.cpp:51) and bus read operation ('gmem1_addr_read', /home/mdu/Desktop/work_repo/work_prj/matmul_kernels/src/krnl_matrixmul.cpp:51) on port 'gmem1' (/home/mdu/Desktop/work_repo/work_prj/matmul_kernels/src/krnl_matrixmul.cpp:51).
WARNING: [HLS 200-880] The II Violation in module 'matmul_Pipeline_readB' (loop 'readB'): Unable to enforce a carried dependence constraint (II = 15, distance = 1, offset = 1) between bus read operation ('gmem1_addr_read_15', /home/mdu/Desktop/work_repo/work_prj/matmul_kernels/src/krnl_matrixmul.cpp:51) on port 'gmem1' (/home/mdu/Desktop/work_repo/work_prj/matmul_kernels/src/krnl_matrixmul.cpp:51) and bus read operation ('gmem1_addr_read', /home/mdu/Desktop/work_repo/work_prj/matmul_kernels/src/krnl_matrixmul.cpp:51) on port 'gmem1' (/home/mdu/Desktop/work_repo/work_prj/matmul_kernels/src/krnl_matrixmul.cpp:51).
INFO: [HLS 200-1470] Pipelining result : Target II = NA, Final II = 16, Depth = 18, loop 'readB'
INFO: [SCHED 204-11] Finished scheduling.
INFO: [HLS 200-111] Finished Scheduling: CPU user time: 0.26 seconds. CPU system time: 0.01 seconds. Elapsed time: 0.32 seconds; current allocated memory: 293.406 MB.
INFO: [BIND 205-100] Starting micro-architecture generation ...
INFO: [BIND 205-101] Performing variable lifetime analysis.
INFO: [BIND 205-101] Exploring resource sharing.
INFO: [BIND 205-101] Binding ...
INFO: [BIND 205-100] Finished micro-architecture generation.
INFO: [HLS 200-111] Finished Binding: CPU user time: 0.16 seconds. CPU system time: 0.01 seconds. Elapsed time: 0.2 seconds; current allocated memory: 293.406 MB.
INFO: [HLS 200-10] ----------------------------------------------------------------
INFO: [HLS 200-42] -- Implementing module 'matmul_Pipeline_nopart1_nopart2' 
INFO: [HLS 200-10] ----------------------------------------------------------------
INFO: [SCHED 204-11] Starting scheduling ...
INFO: [HLS 200-486] Changing DSP latency (root=mul_ln885) to 3 in order to utilize available DSP registers.
INFO: [HLS 200-486] Changing DSP latency (root=mul_ln885_1) to 3 in order to utilize available DSP registers.
INFO: [HLS 200-486] Changing DSP latency (root=mul_ln885_2) to 3 in order to utilize available DSP registers.
INFO: [HLS 200-486] Changing DSP latency (root=mul_ln885_3) to 3 in order to utilize available DSP registers.
INFO: [HLS 200-486] Changing DSP latency (root=mul_ln885_4) to 3 in order to utilize available DSP registers.
INFO: [HLS 200-486] Changing DSP latency (root=mul_ln885_5) to 3 in order to utilize available DSP registers.
INFO: [HLS 200-486] Changing DSP latency (root=mul_ln885_6) to 3 in order to utilize available DSP registers.
INFO: [HLS 200-486] Changing DSP latency (root=mul_ln885_7) to 3 in order to utilize available DSP registers.
INFO: [HLS 200-486] Changing DSP latency (root=mul_ln885_8) to 3 in order to utilize available DSP registers.
INFO: [HLS 200-486] Changing DSP latency (root=mul_ln885_9) to 3 in order to utilize available DSP registers.
INFO: [HLS 200-486] Changing DSP latency (root=mul_ln885_10) to 3 in order to utilize available DSP registers.
INFO: [HLS 200-486] Changing DSP latency (root=mul_ln885_11) to 3 in order to utilize available DSP registers.
INFO: [HLS 200-486] Changing DSP latency (root=mul_ln885_12) to 3 in order to utilize available DSP registers.
INFO: [HLS 200-486] Changing DSP latency (root=mul_ln885_13) to 3 in order to utilize available DSP registers.
INFO: [HLS 200-486] Changing DSP latency (root=mul_ln885_14) to 3 in order to utilize available DSP registers.
INFO: [HLS 200-486] Changing DSP latency (root=mul_ln885_15) to 3 in order to utilize available DSP registers.
INFO: [HLS 200-486] Changing DSP latency (root=mul_ln885_16) to 3 in order to utilize available DSP registers.
INFO: [HLS 200-486] Changing DSP latency (root=mul_ln885_17) to 3 in order to utilize available DSP registers.
INFO: [HLS 200-486] Changing DSP latency (root=mul_ln885_18) to 3 in order to utilize available DSP registers.
INFO: [HLS 200-486] Changing DSP latency (root=mul_ln885_19) to 3 in order to utilize available DSP registers.
INFO: [HLS 200-486] Changing DSP latency (root=mul_ln885_20) to 3 in order to utilize available DSP registers.
INFO: [HLS 200-486] Changing DSP latency (root=mul_ln885_21) to 3 in order to utilize available DSP registers.
INFO: [HLS 200-486] Changing DSP latency (root=mul_ln885_22) to 3 in order to utilize available DSP registers.
INFO: [HLS 200-486] Changing DSP latency (root=mul_ln885_23) to 3 in order to utilize available DSP registers.
INFO: [HLS 200-486] Changing DSP latency (root=mul_ln885_24) to 3 in order to utilize available DSP registers.
INFO: [HLS 200-486] Changing DSP latency (root=mul_ln885_25) to 3 in order to utilize available DSP registers.
INFO: [HLS 200-486] Changing DSP latency (root=mul_ln885_26) to 3 in order to utilize available DSP registers.
INFO: [HLS 200-486] Changing DSP latency (root=mul_ln885_27) to 3 in order to utilize available DSP registers.
INFO: [HLS 200-486] Changing DSP latency (root=mul_ln885_28) to 3 in order to utilize available DSP registers.
INFO: [HLS 200-486] Changing DSP latency (root=mul_ln885_29) to 3 in order to utilize available DSP registers.
INFO: [HLS 200-486] Changing DSP latency (root=mul_ln885_30) to 3 in order to utilize available DSP registers.
INFO: [HLS 200-486] Changing DSP latency (root=mul_ln885_31) to 3 in order to utilize available DSP registers.
INFO: [HLS 200-1457] Automatically inferring inferring RAM_1WNR storage type for array 'B_V'. Use bind_storage pragma to override this type.
INFO: [SCHED 204-61] Pipelining loop 'nopart1_nopart2'.
WARNING: [HLS 200-885] The II Violation in module 'matmul_Pipeline_nopart1_nopart2' (loop 'nopart1_nopart2'): Unable to schedule 'load' operation ('B_V_load_16') on array 'B_V' due to limited memory ports (II = 1). Please consider using a memory core with more ports or partitioning the array 'B_V'.
WARNING: [HLS 200-885] The II Violation in module 'matmul_Pipeline_nopart1_nopart2' (loop 'nopart1_nopart2'): Unable to schedule 'store' operation ('C_V_addr_3_write_ln82', /home/mdu/Desktop/work_repo/work_prj/matmul_kernels/src/krnl_matrixmul.cpp:82) of variable 'temp_sum.V[3]' on array 'C_V' due to limited memory ports (II = 2). Please consider using a memory core with more ports or partitioning the array 'C_V'.
WARNING: [HLS 200-885] The II Violation in module 'matmul_Pipeline_nopart1_nopart2' (loop 'nopart1_nopart2'): Unable to schedule 'store' operation ('C_V_addr_5_write_ln82', /home/mdu/Desktop/work_repo/work_prj/matmul_kernels/src/krnl_matrixmul.cpp:82) of variable 'temp_sum.V[5]' on array 'C_V' due to limited memory ports (II = 3). Please consider using a memory core with more ports or partitioning the array 'C_V'.
WARNING: [HLS 200-885] The II Violation in module 'matmul_Pipeline_nopart1_nopart2' (loop 'nopart1_nopart2'): Unable to schedule 'store' operation ('C_V_addr_7_write_ln82', /home/mdu/Desktop/work_repo/work_prj/matmul_kernels/src/krnl_matrixmul.cpp:82) of variable 'temp_sum.V[7]' on array 'C_V' due to limited memory ports (II = 4). Please consider using a memory core with more ports or partitioning the array 'C_V'.
WARNING: [HLS 200-885] The II Violation in module 'matmul_Pipeline_nopart1_nopart2' (loop 'nopart1_nopart2'): Unable to schedule 'store' operation ('C_V_addr_21_write_ln82', /home/mdu/Desktop/work_repo/work_prj/matmul_kernels/src/krnl_matrixmul.cpp:82) of variable 'temp_sum.V[21]' on array 'C_V' due to limited memory ports (II = 11). Please consider using a memory core with more ports or partitioning the array 'C_V'.
WARNING: [HLS 200-885] The II Violation in module 'matmul_Pipeline_nopart1_nopart2' (loop 'nopart1_nopart2'): Unable to schedule 'store' operation ('C_V_addr_29_write_ln82', /home/mdu/Desktop/work_repo/work_prj/matmul_kernels/src/krnl_matrixmul.cpp:82) of variable 'temp_sum.V[29]' on array 'C_V' due to limited memory ports (II = 15). Please consider using a memory core with more ports or partitioning the array 'C_V'.
INFO: [HLS 200-1470] Pipelining result : Target II = NA, Final II = 16, Depth = 20, loop 'nopart1_nopart2'
INFO: [SCHED 204-11] Finished scheduling.
INFO: [HLS 200-111] Finished Scheduling: CPU user time: 1.84 seconds. CPU system time: 0.08 seconds. Elapsed time: 2.39 seconds; current allocated memory: 299.117 MB.
INFO: [BIND 205-100] Starting micro-architecture generation ...
INFO: [BIND 205-101] Performing variable lifetime analysis.
INFO: [BIND 205-101] Exploring resource sharing.
INFO: [BIND 205-101] Binding ...
INFO: [BIND 205-100] Finished micro-architecture generation.
INFO: [HLS 200-111] Finished Binding: CPU user time: 0.57 seconds. CPU system time: 0.06 seconds. Elapsed time: 0.69 seconds; current allocated memory: 299.117 MB.
INFO: [HLS 200-10] ----------------------------------------------------------------
INFO: [HLS 200-42] -- Implementing module 'matmul_Pipeline_writeC' 
INFO: [HLS 200-10] ----------------------------------------------------------------
INFO: [SCHED 204-11] Starting scheduling ...
INFO: [SCHED 204-61] Pipelining loop 'writeC'.
WARNING: [HLS 200-880] The II Violation in module 'matmul_Pipeline_writeC' (loop 'writeC'): Unable to enforce a carried dependence constraint (II = 1, distance = 1, offset = 1) between bus write operation ('gmem0_addr_write_ln96', /home/mdu/Desktop/work_repo/work_prj/matmul_kernels/src/krnl_matrixmul.cpp:96) on port 'gmem0' (/home/mdu/Desktop/work_repo/work_prj/matmul_kernels/src/krnl_matrixmul.cpp:96) and bus write operation ('gmem0_addr_write_ln96', /home/mdu/Desktop/work_repo/work_prj/matmul_kernels/src/krnl_matrixmul.cpp:96) on port 'gmem0' (/home/mdu/Desktop/work_repo/work_prj/matmul_kernels/src/krnl_matrixmul.cpp:96).
WARNING: [HLS 200-880] The II Violation in module 'matmul_Pipeline_writeC' (loop 'writeC'): Unable to enforce a carried dependence constraint (II = 2, distance = 1, offset = 1) between bus write operation ('gmem0_addr_write_ln96', /home/mdu/Desktop/work_repo/work_prj/matmul_kernels/src/krnl_matrixmul.cpp:96) on port 'gmem0' (/home/mdu/Desktop/work_repo/work_prj/matmul_kernels/src/krnl_matrixmul.cpp:96) and bus write operation ('gmem0_addr_write_ln96', /home/mdu/Desktop/work_repo/work_prj/matmul_kernels/src/krnl_matrixmul.cpp:96) on port 'gmem0' (/home/mdu/Desktop/work_repo/work_prj/matmul_kernels/src/krnl_matrixmul.cpp:96).
WARNING: [HLS 200-880] The II Violation in module 'matmul_Pipeline_writeC' (loop 'writeC'): Unable to enforce a carried dependence constraint (II = 3, distance = 1, offset = 1) between bus write operation ('gmem0_addr_write_ln96', /home/mdu/Desktop/work_repo/work_prj/matmul_kernels/src/krnl_matrixmul.cpp:96) on port 'gmem0' (/home/mdu/Desktop/work_repo/work_prj/matmul_kernels/src/krnl_matrixmul.cpp:96) and bus write operation ('gmem0_addr_write_ln96', /home/mdu/Desktop/work_repo/work_prj/matmul_kernels/src/krnl_matrixmul.cpp:96) on port 'gmem0' (/home/mdu/Desktop/work_repo/work_prj/matmul_kernels/src/krnl_matrixmul.cpp:96).
WARNING: [HLS 200-880] The II Violation in module 'matmul_Pipeline_writeC' (loop 'writeC'): Unable to enforce a carried dependence constraint (II = 4, distance = 1, offset = 1) between bus write operation ('gmem0_addr_write_ln96', /home/mdu/Desktop/work_repo/work_prj/matmul_kernels/src/krnl_matrixmul.cpp:96) on port 'gmem0' (/home/mdu/Desktop/work_repo/work_prj/matmul_kernels/src/krnl_matrixmul.cpp:96) and bus write operation ('gmem0_addr_write_ln96', /home/mdu/Desktop/work_repo/work_prj/matmul_kernels/src/krnl_matrixmul.cpp:96) on port 'gmem0' (/home/mdu/Desktop/work_repo/work_prj/matmul_kernels/src/krnl_matrixmul.cpp:96).
WARNING: [HLS 200-880] The II Violation in module 'matmul_Pipeline_writeC' (loop 'writeC'): Unable to enforce a carried dependence constraint (II = 11, distance = 1, offset = 1) between bus write operation ('gmem0_addr_write_ln96', /home/mdu/Desktop/work_repo/work_prj/matmul_kernels/src/krnl_matrixmul.cpp:96) on port 'gmem0' (/home/mdu/Desktop/work_repo/work_prj/matmul_kernels/src/krnl_matrixmul.cpp:96) and bus write operation ('gmem0_addr_write_ln96', /home/mdu/Desktop/work_repo/work_prj/matmul_kernels/src/krnl_matrixmul.cpp:96) on port 'gmem0' (/home/mdu/Desktop/work_repo/work_prj/matmul_kernels/src/krnl_matrixmul.cpp:96).
WARNING: [HLS 200-880] The II Violation in module 'matmul_Pipeline_writeC' (loop 'writeC'): Unable to enforce a carried dependence constraint (II = 15, distance = 1, offset = 1) between bus write operation ('gmem0_addr_write_ln96', /home/mdu/Desktop/work_repo/work_prj/matmul_kernels/src/krnl_matrixmul.cpp:96) on port 'gmem0' (/home/mdu/Desktop/work_repo/work_prj/matmul_kernels/src/krnl_matrixmul.cpp:96) and bus write operation ('gmem0_addr_write_ln96', /home/mdu/Desktop/work_repo/work_prj/matmul_kernels/src/krnl_matrixmul.cpp:96) on port 'gmem0' (/home/mdu/Desktop/work_repo/work_prj/matmul_kernels/src/krnl_matrixmul.cpp:96).
INFO: [HLS 200-1470] Pipelining result : Target II = NA, Final II = 16, Depth = 18, loop 'writeC'
INFO: [SCHED 204-11] Finished scheduling.
INFO: [HLS 200-111] Finished Scheduling: CPU user time: 0.64 seconds. CPU system time: 0.05 seconds. Elapsed time: 0.89 seconds; current allocated memory: 299.117 MB.
INFO: [BIND 205-100] Starting micro-architecture generation ...
INFO: [BIND 205-101] Performing variable lifetime analysis.
INFO: [BIND 205-101] Exploring resource sharing.
INFO: [BIND 205-101] Binding ...
INFO: [BIND 205-100] Finished micro-architecture generation.
INFO: [HLS 200-111] Finished Binding: CPU user time: 0.21 seconds. CPU system time: 0.01 seconds. Elapsed time: 0.43 seconds; current allocated memory: 299.117 MB.
INFO: [HLS 200-10] ----------------------------------------------------------------
INFO: [HLS 200-42] -- Implementing module 'matmul' 
INFO: [HLS 200-10] ----------------------------------------------------------------
INFO: [SCHED 204-11] Starting scheduling ...
INFO: [SCHED 204-11] Finished scheduling.
INFO: [HLS 200-111] Finished Scheduling: CPU user time: 0.44 seconds. CPU system time: 0.01 seconds. Elapsed time: 0.48 seconds; current allocated memory: 299.117 MB.
INFO: [BIND 205-100] Starting micro-architecture generation ...
INFO: [BIND 205-101] Performing variable lifetime analysis.
INFO: [BIND 205-101] Exploring resource sharing.
INFO: [BIND 205-101] Binding ...
INFO: [BIND 205-100] Finished micro-architecture generation.
INFO: [HLS 200-111] Finished Binding: CPU user time: 1.22 seconds. CPU system time: 0.02 seconds. Elapsed time: 1.64 seconds; current allocated memory: 299.117 MB.
INFO: [HLS 200-10] ----------------------------------------------------------------
INFO: [HLS 200-10] -- Generating RTL for module 'matmul_Pipeline_readA' 
INFO: [HLS 200-10] ----------------------------------------------------------------
INFO: [HLS 200-1030] Apply Unified Pipeline Control on module 'matmul_Pipeline_readA' pipeline 'readA' pipeline type 'loop pipeline'
WARNING: [RTGEN 206-101] Setting dangling out port 'matmul_Pipeline_readA/m_axi_gmem0_ARVALID' to 0.
WARNING: [RTGEN 206-101] Setting dangling out port 'matmul_Pipeline_readA/m_axi_gmem0_ARADDR' to 0.
WARNING: [RTGEN 206-101] Setting dangling out port 'matmul_Pipeline_readA/m_axi_gmem0_ARID' to 0.
WARNING: [RTGEN 206-101] Setting dangling out port 'matmul_Pipeline_readA/m_axi_gmem0_ARLEN' to 0.
WARNING: [RTGEN 206-101] Setting dangling out port 'matmul_Pipeline_readA/m_axi_gmem0_ARSIZE' to 0.
WARNING: [RTGEN 206-101] Setting dangling out port 'matmul_Pipeline_readA/m_axi_gmem0_ARBURST' to 0.
WARNING: [RTGEN 206-101] Setting dangling out port 'matmul_Pipeline_readA/m_axi_gmem0_ARLOCK' to 0.
WARNING: [RTGEN 206-101] Setting dangling out port 'matmul_Pipeline_readA/m_axi_gmem0_ARCACHE' to 0.
WARNING: [RTGEN 206-101] Setting dangling out port 'matmul_Pipeline_readA/m_axi_gmem0_ARPROT' to 0.
WARNING: [RTGEN 206-101] Setting dangling out port 'matmul_Pipeline_readA/m_axi_gmem0_ARQOS' to 0.
WARNING: [RTGEN 206-101] Setting dangling out port 'matmul_Pipeline_readA/m_axi_gmem0_ARREGION' to 0.
WARNING: [RTGEN 206-101] Setting dangling out port 'matmul_Pipeline_readA/m_axi_gmem0_ARUSER' to 0.
INFO: [RTGEN 206-100] Finished creating RTL model for 'matmul_Pipeline_readA'.
INFO: [HLS 200-111] Finished Creating RTL model: CPU user time: 0.54 seconds. CPU system time: 0.02 seconds. Elapsed time: 0.79 seconds; current allocated memory: 299.766 MB.
INFO: [HLS 200-10] ----------------------------------------------------------------
INFO: [HLS 200-10] -- Generating RTL for module 'matmul_Pipeline_readB' 
INFO: [HLS 200-10] ----------------------------------------------------------------
INFO: [HLS 200-1030] Apply Unified Pipeline Control on module 'matmul_Pipeline_readB' pipeline 'readB' pipeline type 'loop pipeline'
WARNING: [RTGEN 206-101] Setting dangling out port 'matmul_Pipeline_readB/m_axi_gmem1_ARVALID' to 0.
WARNING: [RTGEN 206-101] Setting dangling out port 'matmul_Pipeline_readB/m_axi_gmem1_ARADDR' to 0.
WARNING: [RTGEN 206-101] Setting dangling out port 'matmul_Pipeline_readB/m_axi_gmem1_ARID' to 0.
WARNING: [RTGEN 206-101] Setting dangling out port 'matmul_Pipeline_readB/m_axi_gmem1_ARLEN' to 0.
WARNING: [RTGEN 206-101] Setting dangling out port 'matmul_Pipeline_readB/m_axi_gmem1_ARSIZE' to 0.
WARNING: [RTGEN 206-101] Setting dangling out port 'matmul_Pipeline_readB/m_axi_gmem1_ARBURST' to 0.
WARNING: [RTGEN 206-101] Setting dangling out port 'matmul_Pipeline_readB/m_axi_gmem1_ARLOCK' to 0.
WARNING: [RTGEN 206-101] Setting dangling out port 'matmul_Pipeline_readB/m_axi_gmem1_ARCACHE' to 0.
WARNING: [RTGEN 206-101] Setting dangling out port 'matmul_Pipeline_readB/m_axi_gmem1_ARPROT' to 0.
WARNING: [RTGEN 206-101] Setting dangling out port 'matmul_Pipeline_readB/m_axi_gmem1_ARQOS' to 0.
WARNING: [RTGEN 206-101] Setting dangling out port 'matmul_Pipeline_readB/m_axi_gmem1_ARREGION' to 0.
WARNING: [RTGEN 206-101] Setting dangling out port 'matmul_Pipeline_readB/m_axi_gmem1_ARUSER' to 0.
INFO: [RTGEN 206-100] Finished creating RTL model for 'matmul_Pipeline_readB'.
INFO: [HLS 200-111] Finished Creating RTL model: CPU user time: 0.62 seconds. CPU system time: 0.02 seconds. Elapsed time: 1.2 seconds; current allocated memory: 302.238 MB.
INFO: [HLS 200-10] ----------------------------------------------------------------
INFO: [HLS 200-10] -- Generating RTL for module 'matmul_Pipeline_nopart1_nopart2' 
INFO: [HLS 200-10] ----------------------------------------------------------------
INFO: [HLS 200-1030] Apply Unified Pipeline Control on module 'matmul_Pipeline_nopart1_nopart2' pipeline 'nopart1_nopart2' pipeline type 'loop pipeline'
