

================================================================
== Vitis HLS Report for 'matmul_Pipeline_writeC'
================================================================
* Date:           Thu Jun 30 16:25:15 2022

* Version:        2021.2 (Build 3367213 on Tue Oct 19 02:47:39 MDT 2021)
* Project:        matmul
* Solution:       solution (Vitis Kernel Flow Target)
* Product family: zynq
* Target device:  xc7z045-ffg900-2


================================================================
== Performance Estimates
================================================================
+ Timing: 
    * Summary: 
    +--------+----------+----------+------------+
    |  Clock |  Target  | Estimated| Uncertainty|
    +--------+----------+----------+------------+
    |ap_clk  |  10.00 ns|  7.300 ns|     2.70 ns|
    +--------+----------+----------+------------+

+ Latency: 
    * Summary: 
    +---------+---------+-----------+-----------+------+------+---------+
    |  Latency (cycles) |   Latency (absolute)  |   Interval  | Pipeline|
    |   min   |   max   |    min    |    max    |  min |  max |   Type  |
    +---------+---------+-----------+-----------+------+------+---------+
    |     2051|     2051|  20.510 us|  20.510 us|  2051|  2051|       no|
    +---------+---------+-----------+-----------+------+------+---------+

    + Detail: 
        * Instance: 
        N/A

        * Loop: 
        +----------+---------+---------+----------+-----------+-----------+------+----------+
        |          |  Latency (cycles) | Iteration|  Initiation Interval  | Trip |          |
        | Loop Name|   min   |   max   |  Latency |  achieved |   target  | Count| Pipelined|
        +----------+---------+---------+----------+-----------+-----------+------+----------+
        |- writeC  |     2049|     2049|         3|          2|          1|  1024|       yes|
        +----------+---------+---------+----------+-----------+-----------+------+----------+



================================================================
== Utilization Estimates
================================================================
* Summary: 
+-----------------+---------+-----+--------+--------+-----+
|       Name      | BRAM_18K| DSP |   FF   |   LUT  | URAM|
+-----------------+---------+-----+--------+--------+-----+
|DSP              |        -|    -|       -|       -|    -|
|Expression       |        -|    -|       0|     681|    -|
|FIFO             |        -|    -|       -|       -|    -|
|Instance         |        -|    -|       -|       -|    -|
|Memory           |        -|    -|       -|       -|    -|
|Multiplexer      |        -|    -|       -|     107|    -|
|Register         |        -|    -|     835|       -|    -|
+-----------------+---------+-----+--------+--------+-----+
|Total            |        0|    0|     835|     788|    0|
+-----------------+---------+-----+--------+--------+-----+
|Available        |     1090|  900|  437200|  218600|    0|
+-----------------+---------+-----+--------+--------+-----+
|Utilization (%)  |        0|    0|      ~0|      ~0|    0|
+-----------------+---------+-----+--------+--------+-----+

+ Detail: 
    * Instance: 
    N/A

    * DSP: 
    N/A

    * Memory: 
    N/A

    * FIFO: 
    N/A

    * Expression: 
    +--------------------------------+----------+----+---+-----+------------+------------+
    |          Variable Name         | Operation| DSP| FF| LUT | Bitwidth P0| Bitwidth P1|
    +--------------------------------+----------+----+---+-----+------------+------------+
    |add_ln90_fu_159_p2              |         +|   0|  0|   11|          11|           1|
    |add_ln94_fu_181_p2              |         +|   0|  0|   32|          32|           1|
    |add_ln96_fu_219_p2              |         +|   0|  0|   10|          10|          10|
    |j_2_fu_236_p2                   |         +|   0|  0|   32|          32|           1|
    |ap_block_pp0_stage0_11001       |       and|   0|  0|    1|           1|           1|
    |ap_block_pp0_stage1_11001       |       and|   0|  0|    1|           1|           1|
    |ap_block_state3_io              |       and|   0|  0|    1|           1|           1|
    |ap_block_state4_io              |       and|   0|  0|    1|           1|           1|
    |ap_condition_377                |       and|   0|  0|    1|           1|           1|
    |ap_condition_381                |       and|   0|  0|    1|           1|           1|
    |ap_ext_blocking_cur_n           |       and|   0|  0|    2|           1|           0|
    |ap_ext_blocking_n               |       and|   0|  0|    2|           1|           2|
    |ap_int_blocking_n               |       and|   0|  0|    2|           2|           2|
    |ap_predicate_op50_write_state3  |       and|   0|  0|    1|           1|           1|
    |ap_str_blocking_n               |       and|   0|  0|    2|           2|           2|
    |icmp_ln90_fu_153_p2             |      icmp|   0|  0|    5|          11|          12|
    |icmp_ln92_fu_175_p2             |      icmp|   0|  0|   12|          32|           6|
    |icmp_ln96_fu_230_p2             |      icmp|   0|  0|    2|           5|           2|
    |i_1_fu_187_p3                   |    select|   0|  0|   32|           1|          32|
    |j_1_fu_207_p3                   |    select|   0|  0|   32|           1|           1|
    |select_ln96_fu_296_p3           |    select|   0|  0|  496|           1|           1|
    |ap_enable_pp0                   |       xor|   0|  0|    2|           1|           2|
    +--------------------------------+----------+----+---+-----+------------+------------+
    |Total                           |          |   0|  0|  681|         150|          82|
    +--------------------------------+----------+----+---+-----+------------+------------+

    * Multiplexer: 
    +----------------------------------+----+-----------+-----+-----------+
    |               Name               | LUT| Input Size| Bits| Total Bits|
    +----------------------------------+----+-----------+-----+-----------+
    |ap_NS_fsm                         |  13|          3|    1|          3|
    |ap_done_int                       |   9|          2|    1|          2|
    |ap_enable_reg_pp0_iter0           |   9|          2|    1|          2|
    |ap_enable_reg_pp0_iter1           |   9|          2|    1|          2|
    |ap_loop_exit_ready_pp0_iter1_reg  |   9|          2|    1|          2|
    |gmem0_blk_n_W                     |   9|          2|    1|          2|
    |i_fu_76                           |   9|          2|   32|         64|
    |itr_fu_84                         |   9|          2|   11|         22|
    |j_fu_80                           |   9|          2|   32|         64|
    |m_axi_gmem0_WDATA                 |  13|          3|  256|        768|
    |phi_ln96_fu_72                    |   9|          2|  496|        992|
    +----------------------------------+----+-----------+-----+-----------+
    |Total                             | 107|         24|  833|       1923|
    +----------------------------------+----+-----------+-----+-----------+

    * Register: 
    +----------------------------------+-----+----+-----+-----------+
    |               Name               |  FF | LUT| Bits| Const Bits|
    +----------------------------------+-----+----+-----+-----------+
    |C_V_load_reg_367                  |   16|   0|   16|          0|
    |ap_CS_fsm                         |    2|   0|    2|          0|
    |ap_done_reg                       |    1|   0|    1|          0|
    |ap_enable_reg_pp0_iter0_reg       |    1|   0|    1|          0|
    |ap_enable_reg_pp0_iter1           |    1|   0|    1|          0|
    |ap_loop_exit_ready_pp0_iter1_reg  |    1|   0|    1|          0|
    |i_fu_76                           |   32|   0|   32|          0|
    |icmp_ln90_reg_348                 |    1|   0|    1|          0|
    |icmp_ln96_reg_357                 |    1|   0|    1|          0|
    |itr_fu_84                         |   11|   0|   11|          0|
    |j_fu_80                           |   32|   0|   32|          0|
    |phi_ln96_fu_72                    |  496|   0|  496|          0|
    |tmp_s_reg_372                     |  240|   0|  240|          0|
    +----------------------------------+-----+----+-----+-----------+
    |Total                             |  835|   0|  835|          0|
    +----------------------------------+-----+----+-----+-----------+



================================================================
== Interface
================================================================
* Summary: 
+----------------------+-----+-----+------------+------------------------+--------------+
|       RTL Ports      | Dir | Bits|  Protocol  |      Source Object     |    C Type    |
+----------------------+-----+-----+------------+------------------------+--------------+
|ap_clk                |   in|    1|  ap_ctrl_hs|  matmul_Pipeline_writeC|  return value|
|ap_rst                |   in|    1|  ap_ctrl_hs|  matmul_Pipeline_writeC|  return value|
|ap_start              |   in|    1|  ap_ctrl_hs|  matmul_Pipeline_writeC|  return value|
|ap_done               |  out|    1|  ap_ctrl_hs|  matmul_Pipeline_writeC|  return value|
|ap_idle               |  out|    1|  ap_ctrl_hs|  matmul_Pipeline_writeC|  return value|
|ap_ready              |  out|    1|  ap_ctrl_hs|  matmul_Pipeline_writeC|  return value|
|ap_ext_blocking_n     |  out|    1|  ap_ctrl_hs|  matmul_Pipeline_writeC|  return value|
|ap_str_blocking_n     |  out|    1|  ap_ctrl_hs|  matmul_Pipeline_writeC|  return value|
|ap_int_blocking_n     |  out|    1|  ap_ctrl_hs|  matmul_Pipeline_writeC|  return value|
|m_axi_gmem0_AWVALID   |  out|    1|       m_axi|                   gmem0|       pointer|
|m_axi_gmem0_AWREADY   |   in|    1|       m_axi|                   gmem0|       pointer|
|m_axi_gmem0_AWADDR    |  out|   32|       m_axi|                   gmem0|       pointer|
|m_axi_gmem0_AWID      |  out|    1|       m_axi|                   gmem0|       pointer|
|m_axi_gmem0_AWLEN     |  out|   32|       m_axi|                   gmem0|       pointer|
|m_axi_gmem0_AWSIZE    |  out|    3|       m_axi|                   gmem0|       pointer|
|m_axi_gmem0_AWBURST   |  out|    2|       m_axi|                   gmem0|       pointer|
|m_axi_gmem0_AWLOCK    |  out|    2|       m_axi|                   gmem0|       pointer|
|m_axi_gmem0_AWCACHE   |  out|    4|       m_axi|                   gmem0|       pointer|
|m_axi_gmem0_AWPROT    |  out|    3|       m_axi|                   gmem0|       pointer|
|m_axi_gmem0_AWQOS     |  out|    4|       m_axi|                   gmem0|       pointer|
|m_axi_gmem0_AWREGION  |  out|    4|       m_axi|                   gmem0|       pointer|
|m_axi_gmem0_AWUSER    |  out|    1|       m_axi|                   gmem0|       pointer|
|m_axi_gmem0_WVALID    |  out|    1|       m_axi|                   gmem0|       pointer|
|m_axi_gmem0_WREADY    |   in|    1|       m_axi|                   gmem0|       pointer|
|m_axi_gmem0_WDATA     |  out|  256|       m_axi|                   gmem0|       pointer|
|m_axi_gmem0_WSTRB     |  out|   32|       m_axi|                   gmem0|       pointer|
|m_axi_gmem0_WLAST     |  out|    1|       m_axi|                   gmem0|       pointer|
|m_axi_gmem0_WID       |  out|    1|       m_axi|                   gmem0|       pointer|
|m_axi_gmem0_WUSER     |  out|    1|       m_axi|                   gmem0|       pointer|
|m_axi_gmem0_ARVALID   |  out|    1|       m_axi|                   gmem0|       pointer|
|m_axi_gmem0_ARREADY   |   in|    1|       m_axi|                   gmem0|       pointer|
|m_axi_gmem0_ARADDR    |  out|   32|       m_axi|                   gmem0|       pointer|
|m_axi_gmem0_ARID      |  out|    1|       m_axi|                   gmem0|       pointer|
|m_axi_gmem0_ARLEN     |  out|   32|       m_axi|                   gmem0|       pointer|
|m_axi_gmem0_ARSIZE    |  out|    3|       m_axi|                   gmem0|       pointer|
|m_axi_gmem0_ARBURST   |  out|    2|       m_axi|                   gmem0|       pointer|
|m_axi_gmem0_ARLOCK    |  out|    2|       m_axi|                   gmem0|       pointer|
|m_axi_gmem0_ARCACHE   |  out|    4|       m_axi|                   gmem0|       pointer|
|m_axi_gmem0_ARPROT    |  out|    3|       m_axi|                   gmem0|       pointer|
|m_axi_gmem0_ARQOS     |  out|    4|       m_axi|                   gmem0|       pointer|
|m_axi_gmem0_ARREGION  |  out|    4|       m_axi|                   gmem0|       pointer|
|m_axi_gmem0_ARUSER    |  out|    1|       m_axi|                   gmem0|       pointer|
|m_axi_gmem0_RVALID    |   in|    1|       m_axi|                   gmem0|       pointer|
|m_axi_gmem0_RREADY    |  out|    1|       m_axi|                   gmem0|       pointer|
|m_axi_gmem0_RDATA     |   in|  256|       m_axi|                   gmem0|       pointer|
|m_axi_gmem0_RLAST     |   in|    1|       m_axi|                   gmem0|       pointer|
|m_axi_gmem0_RID       |   in|    1|       m_axi|                   gmem0|       pointer|
|m_axi_gmem0_RFIFONUM  |   in|    9|       m_axi|                   gmem0|       pointer|
|m_axi_gmem0_RUSER     |   in|    1|       m_axi|                   gmem0|       pointer|
|m_axi_gmem0_RRESP     |   in|    2|       m_axi|                   gmem0|       pointer|
|m_axi_gmem0_BVALID    |   in|    1|       m_axi|                   gmem0|       pointer|
|m_axi_gmem0_BREADY    |  out|    1|       m_axi|                   gmem0|       pointer|
|m_axi_gmem0_BRESP     |   in|    2|       m_axi|                   gmem0|       pointer|
|m_axi_gmem0_BID       |   in|    1|       m_axi|                   gmem0|       pointer|
|m_axi_gmem0_BUSER     |   in|    1|       m_axi|                   gmem0|       pointer|
|sext_ln90             |   in|   27|     ap_none|               sext_ln90|        scalar|
|C_V_address0          |  out|   10|   ap_memory|                     C_V|         array|
|C_V_ce0               |  out|    1|   ap_memory|                     C_V|         array|
|C_V_q0                |   in|   16|   ap_memory|                     C_V|         array|
+----------------------+-----+-----+------------+------------------------+--------------+

