INFO: [v++ 60-1306] Additional information associated with this v++ link can be found at:
	Reports: /home/mdu/Desktop/first_proj/xilinx_zc706_base/vitis/matmul_system_hw_link/Hardware/binary_container_1.build/reports/link
	Log files: /home/mdu/Desktop/first_proj/xilinx_zc706_base/vitis/matmul_system_hw_link/Hardware/binary_container_1.build/logs/link
INFO: [v++ 60-1548] Creating build summary session with primary output /home/mdu/Desktop/first_proj/xilinx_zc706_base/vitis/matmul_system_hw_link/Hardware/binary_container_1.xclbin.link_summary, at Thu Jun 16 12:52:45 2022
INFO: [v++ 60-1316] Initiating connection to rulecheck server, at Thu Jun 16 12:52:45 2022
INFO: [v++ 60-895]   Target platform: /home/mdu/Desktop/first_proj/xilinx_zc706_base/platform_repo/xilinx_zc706_base_202120_1/export/xilinx_zc706_base_202120_1/xilinx_zc706_base_202120_1.xpfm
INFO: [v++ 60-1578]   This platform contains Xilinx Shell Archive '/home/mdu/Desktop/first_proj/xilinx_zc706_base/platform_repo/xilinx_zc706_base_202120_1/export/xilinx_zc706_base_202120_1/hw/hw.xsa'
INFO: [v++ 60-629] Linking for hardware target
INFO: [v++ 60-423]   Target device: xilinx_zc706_base_202120_1
INFO: [v++ 60-1332] Run 'run_link' status: Not started
INFO: [v++ 60-1443] [12:52:45] Run run_link: Step system_link: Started
INFO: [v++ 60-1453] Command Line: system_link --xo /home/mdu/Desktop/first_proj/xilinx_zc706_base/vitis/matmul_kernels/Hardware/build/matmul.xo -keep --config /home/mdu/Desktop/first_proj/xilinx_zc706_base/vitis/matmul_system_hw_link/Hardware/binary_container_1.build/link/int/syslinkConfig.ini --xpfm /home/mdu/Desktop/first_proj/xilinx_zc706_base/platform_repo/xilinx_zc706_base_202120_1/export/xilinx_zc706_base_202120_1/xilinx_zc706_base_202120_1.xpfm --target hw --output_dir /home/mdu/Desktop/first_proj/xilinx_zc706_base/vitis/matmul_system_hw_link/Hardware/binary_container_1.build/link/int --temp_dir /home/mdu/Desktop/first_proj/xilinx_zc706_base/vitis/matmul_system_hw_link/Hardware/binary_container_1.build/link/sys_link
INFO: [v++ 60-1454] Run Directory: /home/mdu/Desktop/first_proj/xilinx_zc706_base/vitis/matmul_system_hw_link/Hardware/binary_container_1.build/link/run_link
INFO: [SYSTEM_LINK 60-1316] Initiating connection to rulecheck server, at Thu Jun 16 12:52:48 2022
INFO: [SYSTEM_LINK 82-70] Extracting xo v3 file /home/mdu/Desktop/first_proj/xilinx_zc706_base/vitis/matmul_kernels/Hardware/build/matmul.xo
INFO: [SYSTEM_LINK 82-53] Creating IP database /home/mdu/Desktop/first_proj/xilinx_zc706_base/vitis/matmul_system_hw_link/Hardware/binary_container_1.build/link/sys_link/_sysl/.cdb/xd_ip_db.xml
INFO: [SYSTEM_LINK 82-38] [12:52:48] build_xd_ip_db started: /tools/Xilinx/Vitis/2021.2/bin/build_xd_ip_db -ip_search 0  -sds-pf /home/mdu/Desktop/first_proj/xilinx_zc706_base/vitis/matmul_system_hw_link/Hardware/binary_container_1.build/link/sys_link/hw.hpfm -clkid 2 -ip /home/mdu/Desktop/first_proj/xilinx_zc706_base/vitis/matmul_system_hw_link/Hardware/binary_container_1.build/link/sys_link/iprepo/xilinx_com_hls_matmul_1_0,matmul -o /home/mdu/Desktop/first_proj/xilinx_zc706_base/vitis/matmul_system_hw_link/Hardware/binary_container_1.build/link/sys_link/_sysl/.cdb/xd_ip_db.xml
INFO: [SYSTEM_LINK 82-37] [12:52:57] build_xd_ip_db finished successfully
Time (s): cpu = 00:00:11 ; elapsed = 00:00:09 . Memory (MB): peak = 2116.117 ; gain = 511.449 ; free physical = 27945 ; free virtual = 32047
INFO: [SYSTEM_LINK 82-51] Create system connectivity graph
INFO: [SYSTEM_LINK 82-102] Applying explicit connections to the system connectivity graph: /home/mdu/Desktop/first_proj/xilinx_zc706_base/vitis/matmul_system_hw_link/Hardware/binary_container_1.build/link/sys_link/cfgraph/cfgen_cfgraph.xml
INFO: [SYSTEM_LINK 82-38] [12:52:57] cfgen started: /tools/Xilinx/Vitis/2021.2/bin/cfgen  -nk matmul:1:matmul_1 -dmclkid 2 -r /home/mdu/Desktop/first_proj/xilinx_zc706_base/vitis/matmul_system_hw_link/Hardware/binary_container_1.build/link/sys_link/_sysl/.cdb/xd_ip_db.xml -o /home/mdu/Desktop/first_proj/xilinx_zc706_base/vitis/matmul_system_hw_link/Hardware/binary_container_1.build/link/sys_link/cfgraph/cfgen_cfgraph.xml
INFO: [CFGEN 83-0] Kernel Specs: 
INFO: [CFGEN 83-0]   kernel: matmul, num: 1  {matmul_1}
INFO: [CFGEN 83-2226] Inferring mapping for argument matmul_1.in1 to HP0
INFO: [CFGEN 83-2226] Inferring mapping for argument matmul_1.out_r to HP0
INFO: [CFGEN 83-2226] Inferring mapping for argument matmul_1.in2 to HP0
INFO: [SYSTEM_LINK 82-37] [12:53:00] cfgen finished successfully
Time (s): cpu = 00:00:03 ; elapsed = 00:00:03 . Memory (MB): peak = 2116.117 ; gain = 0.000 ; free physical = 27941 ; free virtual = 32045
INFO: [SYSTEM_LINK 82-52] Create top-level block diagram
INFO: [SYSTEM_LINK 82-38] [12:53:00] cf2bd started: /tools/Xilinx/Vitis/2021.2/bin/cf2bd  --linux --trace_buffer 1024 --input_file /home/mdu/Desktop/first_proj/xilinx_zc706_base/vitis/matmul_system_hw_link/Hardware/binary_container_1.build/link/sys_link/cfgraph/cfgen_cfgraph.xml --ip_db /home/mdu/Desktop/first_proj/xilinx_zc706_base/vitis/matmul_system_hw_link/Hardware/binary_container_1.build/link/sys_link/_sysl/.cdb/xd_ip_db.xml --cf_name dr --working_dir /home/mdu/Desktop/first_proj/xilinx_zc706_base/vitis/matmul_system_hw_link/Hardware/binary_container_1.build/link/sys_link/_sysl/.xsd --temp_dir /home/mdu/Desktop/first_proj/xilinx_zc706_base/vitis/matmul_system_hw_link/Hardware/binary_container_1.build/link/sys_link --output_dir /home/mdu/Desktop/first_proj/xilinx_zc706_base/vitis/matmul_system_hw_link/Hardware/binary_container_1.build/link/int
INFO: [CF2BD 82-31] Launching cf2xd: cf2xd -linux -trace-buffer 1024 -i /home/mdu/Desktop/first_proj/xilinx_zc706_base/vitis/matmul_system_hw_link/Hardware/binary_container_1.build/link/sys_link/cfgraph/cfgen_cfgraph.xml -r /home/mdu/Desktop/first_proj/xilinx_zc706_base/vitis/matmul_system_hw_link/Hardware/binary_container_1.build/link/sys_link/_sysl/.cdb/xd_ip_db.xml -o dr.xml
INFO: [CF2BD 82-28] cf2xd finished successfully
INFO: [CF2BD 82-31] Launching cf_xsd: cf_xsd -disable-address-gen -dn dr -dp /home/mdu/Desktop/first_proj/xilinx_zc706_base/vitis/matmul_system_hw_link/Hardware/binary_container_1.build/link/sys_link/_sysl/.xsd
INFO: [CF2BD 82-28] cf_xsd finished successfully
INFO: [SYSTEM_LINK 82-37] [12:53:03] cf2bd finished successfully
Time (s): cpu = 00:00:03 ; elapsed = 00:00:03 . Memory (MB): peak = 2116.117 ; gain = 0.000 ; free physical = 27924 ; free virtual = 32033
INFO: [v++ 60-1441] [12:53:03] Run run_link: Step system_link: Completed
Time (s): cpu = 00:00:20 ; elapsed = 00:00:18 . Memory (MB): peak = 2071.656 ; gain = 0.000 ; free physical = 27962 ; free virtual = 32072
INFO: [v++ 60-1443] [12:53:03] Run run_link: Step cf2sw: Started
INFO: [v++ 60-1453] Command Line: cf2sw -sdsl /home/mdu/Desktop/first_proj/xilinx_zc706_base/vitis/matmul_system_hw_link/Hardware/binary_container_1.build/link/int/sdsl.dat -rtd /home/mdu/Desktop/first_proj/xilinx_zc706_base/vitis/matmul_system_hw_link/Hardware/binary_container_1.build/link/int/cf2sw.rtd -nofilter /home/mdu/Desktop/first_proj/xilinx_zc706_base/vitis/matmul_system_hw_link/Hardware/binary_container_1.build/link/int/cf2sw_full.rtd -xclbin /home/mdu/Desktop/first_proj/xilinx_zc706_base/vitis/matmul_system_hw_link/Hardware/binary_container_1.build/link/int/xclbin_orig.xml -o /home/mdu/Desktop/first_proj/xilinx_zc706_base/vitis/matmul_system_hw_link/Hardware/binary_container_1.build/link/int/xclbin_orig.1.xml
INFO: [v++ 60-1454] Run Directory: /home/mdu/Desktop/first_proj/xilinx_zc706_base/vitis/matmul_system_hw_link/Hardware/binary_container_1.build/link/run_link
INFO: [v++ 60-1441] [12:53:06] Run run_link: Step cf2sw: Completed
Time (s): cpu = 00:00:03 ; elapsed = 00:00:03 . Memory (MB): peak = 2071.656 ; gain = 0.000 ; free physical = 27958 ; free virtual = 32071
INFO: [v++ 60-1443] [12:53:06] Run run_link: Step rtd2_system_diagram: Started
INFO: [v++ 60-1453] Command Line: rtd2SystemDiagram
INFO: [v++ 60-1454] Run Directory: /home/mdu/Desktop/first_proj/xilinx_zc706_base/vitis/matmul_system_hw_link/Hardware/binary_container_1.build/link/run_link
INFO: [v++ 60-1441] [12:53:07] Run run_link: Step rtd2_system_diagram: Completed
Time (s): cpu = 00:00:00 ; elapsed = 00:00:00.21 . Memory (MB): peak = 2071.656 ; gain = 0.000 ; free physical = 27953 ; free virtual = 32065
INFO: [v++ 60-1443] [12:53:07] Run run_link: Step vpl: Started
INFO: [v++ 60-1453] Command Line: vpl -t hw -f /home/mdu/Desktop/first_proj/xilinx_zc706_base/platform_repo/xilinx_zc706_base_202120_1/export/xilinx_zc706_base_202120_1/xilinx_zc706_base_202120_1.xpfm --remote_ip_cache /home/mdu/Desktop/first_proj/xilinx_zc706_base/vitis/matmul_system_hw_link/Hardware/.ipcache -s --output_dir /home/mdu/Desktop/first_proj/xilinx_zc706_base/vitis/matmul_system_hw_link/Hardware/binary_container_1.build/link/int --log_dir /home/mdu/Desktop/first_proj/xilinx_zc706_base/vitis/matmul_system_hw_link/Hardware/binary_container_1.build/logs/link --report_dir /home/mdu/Desktop/first_proj/xilinx_zc706_base/vitis/matmul_system_hw_link/Hardware/binary_container_1.build/reports/link --config /home/mdu/Desktop/first_proj/xilinx_zc706_base/vitis/matmul_system_hw_link/Hardware/binary_container_1.build/link/int/vplConfig.ini -k /home/mdu/Desktop/first_proj/xilinx_zc706_base/vitis/matmul_system_hw_link/Hardware/binary_container_1.build/link/int/kernel_info.dat --webtalk_flag Vitis --temp_dir /home/mdu/Desktop/first_proj/xilinx_zc706_base/vitis/matmul_system_hw_link/Hardware/binary_container_1.build/link --no-info --iprepo /home/mdu/Desktop/first_proj/xilinx_zc706_base/vitis/matmul_system_hw_link/Hardware/binary_container_1.build/link/int/xo/ip_repo/xilinx_com_hls_matmul_1_0 --messageDb /home/mdu/Desktop/first_proj/xilinx_zc706_base/vitis/matmul_system_hw_link/Hardware/binary_container_1.build/link/run_link/vpl.pb /home/mdu/Desktop/first_proj/xilinx_zc706_base/vitis/matmul_system_hw_link/Hardware/binary_container_1.build/link/int/dr.bd.tcl
INFO: [v++ 60-1454] Run Directory: /home/mdu/Desktop/first_proj/xilinx_zc706_base/vitis/matmul_system_hw_link/Hardware/binary_container_1.build/link/run_link

****** vpl v2021.2 (64-bit)
  **** SW Build 3363252 on 2021-10-14-04:41:01
    ** Copyright 1986-2020 Xilinx, Inc. All Rights Reserved.

INFO: [VPL 60-839] Read in kernel information from file '/home/mdu/Desktop/first_proj/xilinx_zc706_base/vitis/matmul_system_hw_link/Hardware/binary_container_1.build/link/int/kernel_info.dat'.
INFO: [VPL 60-423]   Target device: xilinx_zc706_base_202120_1
INFO: [VPL 60-1032] Extracting hardware platform to /home/mdu/Desktop/first_proj/xilinx_zc706_base/vitis/matmul_system_hw_link/Hardware/binary_container_1.build/link/vivado/vpl/.local/hw_platform
[12:53:29] Run vpl: Step create_project: Started
Creating Vivado project.
[12:53:39] Run vpl: Step create_project: Completed
[12:53:39] Run vpl: Step create_bd: Started
[12:53:47] Run vpl: Step create_bd: Completed
[12:53:47] Run vpl: Step update_bd: Started
[12:53:48] Run vpl: Step update_bd: Completed
[12:53:48] Run vpl: Step generate_target: Started
[12:54:27] Run vpl: Step generate_target: Completed
[12:54:27] Run vpl: Step config_hw_runs: Started
[12:54:30] Run vpl: Step config_hw_runs: Completed
[12:54:30] Run vpl: Step synth: Started
[12:55:02] Block-level synthesis in progress, 0 of 20 jobs complete, 4 jobs running.
[12:55:32] Block-level synthesis in progress, 0 of 20 jobs complete, 4 jobs running.
[12:56:02] Block-level synthesis in progress, 4 of 20 jobs complete, 4 jobs running.
[12:56:32] Block-level synthesis in progress, 4 of 20 jobs complete, 4 jobs running.
[12:57:02] Block-level synthesis in progress, 8 of 20 jobs complete, 3 jobs running.
[12:57:32] Block-level synthesis in progress, 8 of 20 jobs complete, 4 jobs running.
[12:58:02] Block-level synthesis in progress, 11 of 20 jobs complete, 3 jobs running.
[12:58:32] Block-level synthesis in progress, 13 of 20 jobs complete, 3 jobs running.
[12:59:02] Block-level synthesis in progress, 14 of 20 jobs complete, 3 jobs running.
[12:59:33] Block-level synthesis in progress, 15 of 20 jobs complete, 3 jobs running.
[13:00:03] Block-level synthesis in progress, 18 of 20 jobs complete, 2 jobs running.
[13:00:33] Block-level synthesis in progress, 20 of 20 jobs complete, 0 jobs running.
[13:01:03] Top-level synthesis in progress.
[13:01:26] Run vpl: Step synth: Completed
[13:01:26] Run vpl: Step impl: Started
[13:02:26] Finished 2nd of 6 tasks (FPGA linking synthesized kernels to platform). Elapsed time: 00h 09m 17s 

[13:02:26] Starting logic optimization..
[13:02:56] Phase 1 Retarget
[13:02:56] Phase 2 Constant propagation
[13:02:56] Phase 3 Sweep
[13:02:56] Phase 4 BUFG optimization
[13:02:56] Phase 5 Shift Register Optimization
[13:02:56] Phase 6 Post Processing Netlist
[13:02:56] Finished 3rd of 6 tasks (FPGA logic optimization). Elapsed time: 00h 00m 30s 

[13:02:56] Starting logic placement..
[13:02:56] Phase 1 Placer Initialization
[13:02:56] Phase 1.1 Placer Initialization Netlist Sorting
[13:02:56] Phase 1.2 IO Placement/ Clock Placement/ Build Placer Device
[13:02:56] Phase 1.3 Build Placer Netlist Model
[13:02:56] Phase 1.4 Constrain Clocks/Macros
[13:02:56] Phase 2 Global Placement
[13:02:56] Phase 2.1 Floorplanning
[13:02:56] Phase 2.2 Update Timing before SLR Path Opt
[13:02:56] Phase 2.3 Post-Processing in Floorplanning
[13:02:56] Phase 2.4 Global Placement Core
[13:03:27] Finished 4th of 6 tasks (FPGA logic placement). Elapsed time: 00h 00m 30s 

[13:03:27] Starting logic routing..
[13:03:27] Phase 1 Build RT Design
[13:03:27] Phase 2.4.1 Physical Synthesis In Placer
[13:03:27] Phase 3 Detail Placement
[13:03:27] Phase 3.1 Commit Multi Column Macros
[13:03:27] Phase 3.2 Commit Most Macros & LUTRAMs
[13:03:27] Phase 3.3 Area Swap Optimization
[13:03:27] Phase 3.4 Pipeline Register Optimization
[13:03:27] Phase 3.5 Small Shape Detail Placement
[13:03:27] Phase 3.6 Re-assign LUT pins
[13:03:27] Phase 3.7 Pipeline Register Optimization
[13:03:27] Phase 4 Post Placement Optimization and Clean-Up
[13:03:27] Phase 4.1 Post Commit Optimization
[13:03:27] Phase 4.1.1 Post Placement Optimization
[13:03:27] Phase 4.1.1.1 BUFG Insertion
[13:03:27] Phase 1 Physical Synthesis Initialization
[13:03:27] Phase 4.1.1.2 Post Placement Timing Optimization
[13:03:27] Phase 4.2 Post Placement Cleanup
[13:03:27] Phase 4.3 Placer Reporting
[13:03:27] Phase 4.3.1 Print Estimated Congestion
[13:03:27] Phase 4.4 Final Placement Cleanup
[13:04:57] Phase 2 Router Initialization
[13:04:57] Phase 2.1 Create Timer
[13:04:57] Phase 2.2 Fix Topology Constraints
[13:04:57] Phase 2.3 Pre Route Cleanup
[13:05:27] Phase 2.4 Update Timing
[13:05:27] Phase 3 Initial Routing
[13:05:27] Phase 3.1 Global Routing
[13:05:27] Phase 4 Rip-up And Reroute
[13:05:27] Phase 4.1 Global Iteration 0
[13:05:27] Phase 5 Delay and Skew Optimization
[13:05:27] Phase 5.1 Delay CleanUp
[13:05:27] Phase 5.2 Clock Skew Optimization
[13:05:27] Phase 6 Post Hold Fix
[13:05:27] Phase 6.1 Hold Fix Iter
[13:05:27] Phase 6.1.1 Update Timing
[13:05:27] Phase 7 Route finalize
[13:05:27] Phase 8 Verifying routed nets
[13:05:27] Phase 9 Depositing Routes
[13:05:27] Phase 10 Post Router Timing
[13:05:27] Finished 5th of 6 tasks (FPGA routing). Elapsed time: 00h 02m 00s 

[13:05:27] Starting bitstream generation..
[13:05:57] Creating bitmap...
[13:05:57] Writing bitstream ./xilinx_zc706_base_wrapper.bit...
[13:05:57] Finished 6th of 6 tasks (FPGA bitstream generation). Elapsed time: 00h 00m 30s 
[13:05:58] Run vpl: Step impl: Completed
[13:05:59] Run vpl: FINISHED. Run Status: impl Complete!
INFO: [v++ 60-1441] [13:05:59] Run run_link: Step vpl: Completed
Time (s): cpu = 00:00:09 ; elapsed = 00:12:52 . Memory (MB): peak = 2071.656 ; gain = 0.000 ; free physical = 25680 ; free virtual = 31209
INFO: [v++ 60-1443] [13:05:59] Run run_link: Step rtdgen: Started
INFO: [v++ 60-1453] Command Line: rtdgen
INFO: [v++ 60-1454] Run Directory: /home/mdu/Desktop/first_proj/xilinx_zc706_base/vitis/matmul_system_hw_link/Hardware/binary_container_1.build/link/run_link
INFO: [v++ 60-1453] Command Line: cf2sw -a /home/mdu/Desktop/first_proj/xilinx_zc706_base/vitis/matmul_system_hw_link/Hardware/binary_container_1.build/link/int/address_map.xml -sdsl /home/mdu/Desktop/first_proj/xilinx_zc706_base/vitis/matmul_system_hw_link/Hardware/binary_container_1.build/link/int/sdsl.dat -xclbin /home/mdu/Desktop/first_proj/xilinx_zc706_base/vitis/matmul_system_hw_link/Hardware/binary_container_1.build/link/int/xclbin_orig.xml -rtd /home/mdu/Desktop/first_proj/xilinx_zc706_base/vitis/matmul_system_hw_link/Hardware/binary_container_1.build/link/int/binary_container_1.rtd -o /home/mdu/Desktop/first_proj/xilinx_zc706_base/vitis/matmul_system_hw_link/Hardware/binary_container_1.build/link/int/binary_container_1.xml
INFO: [v++ 60-1652] Cf2sw returned exit code: 0
INFO: [v++ 60-1441] [13:06:02] Run run_link: Step rtdgen: Completed
Time (s): cpu = 00:00:03 ; elapsed = 00:00:03 . Memory (MB): peak = 2071.656 ; gain = 0.000 ; free physical = 26444 ; free virtual = 31974
INFO: [v++ 60-1443] [13:06:02] Run run_link: Step xclbinutil: Started
INFO: [v++ 60-1453] Command Line: xclbinutil --add-section BITSTREAM:RAW:/home/mdu/Desktop/first_proj/xilinx_zc706_base/vitis/matmul_system_hw_link/Hardware/binary_container_1.build/link/int/system.bit --force --target hw --key-value SYS:dfx_enable:false --add-section :JSON:/home/mdu/Desktop/first_proj/xilinx_zc706_base/vitis/matmul_system_hw_link/Hardware/binary_container_1.build/link/int/binary_container_1.rtd --add-section CLOCK_FREQ_TOPOLOGY:JSON:/home/mdu/Desktop/first_proj/xilinx_zc706_base/vitis/matmul_system_hw_link/Hardware/binary_container_1.build/link/int/binary_container_1_xml.rtd --add-section BUILD_METADATA:JSON:/home/mdu/Desktop/first_proj/xilinx_zc706_base/vitis/matmul_system_hw_link/Hardware/binary_container_1.build/link/int/binary_container_1_build.rtd --add-section EMBEDDED_METADATA:RAW:/home/mdu/Desktop/first_proj/xilinx_zc706_base/vitis/matmul_system_hw_link/Hardware/binary_container_1.build/link/int/binary_container_1.xml --add-section SYSTEM_METADATA:RAW:/home/mdu/Desktop/first_proj/xilinx_zc706_base/vitis/matmul_system_hw_link/Hardware/binary_container_1.build/link/int/systemDiagramModelSlrBaseAddress.json --key-value SYS:PlatformVBNV:xilinx.com_xd_xilinx_zc706_base_202120_1_202120_1 --output /home/mdu/Desktop/first_proj/xilinx_zc706_base/vitis/matmul_system_hw_link/Hardware/binary_container_1.xclbin
INFO: [v++ 60-1454] Run Directory: /home/mdu/Desktop/first_proj/xilinx_zc706_base/vitis/matmul_system_hw_link/Hardware/binary_container_1.build/link/run_link
XRT Build Version: 2.12.0 (Vitis)
       Build Date: 2021-08-25 21:54:07
          Hash ID: fd8487c065ba77b7e2d8f160f1d53acd8724a1ea
Creating a default 'in-memory' xclbin image.

Section: 'BITSTREAM'(0) was successfully added.
Size   : 13321525 bytes
Format : RAW
File   : '/home/mdu/Desktop/first_proj/xilinx_zc706_base/vitis/matmul_system_hw_link/Hardware/binary_container_1.build/link/int/system.bit'

Section: 'MEM_TOPOLOGY'(6) was successfully added.
Format : JSON
File   : 'mem_topology'

Section: 'IP_LAYOUT'(8) was successfully added.
Format : JSON
File   : 'ip_layout'

Section: 'CONNECTIVITY'(7) was successfully added.
Format : JSON
File   : 'connectivity'
WARNING: Skipping CLOCK_FREQ_TOPOLOGY section for count size is zero.
WARNING: Section 'CLOCK_FREQ_TOPOLOGY' content is empty.  No data in the given JSON file.

Section: 'CLOCK_FREQ_TOPOLOGY'(11) was empty.  No action taken.
Format : JSON
File   : '/home/mdu/Desktop/first_proj/xilinx_zc706_base/vitis/matmul_system_hw_link/Hardware/binary_container_1.build/link/int/binary_container_1_xml.rtd'

Section: 'BUILD_METADATA'(14) was successfully added.
Size   : 2468 bytes
Format : JSON
File   : '/home/mdu/Desktop/first_proj/xilinx_zc706_base/vitis/matmul_system_hw_link/Hardware/binary_container_1.build/link/int/binary_container_1_build.rtd'

Section: 'EMBEDDED_METADATA'(2) was successfully added.
Size   : 4449 bytes
Format : RAW
File   : '/home/mdu/Desktop/first_proj/xilinx_zc706_base/vitis/matmul_system_hw_link/Hardware/binary_container_1.build/link/int/binary_container_1.xml'

Section: 'SYSTEM_METADATA'(22) was successfully added.
Size   : 8832 bytes
Format : RAW
File   : '/home/mdu/Desktop/first_proj/xilinx_zc706_base/vitis/matmul_system_hw_link/Hardware/binary_container_1.build/link/int/systemDiagramModelSlrBaseAddress.json'
Successfully wrote (13344515 bytes) to the output file: /home/mdu/Desktop/first_proj/xilinx_zc706_base/vitis/matmul_system_hw_link/Hardware/binary_container_1.xclbin
Leaving xclbinutil.
INFO: [v++ 60-1441] [13:06:04] Run run_link: Step xclbinutil: Completed
Time (s): cpu = 00:00:02 ; elapsed = 00:00:02 . Memory (MB): peak = 2071.656 ; gain = 0.000 ; free physical = 26433 ; free virtual = 31976
INFO: [v++ 60-1443] [13:06:04] Run run_link: Step xclbinutilinfo: Started
INFO: [v++ 60-1453] Command Line: xclbinutil --quiet --force --info /home/mdu/Desktop/first_proj/xilinx_zc706_base/vitis/matmul_system_hw_link/Hardware/binary_container_1.xclbin.info --input /home/mdu/Desktop/first_proj/xilinx_zc706_base/vitis/matmul_system_hw_link/Hardware/binary_container_1.xclbin
INFO: [v++ 60-1454] Run Directory: /home/mdu/Desktop/first_proj/xilinx_zc706_base/vitis/matmul_system_hw_link/Hardware/binary_container_1.build/link/run_link
INFO: [v++ 60-1441] [13:06:06] Run run_link: Step xclbinutilinfo: Completed
Time (s): cpu = 00:00:02 ; elapsed = 00:00:02 . Memory (MB): peak = 2071.656 ; gain = 0.000 ; free physical = 26431 ; free virtual = 31975
INFO: [v++ 60-1443] [13:06:06] Run run_link: Step generate_sc_driver: Started
INFO: [v++ 60-1453] Command Line: 
INFO: [v++ 60-1454] Run Directory: /home/mdu/Desktop/first_proj/xilinx_zc706_base/vitis/matmul_system_hw_link/Hardware/binary_container_1.build/link/run_link
INFO: [v++ 60-1441] [13:06:06] Run run_link: Step generate_sc_driver: Completed
Time (s): cpu = 00:00:00 ; elapsed = 00:00:00.01 . Memory (MB): peak = 2071.656 ; gain = 0.000 ; free physical = 26431 ; free virtual = 31975
INFO: [v++ 60-244] Generating system estimate report...
INFO: [v++ 60-1092] Generated system estimate report: /home/mdu/Desktop/first_proj/xilinx_zc706_base/vitis/matmul_system_hw_link/Hardware/binary_container_1.build/reports/link/system_estimate_binary_container_1.xtxt
INFO: [v++ 60-2397] Platform default or user specified output type sd_card detected but is not a supported output for v++ --link. Use the v++ --package option instead to create SD card output.
INFO: [v++ 60-586] Created binary_container_1.xclbin
INFO: [v++ 60-1307] Run completed. Additional information can be found in:
	Timing Report: /home/mdu/Desktop/first_proj/xilinx_zc706_base/vitis/matmul_system_hw_link/Hardware/binary_container_1.build/reports/link/imp/impl_1_xilinx_zc706_base_wrapper_timing_summary_routed.rpt
	Vivado Log: /home/mdu/Desktop/first_proj/xilinx_zc706_base/vitis/matmul_system_hw_link/Hardware/binary_container_1.build/logs/link/vivado.log
	Steps Log File: /home/mdu/Desktop/first_proj/xilinx_zc706_base/vitis/matmul_system_hw_link/Hardware/binary_container_1.build/logs/link/link.steps.log

INFO: [v++ 60-2343] Use the vitis_analyzer tool to visualize and navigate the relevant reports. Run the following command. 
    vitis_analyzer /home/mdu/Desktop/first_proj/xilinx_zc706_base/vitis/matmul_system_hw_link/Hardware/binary_container_1.xclbin.link_summary 
INFO: [v++ 60-791] Total elapsed time: 0h 13m 32s
INFO: [v++ 60-1653] Closing dispatch client.
