Thu Jun 16 11:09:03 2022: Running xcd server. This server was built by gradle.
Thu Jun 16 11:09:03 2022: Server was asked to start on port: '34959'
Thu Jun 16 11:09:03 2022: Server is using token UUID: '3e4a9a9d-8f26-4dc2-9f39-b1f79e44e42c'
Thu Jun 16 11:09:03 2022: SESSION_MGR: creating session with session uuid: '6d04a3e9-ade5-4ab9-8d63-1f78fcd2ec76' and name 'default'
Thu Jun 16 11:09:03 2022: Attempting to start server on port '34959'
Thu Jun 16 11:09:03 2022: XCD main fifo: created main fifo '/tmp/xcdmain3e4a9a9d-8f26-4dc2-9f39-b1f79e44e42c', fd read = 14
Thu Jun 16 11:09:03 2022: Running Dispatch Server
Thu Jun 16 11:09:03 2022: Version 2.2.0
Thu Jun 16 11:09:12 2022: Dispatch Server: Accepted socket connection from client
Thu Jun 16 11:09:12 2022: Starting Socket connection
Thu Jun 16 11:09:12 2022: EXCHANGE_TOKEN received, server token: 3e4a9a9d-8f26-4dc2-9f39-b1f79e44e42c, passed token: 3e4a9a9d-8f26-4dc2-9f39-b1f79e44e42c
Thu Jun 16 11:09:13 2022: DISPATCH_HANDLER: Adding handler from function makeHandler in library libxv_system_diagram
Thu Jun 16 11:09:13 2022: SESSION_MGR: creating session with session uuid: '328892f8-a3ba-4015-a719-78c760807069' and name 'matmul'
Thu Jun 16 11:09:13 2022: KERNEL_SVC: creating session with uuid: '328892f8-a3ba-4015-a719-78c760807069' and name 'matmul'
Thu Jun 16 11:09:13 2022: GUIDANCE_SMGR: creating guidance session with uuid: '328892f8-a3ba-4015-a719-78c760807069' and name 'matmul'
Thu Jun 16 11:09:13 2022: SYSTEM_DIAGRAM: creating session with uuid: '328892f8-a3ba-4015-a719-78c760807069' and name 'matmul'
Thu Jun 16 11:10:11 2022: SESSION_MGR: closing session for UUID '328892f8-a3ba-4015-a719-78c760807069' with name 'matmul'
Thu Jun 16 11:10:11 2022: KERNEL_SVC: closing session for UUID '328892f8-a3ba-4015-a719-78c760807069' with name 'matmul'
Thu Jun 16 11:10:11 2022: GUIDANCE_SMGR: closing session for UUID '328892f8-a3ba-4015-a719-78c760807069' with name 'matmul'
Thu Jun 16 11:10:11 2022: SYSTEM_DIAGRAM: closing session for UUID '328892f8-a3ba-4015-a719-78c760807069' with name 'matmul'
Thu Jun 16 16:04:44 2022: Running xcd server. This server was built by gradle.
Thu Jun 16 16:04:44 2022: Server was asked to start on port: '38549'
Thu Jun 16 16:04:44 2022: Server is using token UUID: '04a29359-b0e2-4244-9043-2e93233039de'
Thu Jun 16 16:04:44 2022: SESSION_MGR: creating session with session uuid: '6d04a3e9-ade5-4ab9-8d63-1f78fcd2ec76' and name 'default'
Thu Jun 16 16:04:44 2022: Attempting to start server on port '38549'
Thu Jun 16 16:04:44 2022: XCD main fifo: created main fifo '/tmp/xcdmain04a29359-b0e2-4244-9043-2e93233039de', fd read = 13
Thu Jun 16 16:04:44 2022: Running Dispatch Server
Thu Jun 16 16:04:44 2022: Version 2.2.0
Thu Jun 16 16:04:52 2022: Dispatch Server: Accepted socket connection from client
Thu Jun 16 16:04:52 2022: Starting Socket connection
Thu Jun 16 16:04:52 2022: EXCHANGE_TOKEN received, server token: 04a29359-b0e2-4244-9043-2e93233039de, passed token: 04a29359-b0e2-4244-9043-2e93233039de
Thu Jun 16 16:04:54 2022: DISPATCH_HANDLER: Adding handler from function makeHandler in library libxv_system_diagram
Thu Jun 16 16:04:54 2022: SESSION_MGR: creating session with session uuid: 'bbdecd8b-d8f4-419b-8113-32a3fef64cce' and name 'matmul'
Thu Jun 16 16:04:54 2022: KERNEL_SVC: creating session with uuid: 'bbdecd8b-d8f4-419b-8113-32a3fef64cce' and name 'matmul'
Thu Jun 16 16:04:54 2022: GUIDANCE_SMGR: creating guidance session with uuid: 'bbdecd8b-d8f4-419b-8113-32a3fef64cce' and name 'matmul'
Thu Jun 16 16:04:54 2022: SYSTEM_DIAGRAM: creating session with uuid: 'bbdecd8b-d8f4-419b-8113-32a3fef64cce' and name 'matmul'
Thu Jun 16 16:05:45 2022: SESSION_MGR: closing session for UUID 'bbdecd8b-d8f4-419b-8113-32a3fef64cce' with name 'matmul'
Thu Jun 16 16:05:45 2022: KERNEL_SVC: closing session for UUID 'bbdecd8b-d8f4-419b-8113-32a3fef64cce' with name 'matmul'
Thu Jun 16 16:05:45 2022: GUIDANCE_SMGR: closing session for UUID 'bbdecd8b-d8f4-419b-8113-32a3fef64cce' with name 'matmul'
Thu Jun 16 16:05:45 2022: SYSTEM_DIAGRAM: closing session for UUID 'bbdecd8b-d8f4-419b-8113-32a3fef64cce' with name 'matmul'
Fri Jun 24 10:49:00 2022: Running xcd server. This server was built by gradle.
Fri Jun 24 10:49:00 2022: Server was asked to start on port: '45067'
Fri Jun 24 10:49:00 2022: Server is using token UUID: '18dfb84a-d860-4779-9eeb-c510c45e9c96'
Fri Jun 24 10:49:00 2022: SESSION_MGR: creating session with session uuid: '6d04a3e9-ade5-4ab9-8d63-1f78fcd2ec76' and name 'default'
Fri Jun 24 10:49:00 2022: Attempting to start server on port '45067'
Fri Jun 24 10:49:00 2022: XCD main fifo: created main fifo '/tmp/xcdmain18dfb84a-d860-4779-9eeb-c510c45e9c96', fd read = 14
Fri Jun 24 10:49:00 2022: Running Dispatch Server
Fri Jun 24 10:49:00 2022: Version 2.2.0
Fri Jun 24 10:49:09 2022: Dispatch Server: Accepted socket connection from client
Fri Jun 24 10:49:09 2022: Starting Socket connection
Fri Jun 24 10:49:09 2022: EXCHANGE_TOKEN received, server token: 18dfb84a-d860-4779-9eeb-c510c45e9c96, passed token: 18dfb84a-d860-4779-9eeb-c510c45e9c96
Fri Jun 24 10:49:11 2022: DISPATCH_HANDLER: Adding handler from function makeHandler in library libxv_system_diagram
Fri Jun 24 10:49:11 2022: SESSION_MGR: creating session with session uuid: '91266033-669e-4be2-8b25-1a5813990acf' and name 'matmul'
Fri Jun 24 10:49:11 2022: KERNEL_SVC: creating session with uuid: '91266033-669e-4be2-8b25-1a5813990acf' and name 'matmul'
Fri Jun 24 10:49:11 2022: GUIDANCE_SMGR: creating guidance session with uuid: '91266033-669e-4be2-8b25-1a5813990acf' and name 'matmul'
Fri Jun 24 10:49:11 2022: SYSTEM_DIAGRAM: creating session with uuid: '91266033-669e-4be2-8b25-1a5813990acf' and name 'matmul'
Fri Jun 24 10:50:18 2022: SESSION_MGR: closing session for UUID '91266033-669e-4be2-8b25-1a5813990acf' with name 'matmul'
Fri Jun 24 10:50:18 2022: KERNEL_SVC: closing session for UUID '91266033-669e-4be2-8b25-1a5813990acf' with name 'matmul'
Fri Jun 24 10:50:18 2022: GUIDANCE_SMGR: closing session for UUID '91266033-669e-4be2-8b25-1a5813990acf' with name 'matmul'
Fri Jun 24 10:50:18 2022: SYSTEM_DIAGRAM: closing session for UUID '91266033-669e-4be2-8b25-1a5813990acf' with name 'matmul'
